Building DAG of jobs...
Using shell: /usr/bin/bash
Provided cluster nodes: 16
Job stats:
job                 count    min threads    max threads
----------------  -------  -------------  -------------
all                     1              1              1
dataset_metadata        1              1              1
neo_dump                1              1              1
neo_export              1              1              1
neo_index               1              1              1
tdb_load                1              1              1
tdb_zip                 1              1              1
total                   7              1              1

Select jobs to execute...

[Wed Apr 24 18:36:22 2024]
rule dataset_metadata:
    input: /home/data/knetminer/pub/endpoints/cereals-dummy/1/tmp/knowledge-graph-uris.oxl
    output: /home/data/knetminer/pub/endpoints/cereals-dummy/1/knowledge-graph-annotated.oxl, /home/data/knetminer/pub/endpoints/cereals-dummy/1/rdf/knowledge-graph-metadata.ttl
    jobid: 1
    resources: tmpdir=/tmp

Submitted job 1 with external jobid 'Submitted batch job 328746'.
[Wed Apr 24 18:37:12 2024]
Finished job 1.
1 of 7 steps (14%) done
Select jobs to execute...

[Wed Apr 24 18:37:12 2024]
rule tdb_load:
    input: /home/data/knetminer/pub/endpoints/cereals-dummy/1/rdf/knowledge-graph.ttl.bz2, /home/data/knetminer/pub/endpoints/cereals-dummy/1/rdf/knowledge-graph-metadata.ttl
    output: /home/data/knetminer/pub/endpoints/cereals-dummy/1/tmp/tdb, /home/data/knetminer/pub/endpoints/cereals-dummy/1/rdf/ontologies
    jobid: 4
    resources: tmpdir=/tmp

Submitted job 4 with external jobid 'Submitted batch job 328747'.
[Wed Apr 24 18:38:22 2024]
Finished job 4.
2 of 7 steps (29%) done
Select jobs to execute...

[Wed Apr 24 18:38:22 2024]
rule neo_export:
    input: /home/data/knetminer/pub/endpoints/cereals-dummy/1/tmp/tdb
    output: /home/data/knetminer/pub/endpoints/cereals-dummy/1/tmp/neo-export.flag
    jobid: 8
    resources: tmpdir=/tmp

Submitted job 8 with external jobid 'Submitted batch job 328748'.

[Wed Apr 24 18:38:22 2024]
rule tdb_zip:
    input: /home/data/knetminer/pub/endpoints/cereals-dummy/1/tmp/tdb
    output: /home/data/knetminer/pub/endpoints/cereals-dummy/1/rdf/tdb.tar.bz2
    jobid: 5
    resources: tmpdir=/tmp

Submitted job 5 with external jobid 'Submitted batch job 328749'.
[Wed Apr 24 18:39:02 2024]
Finished job 5.
3 of 7 steps (43%) done
[Wed Apr 24 18:39:52 2024]
Finished job 8.
4 of 7 steps (57%) done
Select jobs to execute...

[Wed Apr 24 18:39:53 2024]
rule neo_index:
    input: /home/data/knetminer/pub/endpoints/cereals-dummy/1/tmp/neo-export.flag, /home/data/knetminer/pub/endpoints/cereals-dummy/1/knowledge-graph-annotated.oxl
    output: /home/data/knetminer/pub/endpoints/cereals-dummy/1/tmp/neo-index.flag
    jobid: 7
    resources: tmpdir=/tmp

Submitted job 7 with external jobid 'Submitted batch job 328751'.
[Wed Apr 24 18:41:03 2024]
Finished job 7.
5 of 7 steps (71%) done
Select jobs to execute...

[Wed Apr 24 18:41:03 2024]
rule neo_dump:
    input: /home/data/knetminer/pub/endpoints/cereals-dummy/1/tmp/neo-index.flag
    output: /home/data/knetminer/pub/endpoints/cereals-dummy/1/neo4j-5.16.0.dump
    jobid: 6
    resources: tmpdir=/tmp

Submitted job 6 with external jobid 'Submitted batch job 328752'.
[Wed Apr 24 18:53:05 2024]
Finished job 6.
6 of 7 steps (86%) done
Select jobs to execute...

[Wed Apr 24 18:53:05 2024]
localrule all:
    input: /home/data/knetminer/pub/endpoints/cereals-dummy/1/knowledge-graph-annotated.oxl, /home/data/knetminer/pub/endpoints/cereals-dummy/1/rdf/knowledge-graph.ttl.bz2, /home/data/knetminer/pub/endpoints/cereals-dummy/1/rdf/ontologies, /home/data/knetminer/pub/endpoints/cereals-dummy/1/rdf/knowledge-graph-metadata.ttl, /home/data/knetminer/pub/endpoints/cereals-dummy/1/tmp/tdb, /home/data/knetminer/pub/endpoints/cereals-dummy/1/rdf/tdb.tar.bz2, /home/data/knetminer/pub/endpoints/cereals-dummy/1/neo4j-5.16.0.dump
    jobid: 0
    resources: tmpdir=/tmp

[Wed Apr 24 18:53:05 2024]
Finished job 0.
7 of 7 steps (100%) done
Complete log: /home/data/knetminer/software/knetminer-backend/rres-endpoints/.snakemake/log/2024-04-24T183607.728296.snakemake.log
