Building DAG of jobs...
Using shell: /usr/bin/bash
Provided cluster nodes: 16
Job stats:
job                 count    min threads    max threads
----------------  -------  -------------  -------------
add_uris                1              1              1
all                     1              1              1
dataset_metadata        1              1              1
neo_dump                1              1              1
neo_export              1              1              1
neo_index               1              1              1
rdf_export              1              1              1
tdb_load                1              1              1
tdb_zip                 1              1              1
total                   9              1              1

Select jobs to execute...

[Wed Apr 24 17:27:36 2024]
rule add_uris:
    input: /home/data/knetminer/etl-test/cereals-dummy/cereals-dummy-1.oxl
    output: /home/data/knetminer/pub/endpoints/cereals-dummy/1/tmp/knowledge-graph-uris.oxl
    jobid: 2
    resources: tmpdir=/tmp

Submitted job 2 with external jobid 'Submitted batch job 328727'.
[Wed Apr 24 17:28:14 2024]
Finished job 2.
1 of 9 steps (11%) done
Select jobs to execute...

[Wed Apr 24 17:28:14 2024]
rule dataset_metadata:
    input: /home/data/knetminer/pub/endpoints/cereals-dummy/1/tmp/knowledge-graph-uris.oxl
    output: /home/data/knetminer/pub/endpoints/cereals-dummy/1/knowledge-graph-annotated.oxl, /home/data/knetminer/pub/endpoints/cereals-dummy/1/rdf/knowledge-graph-metadata.ttl
    jobid: 1
    resources: tmpdir=/tmp

Submitted job 1 with external jobid 'Submitted batch job 328728'.

[Wed Apr 24 17:28:15 2024]
rule rdf_export:
    input: /home/data/knetminer/pub/endpoints/cereals-dummy/1/tmp/knowledge-graph-uris.oxl
    output: /home/data/knetminer/pub/endpoints/cereals-dummy/1/rdf/knowledge-graph.ttl.bz2
    jobid: 3
    resources: tmpdir=/tmp

Submitted job 3 with external jobid 'Submitted batch job 328729'.
[Wed Apr 24 17:28:54 2024]
Error in rule dataset_metadata:
    jobid: 1
    output: /home/data/knetminer/pub/endpoints/cereals-dummy/1/knowledge-graph-annotated.oxl, /home/data/knetminer/pub/endpoints/cereals-dummy/1/rdf/knowledge-graph-metadata.ttl
    shell:
        ./endpoint-steps/create-dataset-metadata.sh "/home/data/knetminer/pub/endpoints/cereals-dummy/1/tmp/knowledge-graph-uris.oxl" "/home/data/knetminer/pub/endpoints/cereals-dummy/1/knowledge-graph-annotated.oxl" "/home/data/knetminer/pub/endpoints/cereals-dummy/1/rdf/knowledge-graph-metadata.ttl"
        (one of the commands exited with non-zero exit code; note that snakemake uses bash strict mode!)
    cluster_jobid: Submitted batch job 328728

Error executing rule dataset_metadata on cluster (jobid: 1, external: Submitted batch job 328728, jobscript: /home/data/knetminer/software/knetminer-backend/rres-endpoints/.snakemake/tmp.pg985byu/snakejob.dataset_metadata.1.sh). For error details see the cluster log and the log files of the involved rule(s).
[Wed Apr 24 17:29:04 2024]
Finished job 3.
2 of 9 steps (22%) done
Shutting down, this might take some time.
Exiting because a job execution failed. Look above for error message
Complete log: /home/data/knetminer/software/knetminer-backend/rres-endpoints/.snakemake/log/2024-04-24T172725.097077.snakemake.log
