Building DAG of jobs...
Using shell: /usr/bin/bash
Provided cores: 16
Rules claiming more threads will be scaled down.
Select jobs to execute...

[Wed Apr 24 18:41:38 2024]
rule neo_dump:
    input: /home/data/knetminer/pub/endpoints/cereals-dummy/1/tmp/neo-index.flag
    output: /home/data/knetminer/pub/endpoints/cereals-dummy/1/neo4j-5.16.0.dump
    jobid: 0
    resources: mem_mb=1000, disk_mb=1000, tmpdir=/tmp



  Waiting before stopping Neo4j


	Stopping Neo4j


  *** IMPORTANT ****
  
  We're using Neo4j through SLURM and it seems Neo4j needs
  one more restart with a long pause before the final shutdown, 
  to complete transactions.
  
  So, now we will wait 10m before stopping Neo again.
  
  If you see problems with the dump command, restart Neo manually,
  check "/home/data/knetminer/software/neo4j-community-5.16.0-etl/logs/debug.log" 
  to ensure the server actually restarted, then run the ETL workflow 
  again, to have this hereby script re-running. 


	Starting Neo4j on SLURM


Job submitted to host rothhpc418, ID:328753


	Stopping Neo4j


  Neo4j Dump to '/home/data/knetminer/pub/endpoints/cereals-dummy/1/neo4j-5.16.0.dump'

Picked up JAVA_TOOL_OPTIONS: -Xmx56G
Picked up JAVA_TOOL_OPTIONS: -Xmx56G

Files: 1/343, data:  0.0%
Files: 1/343, data:  0.0%
Files: 2/343, data:  0.0%
Files: 3/343, data:  1.0%
Files: 3/343, data:  2.0%
Files: 3/343, data:  2.5%
Files: 4/343, data:  2.5%
Files: 5/343, data:  2.5%
Files: 6/343, data:  2.6%
Files: 7/343, data:  2.6%
Files: 8/343, data:  2.6%
Files: 9/343, data:  3.0%
Files: 9/343, data:  3.2%
Files: 10/343, data:  3.2%
Files: 11/343, data:  3.2%
Files: 12/343, data:  3.2%
Files: 13/343, data:  3.2%
Files: 14/343, data:  3.4%
Files: 15/343, data:  3.4%
Files: 16/343, data:  3.4%
Files: 17/343, data:  3.6%
Files: 18/343, data:  3.6%
Files: 19/343, data:  3.6%
Files: 20/343, data:  3.6%
Files: 21/343, data:  3.6%
Files: 22/343, data:  3.6%
Files: 23/343, data:  4.0%
Files: 23/343, data:  4.1%
Files: 24/343, data:  4.1%
Files: 25/343, data:  4.1%
Files: 26/343, data:  4.1%
Files: 27/343, data:  4.1%
Files: 28/343, data:  4.1%
Files: 29/343, data:  4.2%
Files: 30/343, data:  4.2%
Files: 31/343, data:  4.2%
Files: 32/343, data:  4.2%
Files: 33/343, data:  4.2%
Files: 34/343, data:  4.3%
Files: 35/343, data:  4.3%
Files: 36/343, data:  4.3%
Files: 37/343, data:  4.3%
Files: 38/343, data:  4.3%
Files: 39/343, data:  4.3%
Files: 40/343, data:  4.3%
Files: 41/343, data:  4.4%
Files: 42/343, data:  4.4%
Files: 43/343, data:  4.5%
Files: 44/343, data:  4.5%
Files: 45/343, data:  4.6%
Files: 46/343, data:  4.6%
Files: 47/343, data:  4.6%
Files: 48/343, data:  4.6%
Files: 49/343, data:  4.6%
Files: 50/343, data:  4.7%
Files: 51/343, data:  4.7%
Files: 52/343, data:  4.7%
Files: 53/343, data:  4.7%
Files: 54/343, data:  4.7%
Files: 55/343, data:  4.8%
Files: 56/343, data:  4.8%
Files: 57/343, data:  4.8%
Files: 58/343, data:  4.8%
Files: 59/343, data:  4.8%
Files: 60/343, data:  4.8%
Files: 61/343, data:  4.9%
Files: 62/343, data:  4.9%
Files: 63/343, data:  4.9%
Files: 64/343, data:  4.9%
Files: 65/343, data:  4.9%
Files: 66/343, data:  5.0%
Files: 66/343, data:  5.4%
Files: 67/343, data:  5.4%
Files: 68/343, data:  5.4%
Files: 69/343, data:  5.4%
Files: 70/343, data:  5.4%
Files: 71/343, data:  5.4%
Files: 72/343, data:  5.4%
Files: 73/343, data:  5.5%
Files: 74/343, data:  5.5%
Files: 75/343, data:  5.5%
Files: 76/343, data:  5.5%
Files: 77/343, data:  5.5%
Files: 78/343, data:  5.6%
Files: 79/343, data:  5.8%
Files: 80/343, data:  5.8%
Files: 81/343, data:  5.9%
Files: 82/343, data:  5.9%
Files: 83/343, data:  5.9%
Files: 84/343, data:  5.9%
Files: 85/343, data:  5.9%
Files: 86/343, data:  5.9%
Files: 87/343, data:  6.0%
Files: 87/343, data:  6.0%
Files: 88/343, data:  6.1%
Files: 89/343, data:  6.1%
Files: 90/343, data:  6.1%
Files: 91/343, data:  6.2%
Files: 92/343, data:  6.2%
Files: 93/343, data:  6.2%
Files: 94/343, data:  6.2%
Files: 95/343, data:  6.2%
Files: 96/343, data:  6.2%
Files: 97/343, data:  6.3%
Files: 98/343, data:  6.3%
Files: 99/343, data:  6.3%
Files: 100/343, data:  6.3%
Files: 101/343, data:  6.4%
Files: 102/343, data:  6.4%
Files: 103/343, data:  6.4%
Files: 104/343, data:  6.4%
Files: 105/343, data:  6.4%
Files: 106/343, data:  6.5%
Files: 107/343, data:  6.5%
Files: 108/343, data:  6.6%
Files: 109/343, data:  6.6%
Files: 110/343, data:  6.6%
Files: 111/343, data:  6.6%
Files: 112/343, data:  6.7%
Files: 113/343, data:  6.7%
Files: 114/343, data:  6.7%
Files: 115/343, data:  6.7%
Files: 116/343, data:  6.7%
Files: 117/343, data:  6.7%
Files: 118/343, data:  6.7%
Files: 119/343, data:  6.8%
Files: 120/343, data:  6.8%
Files: 121/343, data:  6.9%
Files: 122/343, data:  7.0%
Files: 123/343, data:  7.0%
Files: 124/343, data:  7.0%
Files: 125/343, data:  7.0%
Files: 125/343, data:  7.0%
Files: 126/343, data:  7.1%
Files: 127/343, data:  7.1%
Files: 128/343, data:  7.1%
Files: 129/343, data:  7.1%
Files: 130/343, data:  7.1%
Files: 131/343, data:  7.1%
Files: 132/343, data:  7.1%
Files: 133/343, data:  7.2%
Files: 134/343, data:  7.2%
Files: 135/343, data:  7.2%
Files: 136/343, data:  7.2%
Files: 137/343, data:  7.2%
Files: 138/343, data:  7.3%
Files: 139/343, data:  7.3%
Files: 140/343, data:  7.3%
Files: 141/343, data:  7.3%
Files: 142/343, data:  7.3%
Files: 143/343, data:  7.3%
Files: 144/343, data:  7.4%
Files: 145/343, data:  7.4%
Files: 146/343, data:  7.5%
Files: 147/343, data:  7.5%
Files: 148/343, data:  7.5%
Files: 149/343, data:  7.6%
Files: 150/343, data:  8.0%
Files: 151/343, data:  8.0%
Files: 151/343, data:  8.1%
Files: 152/343, data:  8.1%
Files: 153/343, data:  8.1%
Files: 154/343, data:  8.1%
Files: 155/343, data:  8.1%
Files: 156/343, data:  8.1%
Files: 157/343, data:  8.2%
Files: 158/343, data:  8.2%
Files: 159/343, data:  8.2%
Files: 160/343, data:  8.2%
Files: 161/343, data:  8.2%
Files: 162/343, data:  8.2%
Files: 163/343, data:  8.6%
Files: 164/343, data:  8.6%
Files: 165/343, data:  8.6%
Files: 166/343, data:  8.6%
Files: 167/343, data:  8.6%
Files: 168/343, data:  8.8%
Files: 169/343, data:  8.8%
Files: 170/343, data:  8.8%
Files: 171/343, data:  8.8%
Files: 172/343, data:  8.8%
Files: 173/343, data:  9.0%
Files: 174/343, data:  9.0%
Files: 174/343, data:  9.2%
Files: 175/343, data:  9.2%
Files: 176/343, data:  9.2%
Files: 177/343, data:  9.2%
Files: 178/343, data:  9.2%
Files: 179/343, data:  9.3%
Files: 180/343, data:  9.3%
Files: 181/343, data:  9.7%
Files: 182/343, data:  9.7%
Files: 183/343, data:  9.7%
Files: 184/343, data:  9.7%
Files: 185/343, data:  9.7%
Files: 186/343, data: 10.0%
Files: 186/343, data: 10.3%
Files: 187/343, data: 10.3%
Files: 188/343, data: 10.3%
Files: 189/343, data: 10.4%
Files: 190/343, data: 10.4%
Files: 191/343, data: 10.4%
Files: 192/343, data: 10.4%
Files: 193/343, data: 10.5%
Files: 194/343, data: 10.5%
Files: 195/343, data: 10.5%
Files: 196/343, data: 10.5%
Files: 197/343, data: 11.0%
Files: 197/343, data: 11.5%
Files: 198/343, data: 11.5%
Files: 199/343, data: 11.5%
Files: 200/343, data: 11.6%
Files: 201/343, data: 11.6%
Files: 202/343, data: 11.8%
Files: 203/343, data: 11.8%
Files: 204/343, data: 11.8%
Files: 205/343, data: 11.9%
Files: 206/343, data: 11.9%
Files: 207/343, data: 12.0%
Files: 208/343, data: 12.0%
Files: 208/343, data: 12.0%
Files: 209/343, data: 12.0%
Files: 210/343, data: 12.0%
Files: 211/343, data: 12.0%
Files: 212/343, data: 12.0%
Files: 213/343, data: 12.1%
Files: 214/343, data: 12.1%
Files: 215/343, data: 12.1%
Files: 216/343, data: 12.1%
Files: 217/343, data: 12.1%
Files: 218/343, data: 12.1%
Files: 219/343, data: 12.2%
Files: 220/343, data: 12.2%
Files: 221/343, data: 12.2%
Files: 222/343, data: 12.2%
Files: 223/343, data: 12.3%
Files: 224/343, data: 12.3%
Files: 225/343, data: 12.4%
Files: 226/343, data: 12.4%
Files: 227/343, data: 12.4%
Files: 228/343, data: 12.4%
Files: 229/343, data: 12.4%
Files: 230/343, data: 12.4%
Files: 231/343, data: 12.5%
Files: 232/343, data: 12.5%
Files: 233/343, data: 12.5%
Files: 234/343, data: 12.5%
Files: 235/343, data: 12.5%
Files: 236/343, data: 12.5%
Files: 237/343, data: 12.6%
Files: 238/343, data: 12.6%
Files: 239/343, data: 12.7%
Files: 240/343, data: 12.7%
Files: 241/343, data: 12.7%
Files: 242/343, data: 12.7%
Files: 243/343, data: 12.7%
Files: 244/343, data: 12.7%
Files: 245/343, data: 12.7%
Files: 246/343, data: 12.8%
Files: 247/343, data: 12.8%
Files: 248/343, data: 12.8%
Files: 249/343, data: 12.8%
Files: 250/343, data: 13.0%
Files: 250/343, data: 13.8%
Files: 251/343, data: 13.8%
Files: 252/343, data: 13.8%
Files: 253/343, data: 13.9%
Files: 254/343, data: 13.9%
Files: 255/343, data: 13.9%
Files: 256/343, data: 13.9%
Files: 257/343, data: 13.9%
Files: 258/343, data: 13.9%
Files: 259/343, data: 13.9%
Files: 260/343, data: 14.0%
Files: 261/343, data: 14.0%
Files: 262/343, data: 14.0%
Files: 262/343, data: 14.0%
Files: 263/343, data: 14.0%
Files: 264/343, data: 14.0%
Files: 265/343, data: 14.1%
Files: 266/343, data: 14.1%
Files: 267/343, data: 14.1%
Files: 268/343, data: 14.1%
Files: 269/343, data: 14.1%
Files: 270/343, data: 14.1%
Files: 271/343, data: 14.1%
Files: 272/343, data: 14.1%
Files: 273/343, data: 14.2%
Files: 274/343, data: 14.3%
Files: 275/343, data: 14.3%
Files: 276/343, data: 14.3%
Files: 277/343, data: 14.3%
Files: 278/343, data: 14.3%
Files: 279/343, data: 14.3%
Files: 280/343, data: 14.3%
Files: 281/343, data: 14.4%
Files: 282/343, data: 14.4%
Files: 283/343, data: 14.4%
Files: 284/343, data: 14.4%
Files: 285/343, data: 15.0%
Files: 285/343, data: 15.0%
Files: 286/343, data: 15.0%
Files: 287/343, data: 15.0%
Files: 288/343, data: 15.0%
Files: 289/343, data: 15.0%
Files: 290/343, data: 15.1%
Files: 291/343, data: 15.1%
Files: 292/343, data: 15.1%
Files: 293/343, data: 15.1%
Files: 294/343, data: 15.1%
Files: 295/343, data: 15.1%
Files: 296/343, data: 15.1%
Files: 297/343, data: 15.1%
Files: 298/343, data: 15.2%
Files: 299/343, data: 15.2%
Files: 300/343, data: 15.2%
Files: 301/343, data: 15.2%
Files: 302/343, data: 15.2%
Files: 303/343, data: 15.2%
Files: 304/343, data: 15.2%
Files: 305/343, data: 15.2%
Files: 306/343, data: 15.2%
Files: 307/343, data: 15.3%
Files: 308/343, data: 15.3%
Files: 309/343, data: 15.3%
Files: 310/343, data: 15.3%
Files: 311/343, data: 15.4%
Files: 312/343, data: 15.4%
Files: 313/343, data: 15.4%
Files: 314/343, data: 15.4%
Files: 315/343, data: 15.4%
Files: 316/343, data: 15.4%
Files: 317/343, data: 15.4%
Files: 318/343, data: 15.5%
Files: 319/343, data: 15.5%
Files: 320/343, data: 15.5%
Files: 321/343, data: 15.7%
Files: 322/343, data: 15.7%
Files: 323/343, data: 15.7%
Files: 324/343, data: 15.7%
Files: 325/343, data: 15.7%
Files: 326/343, data: 15.7%
Files: 327/343, data: 15.7%
Files: 328/343, data: 15.7%
Files: 329/343, data: 15.7%
Files: 330/343, data: 15.7%
Files: 331/343, data: 15.7%
Files: 332/343, data: 15.7%
Files: 333/343, data: 15.7%
Files: 334/343, data: 15.8%
Files: 335/343, data: 16.0%
Files: 335/343, data: 16.9%
Files: 336/343, data: 16.9%
Files: 337/343, data: 16.9%
Files: 338/343, data: 16.9%
Files: 339/343, data: 17.0%
Files: 339/343, data: 18.0%
Files: 339/343, data: 19.0%
Files: 339/343, data: 20.0%
Files: 339/343, data: 21.0%
Files: 339/343, data: 22.0%
Files: 339/343, data: 23.0%
Files: 339/343, data: 23.4%
Files: 340/343, data: 23.4%
Files: 341/343, data: 23.4%
Files: 342/343, data: 24.0%
Files: 342/343, data: 25.0%
Files: 342/343, data: 26.0%
Files: 342/343, data: 27.0%
Files: 342/343, data: 28.0%
Files: 342/343, data: 29.0%
Files: 342/343, data: 30.0%
Files: 342/343, data: 31.0%
Files: 342/343, data: 32.0%
Files: 342/343, data: 33.0%
Files: 342/343, data: 34.0%
Files: 342/343, data: 35.0%
Files: 342/343, data: 36.0%
Files: 342/343, data: 37.0%
Files: 342/343, data: 38.0%
Files: 342/343, data: 39.0%
Files: 342/343, data: 40.0%
Files: 342/343, data: 41.0%
Files: 342/343, data: 42.0%
Files: 342/343, data: 43.0%
Files: 342/343, data: 44.0%
Files: 342/343, data: 45.0%
Files: 342/343, data: 46.0%
Files: 342/343, data: 47.0%
Files: 342/343, data: 48.0%
Files: 342/343, data: 49.0%
Files: 342/343, data: 50.0%
Files: 342/343, data: 51.0%
Files: 342/343, data: 52.0%
Files: 342/343, data: 53.0%
Files: 342/343, data: 54.0%
Files: 342/343, data: 55.0%
Files: 342/343, data: 56.0%
Files: 342/343, data: 57.0%
Files: 342/343, data: 58.0%
Files: 342/343, data: 59.0%
Files: 342/343, data: 60.0%
Files: 342/343, data: 61.0%
Files: 342/343, data: 62.0%
Files: 342/343, data: 63.0%
Files: 342/343, data: 64.0%
Files: 342/343, data: 65.0%
Files: 342/343, data: 66.0%
Files: 342/343, data: 67.0%
Files: 342/343, data: 68.0%
Files: 342/343, data: 69.0%
Files: 342/343, data: 70.0%
Files: 342/343, data: 71.0%
Files: 342/343, data: 72.0%
Files: 342/343, data: 73.0%
Files: 342/343, data: 74.0%
Files: 342/343, data: 75.0%
Files: 342/343, data: 76.0%
Files: 342/343, data: 77.0%
Files: 342/343, data: 78.0%
Files: 342/343, data: 79.0%
Files: 342/343, data: 80.0%
Files: 342/343, data: 81.0%
Files: 342/343, data: 82.0%
Files: 342/343, data: 83.0%
Files: 342/343, data: 84.0%
Files: 342/343, data: 85.0%
Files: 342/343, data: 86.0%
Files: 342/343, data: 87.0%
Files: 342/343, data: 88.0%
Files: 342/343, data: 89.0%
Files: 342/343, data: 90.0%
Files: 342/343, data: 91.0%
Files: 342/343, data: 92.0%
Files: 342/343, data: 93.0%
Files: 342/343, data: 94.0%
Files: 342/343, data: 95.0%
Files: 342/343, data: 96.0%
Files: 342/343, data: 97.0%
Files: 342/343, data: 98.0%
Files: 342/343, data: 99.0%
Files: 342/343, data: 99.7%
Files: 343/343, data: 100.0%
Files: 343/343, data: 100.0%
Done: 343 files, 335.5MiB processed.

  Neo4j Dump done

[Wed Apr 24 18:52:55 2024]
Finished job 0.
1 of 1 steps (100%) done
