Building DAG of jobs...
Using shell: /usr/bin/bash
Provided cores: 16
Rules claiming more threads will be scaled down.
Select jobs to execute...

[Wed Apr 24 18:36:51 2024]
rule dataset_metadata:
    input: /home/data/knetminer/pub/endpoints/cereals-dummy/1/tmp/knowledge-graph-uris.oxl
    output: /home/data/knetminer/pub/endpoints/cereals-dummy/1/knowledge-graph-annotated.oxl, /home/data/knetminer/pub/endpoints/cereals-dummy/1/rdf/knowledge-graph-metadata.ttl
    jobid: 0
    resources: mem_mb=1000, disk_mb=1000, tmpdir=/tmp



RDF Generating dataset descriptor into:
  '/home/data/knetminer/pub/endpoints/cereals-dummy/1/knowledge-graph-annotated.oxl'
  '/home/data/knetminer/pub/endpoints/cereals-dummy/1/rdf/knowledge-graph-metadata.ttl'
Picked up JAVA_TOOL_OPTIONS: -Xmx56G
18:36:57.986 [INFO ]: Loading the OXL: '/home/data/knetminer/pub/endpoints/cereals-dummy/1/tmp/knowledge-graph-uris.oxl'
18:36:58.205 [INFO ]: Starting OXL parsing... [OXL Parser]
18:37:01.928 [INFO ]: OXL parsing finished. [OXL Parser]
18:37:01.933 [INFO ]: Loading graph descriptor properties from '/home/data/knetminer/software/knetminer-backend/rres-endpoints/config/datasets/cereals-dummy-1-metadata-descriptor.properties'
18:37:01.943 [INFO ]: Loading graph descriptor template from '/home/data/knetminer/software/rdf-export-2-cli/knetminer-descriptors/knetminer-metadata-template.ttl'
18:37:01.974 [INFO ]: Creating Graph Descriptor
18:37:05.047 [INFO ]: Adding metadata about graph description
18:37:05.105 [INFO ]: graph description metadata added to the graph itself
18:37:05.105 [INFO ]: Exporting OXL descriptor to '/home/data/knetminer/pub/endpoints/cereals-dummy/1/rdf/knowledge-graph-metadata.ttl'
18:37:05.114 [INFO ]: Descriptor exported
18:37:05.115 [INFO ]: Exporting the new OXL to '/home/data/knetminer/pub/endpoints/cereals-dummy/1/knowledge-graph-annotated.oxl'
Total concepts to export: 16,257

Total relations to export: 16,508
OXL attribute compressor shut down
Java Finished. Quitting the Shell Too.

[Wed Apr 24 18:37:07 2024]
Finished job 0.
1 of 1 steps (100%) done
