Building DAG of jobs...
Using shell: /usr/bin/bash
Provided cores: 1 (use --cores to define parallelism)
Rules claiming more threads will be scaled down.
Job counts:
	count	jobs
	1	tdb_load
	1

[Wed Feb  5 17:03:17 2025]
rule tdb_load:
    input: /home/data/knetminer/pub/endpoints/test-arabidopsis/v60-RC1/rdf/knowledge-graph.ttl.bz2, /home/data/knetminer/pub/endpoints/test-arabidopsis/v60-RC1/rdf/knowledge-graph-metadata.ttl
    output: /home/data/knetminer/pub/endpoints/test-arabidopsis/v60-RC1/tmp/tdb, /home/data/knetminer/pub/endpoints/test-arabidopsis/v60-RC1/rdf/ontologies
    jobid: 0


	Downloading Ontologies

	BioKNO main file
--2025-02-05 17:03:17--  https://raw.githubusercontent.com/Rothamsted/bioknet-onto/master/bioknet.owl
Resolving raw.githubusercontent.com (raw.githubusercontent.com)... 185.199.111.133, 185.199.108.133, 185.199.109.133, ...
Connecting to raw.githubusercontent.com (raw.githubusercontent.com)|185.199.111.133|:443... connected.
HTTP request sent, awaiting response... 200 OK
Length: 32549 (32K) [text/plain]
Saving to: ‘/home/data/knetminer/pub/endpoints/test-arabidopsis/v60-RC1/rdf/ontologies/bioknet.owl’

     0K .......... .......... .......... .                    100% 11.5M=0.003s

2025-02-05 17:03:17 (11.5 MB/s) - ‘/home/data/knetminer/pub/endpoints/test-arabidopsis/v60-RC1/rdf/ontologies/bioknet.owl’ saved [32549/32549]

	BioKNO Ondex mappings
--2025-02-05 17:03:17--  https://raw.githubusercontent.com/Rothamsted/bioknet-onto/master/bk_ondex.owl
Resolving raw.githubusercontent.com (raw.githubusercontent.com)... 185.199.111.133, 185.199.110.133, 185.199.108.133, ...
Connecting to raw.githubusercontent.com (raw.githubusercontent.com)|185.199.111.133|:443... connected.
HTTP request sent, awaiting response... 200 OK
Length: 409992 (400K) [text/plain]
Saving to: ‘/home/data/knetminer/pub/endpoints/test-arabidopsis/v60-RC1/rdf/ontologies/bk_ondex.owl’

     0K .......... .......... .......... .......... .......... 12% 5.51M 0s
    50K .......... .......... .......... .......... .......... 24% 10.1M 0s
   100K .......... .......... .......... .......... .......... 37% 15.5M 0s
   150K .......... .......... .......... .......... .......... 49% 22.0M 0s
   200K .......... .......... .......... .......... .......... 62% 16.1M 0s
   250K .......... .......... .......... .......... .......... 74% 28.6M 0s
   300K .......... .......... .......... .......... .......... 87% 39.3M 0s
   350K .......... .......... .......... .......... .......... 99% 28.3M 0s
   400K                                                       100%  730G=0.03s

2025-02-05 17:03:18 (14.6 MB/s) - ‘/home/data/knetminer/pub/endpoints/test-arabidopsis/v60-RC1/rdf/ontologies/bk_ondex.owl’ saved [409992/409992]

	Mappings to external ontologies
--2025-02-05 17:03:18--  https://raw.githubusercontent.com/Rothamsted/bioknet-onto/master/bk_mappings.ttl
Resolving raw.githubusercontent.com (raw.githubusercontent.com)... 185.199.109.133, 185.199.110.133, 185.199.108.133, ...
Connecting to raw.githubusercontent.com (raw.githubusercontent.com)|185.199.109.133|:443... connected.
HTTP request sent, awaiting response... 200 OK
Length: 14000 (14K) [text/plain]
Saving to: ‘/home/data/knetminer/pub/endpoints/test-arabidopsis/v60-RC1/rdf/ontologies/bk_mappings.ttl’

     0K .......... ...                                        100% 19.3M=0.001s

2025-02-05 17:03:18 (19.3 MB/s) - ‘/home/data/knetminer/pub/endpoints/test-arabidopsis/v60-RC1/rdf/ontologies/bk_mappings.ttl’ saved [14000/14000]


---- Additional ontologies, to be used for the triple store
	schema.org
--2025-02-05 17:03:18--  https://schema.org/version/latest/schemaorg-current-https.ttl
Resolving schema.org (schema.org)... 142.250.180.14, 2a00:1450:4009:81e::200e
Connecting to schema.org (schema.org)|142.250.180.14|:443... connected.
HTTP request sent, awaiting response... 200 OK
Length: unspecified [text/turtle]
Saving to: ‘/home/data/knetminer/pub/endpoints/test-arabidopsis/v60-RC1/rdf/ontologies/ext/schema.ttl’

     0K .......... .......... .......... .......... ..........  331K
    50K .......... .......... .......... .......... ..........  430K
   100K .......... .......... .......... .......... .......... 1.24M
   150K .......... .......... .......... .......... ..........  923K
   200K .......... .......... .......... .......... .......... 1.34M
   250K .......... .......... .......... .......... .......... 1.74M
   300K .......... .......... .......... .......... .......... 2.38M
   350K .......... .......... .......... .......... .......... 2.38M
   400K .......... .......... .......... .......... .......... 2.91M
   450K .......... .......... .......... .......... .......... 2.61M
   500K .......... .......... .......... .......... .......... 2.80M
   550K .......... .......... .......... .......... .......... 3.63M
   600K .......... .......... .......... .......... .......... 4.65M
   650K .......... .......... .......... .......... .......... 4.87M
   700K .......... .......... .......... .......... .......... 5.12M
   750K .......... .......... .......... .......... .......... 5.45M
   800K .......... .......... .......... .......... .......... 6.02M
   850K .......... .......... .......... .......... .......... 6.46M
   900K .......... .......... .......... .......... .......... 7.43M
   950K .......... .......... .......... .......... .......... 5.95M
  1000K ........                                               19.2M=0.6s

2025-02-05 17:03:20 (1.63 MB/s) - ‘/home/data/knetminer/pub/endpoints/test-arabidopsis/v60-RC1/rdf/ontologies/ext/schema.ttl’ saved [1032199]

	BioPAX
--2025-02-05 17:03:20--  http://www.biopax.org/release/biopax-level3.owl
Resolving www.biopax.org (www.biopax.org)... 142.150.84.100
Connecting to www.biopax.org (www.biopax.org)|142.150.84.100|:80... connected.
HTTP request sent, awaiting response... 200 OK
Length: 174656 (171K) [application/octet-stream]
Saving to: ‘/home/data/knetminer/pub/endpoints/test-arabidopsis/v60-RC1/rdf/ontologies/ext/biopax-level3.owl’

     0K .......... .......... .......... .......... .......... 29%  264K 0s
    50K .......... .......... .......... .......... .......... 58%  525K 0s
   100K .......... .......... .......... .......... .......... 87% 10.0M 0s
   150K .......... ..........                                 100% 1.61M=0.3s

2025-02-05 17:03:20 (565 KB/s) - ‘/home/data/knetminer/pub/endpoints/test-arabidopsis/v60-RC1/rdf/ontologies/ext/biopax-level3.owl’ saved [174656/174656]

	SIO
--2025-02-05 17:03:20--  https://raw.githubusercontent.com/micheldumontier/semanticscience/master/ontology/sio/release/sio-release.owl
Resolving raw.githubusercontent.com (raw.githubusercontent.com)... 185.199.110.133, 185.199.109.133, 185.199.111.133, ...
Connecting to raw.githubusercontent.com (raw.githubusercontent.com)|185.199.110.133|:443... connected.
HTTP request sent, awaiting response... 200 OK
Length: 1470936 (1.4M) [text/plain]
Saving to: ‘/home/data/knetminer/pub/endpoints/test-arabidopsis/v60-RC1/rdf/ontologies/ext/sio.owl’

     0K .......... .......... .......... .......... ..........  3% 5.76M 0s
    50K .......... .......... .......... .......... ..........  6% 9.36M 0s
   100K .......... .......... .......... .......... .......... 10% 17.0M 0s
   150K .......... .......... .......... .......... .......... 13% 24.1M 0s
   200K .......... .......... .......... .......... .......... 17% 12.5M 0s
   250K .......... .......... .......... .......... .......... 20% 53.2M 0s
   300K .......... .......... .......... .......... .......... 24% 16.4M 0s
   350K .......... .......... .......... .......... .......... 27%  108M 0s
   400K .......... .......... .......... .......... .......... 31% 87.9M 0s
   450K .......... .......... .......... .......... .......... 34% 19.1M 0s
   500K .......... .......... .......... .......... .......... 38% 48.9M 0s
   550K .......... .......... .......... .......... .......... 41% 53.4M 0s
   600K .......... .......... .......... .......... .......... 45% 89.3M 0s
   650K .......... .......... .......... .......... .......... 48%  101M 0s
   700K .......... .......... .......... .......... .......... 52% 25.3M 0s
   750K .......... .......... .......... .......... .......... 55% 83.1M 0s
   800K .......... .......... .......... .......... .......... 59%  103M 0s
   850K .......... .......... .......... .......... .......... 62% 65.4M 0s
   900K .......... .......... .......... .......... .......... 66%  126M 0s
   950K .......... .......... .......... .......... .......... 69% 52.4M 0s
  1000K .......... .......... .......... .......... .......... 73% 95.7M 0s
  1050K .......... .......... .......... .......... .......... 76% 90.2M 0s
  1100K .......... .......... .......... .......... .......... 80% 91.1M 0s
  1150K .......... .......... .......... .......... .......... 83% 87.2M 0s
  1200K .......... .......... .......... .......... .......... 87% 91.0M 0s
  1250K .......... .......... .......... .......... .......... 90% 90.1M 0s
  1300K .......... .......... .......... .......... .......... 93% 81.6M 0s
  1350K .......... .......... .......... .......... .......... 97%  141M 0s
  1400K .......... .......... .......... ......               100% 69.4M=0.04s

2025-02-05 17:03:21 (32.9 MB/s) - ‘/home/data/knetminer/pub/endpoints/test-arabidopsis/v60-RC1/rdf/ontologies/ext/sio.owl’ saved [1470936/1470936]

	dcterms:
URL transformed to HTTPS due to an HSTS policy
--2025-02-05 17:03:21--  https://www.dublincore.org/specifications/dublin-core/dcmi-terms/dublin_core_terms.ttl
Resolving www.dublincore.org (www.dublincore.org)... 104.22.53.69, 172.67.23.21, 104.22.52.69, ...
Connecting to www.dublincore.org (www.dublincore.org)|104.22.53.69|:443... connected.
HTTP request sent, awaiting response... 200 OK
Length: 47834 (47K) [text/turtle]
Saving to: ‘/home/data/knetminer/pub/endpoints/test-arabidopsis/v60-RC1/rdf/ontologies/ext/dcterms.ttl’

     0K .......... .......... .......... .......... ......    100% 6.94M=0.007s

2025-02-05 17:03:21 (6.94 MB/s) - ‘/home/data/knetminer/pub/endpoints/test-arabidopsis/v60-RC1/rdf/ontologies/ext/dcterms.ttl’ saved [47834/47834]

	dc:
URL transformed to HTTPS due to an HSTS policy
--2025-02-05 17:03:21--  https://www.dublincore.org/specifications/dublin-core/dcmi-terms/dublin_core_elements.ttl
Resolving www.dublincore.org (www.dublincore.org)... 104.22.52.69, 104.22.53.69, 172.67.23.21, ...
Connecting to www.dublincore.org (www.dublincore.org)|104.22.52.69|:443... connected.
HTTP request sent, awaiting response... 200 OK
Length: 14329 (14K) [text/turtle]
Saving to: ‘/home/data/knetminer/pub/endpoints/test-arabidopsis/v60-RC1/rdf/ontologies/ext/dcelements.ttl’

     0K .......... ...                                        100% 99.9M=0s

2025-02-05 17:03:21 (99.9 MB/s) - ‘/home/data/knetminer/pub/endpoints/test-arabidopsis/v60-RC1/rdf/ontologies/ext/dcelements.ttl’ saved [14329/14329]

	SKOS
URL transformed to HTTPS due to an HSTS policy
--2025-02-05 17:03:22--  https://www.w3.org/TR/skos-reference/skos.rdf
Resolving www.w3.org (www.w3.org)... 104.18.23.19, 104.18.22.19, 2606:4700::6812:1713, ...
Connecting to www.w3.org (www.w3.org)|104.18.23.19|:443... connected.
HTTP request sent, awaiting response... 301 Moved Permanently
Location: https://www.w3.org/2009/08/skos-reference/skos.rdf [following]
--2025-02-05 17:03:22--  https://www.w3.org/2009/08/skos-reference/skos.rdf
Reusing existing connection to www.w3.org:443.
HTTP request sent, awaiting response... 200 OK
Length: 28966 (28K) [application/rdf+xml]
Saving to: ‘/home/data/knetminer/pub/endpoints/test-arabidopsis/v60-RC1/rdf/ontologies/ext/skos.rdf’

     0K .......... .......... ........                        100%  107M=0s

2025-02-05 17:03:22 (107 MB/s) - ‘/home/data/knetminer/pub/endpoints/test-arabidopsis/v60-RC1/rdf/ontologies/ext/skos.rdf’ saved [28966/28966]


	Loading RDF into '/home/data/knetminer/pub/endpoints/test-arabidopsis/v60-RC1/tmp/tdb' 



  rdf2neo.sh

Picked up JAVA_TOOL_OPTIONS: -Xmx310G -Dfile.encoding=UTF-8
17:03:27.687 [INFO ]: Starting TDB Loading
17:03:30.938 [INFO ]: Start: 4 files
17:03:31.754 [INFO ]:   End file: bioknet.owl (triples/quads = 192)
17:03:31.875 [INFO ]:   End file: bk_mappings.ttl (triples/quads = 163)
17:03:32.321 [INFO ]:   End file: bk_ondex.owl (triples/quads = 4,416)
17:03:45.884 [INFO ]: Add: 1,000,000 knowledge-graph.ttl.bz2 (Batch: 66,916 / Avg: 66,916)
17:03:53.195 [INFO ]: Add: 2,000,000 knowledge-graph.ttl.bz2 (Batch: 136,780 / Avg: 89,867)
17:04:06.168 [INFO ]: Add: 3,000,000 knowledge-graph.ttl.bz2 (Batch: 77,083 / Avg: 85,159)
17:04:20.044 [INFO ]: Add: 4,000,000 knowledge-graph.ttl.bz2 (Batch: 72,061 / Avg: 81,458)
17:04:32.530 [INFO ]: Add: 5,000,000 knowledge-graph.ttl.bz2 (Batch: 80,096 / Avg: 81,182)
17:04:46.730 [INFO ]: Add: 6,000,000 knowledge-graph.ttl.bz2 (Batch: 70,422 / Avg: 79,166)
17:05:02.814 [INFO ]: Add: 7,000,000 knowledge-graph.ttl.bz2 (Batch: 62,169 / Avg: 76,190)
17:05:17.602 [INFO ]: Add: 8,000,000 knowledge-graph.ttl.bz2 (Batch: 67,626 / Avg: 75,003)
17:05:33.981 [INFO ]: Add: 9,000,000 knowledge-graph.ttl.bz2 (Batch: 61,083 / Avg: 73,151)
17:05:47.882 [INFO ]: Add: 10,000,000 knowledge-graph.ttl.bz2 (Batch: 72,004 / Avg: 73,034)
17:05:48.026 [INFO ]:   Elapsed: 136.92 seconds [2025/02/05 17:05:48 GMT]
17:06:02.714 [INFO ]: Add: 11,000,000 knowledge-graph.ttl.bz2 (Batch: 67,321 / Avg: 72,475)
17:06:16.471 [INFO ]: Add: 12,000,000 knowledge-graph.ttl.bz2 (Batch: 72,695 / Avg: 72,493)
17:06:30.212 [INFO ]: Add: 13,000,000 knowledge-graph.ttl.bz2 (Batch: 72,769 / Avg: 72,515)
17:06:45.341 [INFO ]: Add: 14,000,000 knowledge-graph.ttl.bz2 (Batch: 66,198 / Avg: 72,024)
17:06:58.576 [INFO ]: Add: 15,000,000 knowledge-graph.ttl.bz2 (Batch: 75,562 / Avg: 72,249)
17:07:12.625 [INFO ]: Add: 16,000,000 knowledge-graph.ttl.bz2 (Batch: 71,179 / Avg: 72,181)
17:07:26.465 [INFO ]: Add: 17,000,000 knowledge-graph.ttl.bz2 (Batch: 72,249 / Avg: 72,185)
17:07:41.847 [INFO ]: Add: 18,000,000 knowledge-graph.ttl.bz2 (Batch: 64,913 / Avg: 71,739)
17:07:55.568 [INFO ]: Add: 19,000,000 knowledge-graph.ttl.bz2 (Batch: 72,886 / Avg: 71,798)
17:08:10.199 [INFO ]: Add: 20,000,000 knowledge-graph.ttl.bz2 (Batch: 68,460 / Avg: 71,624)
17:08:10.200 [INFO ]:   Elapsed: 279.23 seconds [2025/02/05 17:08:10 GMT]
17:08:25.715 [INFO ]: Add: 21,000,000 knowledge-graph.ttl.bz2 (Batch: 64,345 / Avg: 71,240)
17:08:40.382 [INFO ]: Add: 22,000,000 knowledge-graph.ttl.bz2 (Batch: 68,180 / Avg: 71,095)
17:08:54.855 [INFO ]: Add: 23,000,000 knowledge-graph.ttl.bz2 (Batch: 69,204 / Avg: 71,011)
17:09:09.184 [INFO ]: Add: 24,000,000 knowledge-graph.ttl.bz2 (Batch: 69,783 / Avg: 70,959)
17:09:24.353 [INFO ]: Add: 25,000,000 knowledge-graph.ttl.bz2 (Batch: 65,832 / Avg: 70,738)
17:09:37.874 [INFO ]: Add: 26,000,000 knowledge-graph.ttl.bz2 (Batch: 73,953 / Avg: 70,857)
17:09:43.417 [INFO ]:   End file: knowledge-graph.ttl.bz2 (triples/quads = 26,358,950)
17:09:43.418 [INFO ]: Finished: 4 files: 26,363,721 tuples in 372.48s (Avg: 70,779)
17:09:53.597 [INFO ]: Finish - index SPO
17:09:53.605 [INFO ]: Start replay index SPO
17:09:53.606 [INFO ]: Index set:  SPO => SPO->POS, SPO->OSP
17:09:54.682 [INFO ]: Add: 1,000,000 Index (Batch: 932,835 / Avg: 932,835)
17:09:58.873 [INFO ]: Add: 2,000,000 Index (Batch: 238,606 / Avg: 380,011)
17:10:03.544 [INFO ]: Add: 3,000,000 Index (Batch: 214,132 / Avg: 302,023)
17:10:09.348 [INFO ]: Add: 4,000,000 Index (Batch: 172,294 / Avg: 254,178)
17:10:14.545 [INFO ]: Add: 5,000,000 Index (Batch: 192,381 / Avg: 238,834)
17:10:19.465 [INFO ]: Add: 6,000,000 Index (Batch: 203,293 / Avg: 232,072)
17:10:26.458 [INFO ]: Add: 7,000,000 Index (Batch: 143,000 / Avg: 213,109)
17:10:38.956 [INFO ]: Add: 8,000,000 Index (Batch: 80,012 / Avg: 176,425)
17:10:53.325 [INFO ]: Add: 9,000,000 Index (Batch: 69,594 / Avg: 150,718)
17:11:09.246 [INFO ]: Add: 10,000,000 Index (Batch: 62,806 / Avg: 132,212)
17:11:09.247 [INFO ]:   Elapsed: 75.64 seconds [2025/02/05 17:11:09 GMT]
17:11:24.139 [INFO ]: Add: 11,000,000 Index (Batch: 67,150 / Avg: 121,509)
17:11:31.120 [INFO ]: Add: 12,000,000 Index (Batch: 143,225 / Avg: 123,064)
17:11:39.452 [INFO ]: Add: 13,000,000 Index (Batch: 120,033 / Avg: 122,825)
17:11:49.292 [INFO ]: Add: 14,000,000 Index (Batch: 101,615 / Avg: 121,021)
17:11:58.692 [INFO ]: Add: 15,000,000 Index (Batch: 106,382 / Avg: 119,921)
17:12:11.429 [INFO ]: Add: 16,000,000 Index (Batch: 78,517 / Avg: 116,095)
17:12:26.115 [INFO ]: Add: 17,000,000 Index (Batch: 68,092 / Avg: 111,472)
17:12:42.230 [INFO ]: Add: 18,000,000 Index (Batch: 62,050 / Avg: 106,748)
17:13:00.155 [INFO ]: Add: 19,000,000 Index (Batch: 55,791 / Avg: 101,852)
17:13:16.492 [INFO ]: Add: 20,000,000 Index (Batch: 61,210 / Avg: 98,579)
17:13:16.492 [INFO ]:   Elapsed: 202.88 seconds [2025/02/05 17:13:16 GMT]
17:13:32.645 [INFO ]: Add: 21,000,000 Index (Batch: 61,908 / Avg: 95,875)
17:13:56.961 [INFO ]: Add: 22,000,000 Index (Batch: 41,125 / Avg: 90,404)
17:14:18.261 [INFO ]: Add: 23,000,000 Index (Batch: 46,946 / Avg: 86,906)
17:14:39.167 [INFO ]: Add: 24,000,000 Index (Batch: 47,833 / Avg: 84,046)
17:14:59.520 [INFO ]: Add: 25,000,000 Index (Batch: 49,135 / Avg: 81,723)
17:15:27.053 [INFO ]: Index set:  SPO => SPO->POS, SPO->OSP [25,846,910 items, 333.4 seconds]
17:15:29.962 [INFO ]: Finish - index OSP
17:15:50.786 [INFO ]: Finish - index POS
17:15:50.787 [INFO ]: Time = 740.054 seconds : Triples = 26,363,721 : Rate = 35,624 /s
17:15:50.787 [INFO ]: TDB Loading ended

Java Finished, quitting the shell too.



  ondex2neo.sh finished
[Wed Feb  5 17:15:51 2025]
Finished job 0.
1 of 1 steps (100%) done
