Building DAG of jobs...
Using shell: /usr/bin/bash
Provided cores: 1 (use --cores to define parallelism)
Rules claiming more threads will be scaled down.
Job counts:
	count	jobs
	1	tdb_load
	1
Select jobs to execute...

[Thu Feb  6 21:40:59 2025]
rule tdb_load:
    input: /home/data/knetminer/pub/endpoints/ascomycota-premium/v60-RC4/rdf/knowledge-graph.ttl.bz2, /home/data/knetminer/pub/endpoints/ascomycota-premium/v60-RC4/rdf/knowledge-graph-metadata.ttl
    output: /home/data/knetminer/pub/endpoints/ascomycota-premium/v60-RC4/tmp/tdb, /home/data/knetminer/pub/endpoints/ascomycota-premium/v60-RC4/rdf/ontologies
    jobid: 0


	Downloading Ontologies

	BioKNO main file
--2025-02-06 21:40:59--  https://raw.githubusercontent.com/Rothamsted/bioknet-onto/master/bioknet.owl
Resolving raw.githubusercontent.com (raw.githubusercontent.com)... 185.199.108.133, 185.199.109.133, 185.199.110.133, ...
Connecting to raw.githubusercontent.com (raw.githubusercontent.com)|185.199.108.133|:443... connected.
HTTP request sent, awaiting response... 200 OK
Length: 32549 (32K) [text/plain]
Saving to: ‘/home/data/knetminer/pub/endpoints/ascomycota-premium/v60-RC4/rdf/ontologies/bioknet.owl’

     0K .......... .......... .......... .                    100% 10.4M=0.003s

2025-02-06 21:40:59 (10.4 MB/s) - ‘/home/data/knetminer/pub/endpoints/ascomycota-premium/v60-RC4/rdf/ontologies/bioknet.owl’ saved [32549/32549]

	BioKNO Ondex mappings
--2025-02-06 21:40:59--  https://raw.githubusercontent.com/Rothamsted/bioknet-onto/master/bk_ondex.owl
Resolving raw.githubusercontent.com (raw.githubusercontent.com)... 185.199.109.133, 185.199.111.133, 185.199.108.133, ...
Connecting to raw.githubusercontent.com (raw.githubusercontent.com)|185.199.109.133|:443... connected.
HTTP request sent, awaiting response... 200 OK
Length: 409992 (400K) [text/plain]
Saving to: ‘/home/data/knetminer/pub/endpoints/ascomycota-premium/v60-RC4/rdf/ontologies/bk_ondex.owl’

     0K .......... .......... .......... .......... .......... 12% 5.12M 0s
    50K .......... .......... .......... .......... .......... 24% 10.2M 0s
   100K .......... .......... .......... .......... .......... 37% 12.5M 0s
   150K .......... .......... .......... .......... .......... 49% 28.2M 0s
   200K .......... .......... .......... .......... .......... 62% 16.1M 0s
   250K .......... .......... .......... .......... .......... 74% 27.7M 0s
   300K .......... .......... .......... .......... .......... 87% 24.7M 0s
   350K .......... .......... .......... .......... .......... 99% 45.4M 0s
   400K                                                       100%  730G=0.03s

2025-02-06 21:41:00 (14.0 MB/s) - ‘/home/data/knetminer/pub/endpoints/ascomycota-premium/v60-RC4/rdf/ontologies/bk_ondex.owl’ saved [409992/409992]

	Mappings to external ontologies
--2025-02-06 21:41:00--  https://raw.githubusercontent.com/Rothamsted/bioknet-onto/master/bk_mappings.ttl
Resolving raw.githubusercontent.com (raw.githubusercontent.com)... 185.199.111.133, 185.199.108.133, 185.199.109.133, ...
Connecting to raw.githubusercontent.com (raw.githubusercontent.com)|185.199.111.133|:443... connected.
HTTP request sent, awaiting response... 200 OK
Length: 14000 (14K) [text/plain]
Saving to: ‘/home/data/knetminer/pub/endpoints/ascomycota-premium/v60-RC4/rdf/ontologies/bk_mappings.ttl’

     0K .......... ...                                        100% 56.5M=0s

2025-02-06 21:41:01 (56.5 MB/s) - ‘/home/data/knetminer/pub/endpoints/ascomycota-premium/v60-RC4/rdf/ontologies/bk_mappings.ttl’ saved [14000/14000]


---- Additional ontologies, to be used for the triple store
	schema.org
--2025-02-06 21:41:01--  https://schema.org/version/latest/schemaorg-current-https.ttl
Resolving schema.org (schema.org)... 172.217.169.46, 2a00:1450:4009:818::200e
Connecting to schema.org (schema.org)|172.217.169.46|:443... connected.
HTTP request sent, awaiting response... 200 OK
Length: unspecified [text/turtle]
Saving to: ‘/home/data/knetminer/pub/endpoints/ascomycota-premium/v60-RC4/rdf/ontologies/ext/schema.ttl’

     0K .......... .......... .......... .......... ..........  285K
    50K .......... .......... .......... .......... ..........  392K
   100K .......... .......... .......... .......... ..........  793K
   150K .......... .......... .......... .......... ..........  992K
   200K .......... .......... .......... .......... .......... 1.27M
   250K .......... .......... .......... .......... .......... 2.00M
   300K .......... .......... .......... .......... .......... 2.17M
   350K .......... .......... .......... .......... .......... 1.76M
   400K .......... .......... .......... .......... .......... 2.05M
   450K .......... .......... .......... .......... .......... 3.36M
   500K .......... .......... .......... .......... .......... 3.53M
   550K .......... .......... .......... .......... .......... 4.26M
   600K .......... .......... .......... .......... .......... 4.15M
   650K .......... .......... .......... .......... .......... 5.66M
   700K .......... .......... .......... .......... .......... 3.08M
   750K .......... .......... .......... .......... .......... 5.25M
   800K .......... .......... .......... .......... .......... 5.64M
   850K .......... .......... .......... .......... .......... 6.17M
   900K .......... .......... .......... .......... .......... 6.10M
   950K .......... .......... .......... .......... .......... 6.12M
  1000K ........                                               24.8M=0.7s

2025-02-06 21:41:02 (1.47 MB/s) - ‘/home/data/knetminer/pub/endpoints/ascomycota-premium/v60-RC4/rdf/ontologies/ext/schema.ttl’ saved [1032199]

	BioPAX
--2025-02-06 21:41:02--  http://www.biopax.org/release/biopax-level3.owl
Resolving www.biopax.org (www.biopax.org)... 142.150.84.100
Connecting to www.biopax.org (www.biopax.org)|142.150.84.100|:80... connected.
HTTP request sent, awaiting response... 200 OK
Length: 174656 (171K) [application/octet-stream]
Saving to: ‘/home/data/knetminer/pub/endpoints/ascomycota-premium/v60-RC4/rdf/ontologies/ext/biopax-level3.owl’

     0K .......... .......... .......... .......... .......... 29%  265K 0s
    50K .......... .......... .......... .......... .......... 58%  521K 0s
   100K .......... .......... .......... .......... .......... 87% 22.1M 0s
   150K .......... ..........                                 100%  743K=0.3s

2025-02-06 21:41:02 (543 KB/s) - ‘/home/data/knetminer/pub/endpoints/ascomycota-premium/v60-RC4/rdf/ontologies/ext/biopax-level3.owl’ saved [174656/174656]

	SIO
--2025-02-06 21:41:02--  https://raw.githubusercontent.com/micheldumontier/semanticscience/master/ontology/sio/release/sio-release.owl
Resolving raw.githubusercontent.com (raw.githubusercontent.com)... 185.199.110.133, 185.199.108.133, 185.199.109.133, ...
Connecting to raw.githubusercontent.com (raw.githubusercontent.com)|185.199.110.133|:443... connected.
HTTP request sent, awaiting response... 200 OK
Length: 1470936 (1.4M) [text/plain]
Saving to: ‘/home/data/knetminer/pub/endpoints/ascomycota-premium/v60-RC4/rdf/ontologies/ext/sio.owl’

     0K .......... .......... .......... .......... ..........  3% 3.52M 0s
    50K .......... .......... .......... .......... ..........  6% 8.00M 0s
   100K .......... .......... .......... .......... .......... 10% 9.24M 0s
   150K .......... .......... .......... .......... .......... 13% 9.31M 0s
   200K .......... .......... .......... .......... .......... 17% 7.56M 0s
   250K .......... .......... .......... .......... .......... 20% 11.6M 0s
   300K .......... .......... .......... .......... .......... 24% 9.42M 0s
   350K .......... .......... .......... .......... .......... 27% 7.18M 0s
   400K .......... .......... .......... .......... .......... 31% 12.2M 0s
   450K .......... .......... .......... .......... .......... 34% 9.72M 0s
   500K .......... .......... .......... .......... .......... 38% 11.5M 0s
   550K .......... .......... .......... .......... .......... 41% 6.92M 0s
   600K .......... .......... .......... .......... .......... 45% 4.53M 0s
   650K .......... .......... .......... .......... .......... 48% 13.9M 0s
   700K .......... .......... .......... .......... .......... 52% 9.59M 0s
   750K .......... .......... .......... .......... .......... 55% 11.8M 0s
   800K .......... .......... .......... .......... .......... 59% 11.3M 0s
   850K .......... .......... .......... .......... .......... 62% 12.5M 0s
   900K .......... .......... .......... .......... .......... 66% 12.4M 0s
   950K .......... .......... .......... .......... .......... 69% 16.4M 0s
  1000K .......... .......... .......... .......... .......... 73% 9.56M 0s
  1050K .......... .......... .......... .......... .......... 76% 16.9M 0s
  1100K .......... .......... .......... .......... .......... 80% 12.4M 0s
  1150K .......... .......... .......... .......... .......... 83% 16.9M 0s
  1200K .......... .......... .......... .......... .......... 87% 11.4M 0s
  1250K .......... .......... .......... .......... .......... 90% 19.9M 0s
  1300K .......... .......... .......... .......... .......... 93% 19.6M 0s
  1350K .......... .......... .......... .......... .......... 97% 12.5M 0s
  1400K .......... .......... .......... ......               100% 19.1M=0.1s

2025-02-06 21:41:03 (9.88 MB/s) - ‘/home/data/knetminer/pub/endpoints/ascomycota-premium/v60-RC4/rdf/ontologies/ext/sio.owl’ saved [1470936/1470936]

	dcterms:
URL transformed to HTTPS due to an HSTS policy
--2025-02-06 21:41:03--  https://www.dublincore.org/specifications/dublin-core/dcmi-terms/dublin_core_terms.ttl
Resolving www.dublincore.org (www.dublincore.org)... 104.22.52.69, 104.22.53.69, 172.67.23.21, ...
Connecting to www.dublincore.org (www.dublincore.org)|104.22.52.69|:443... connected.
HTTP request sent, awaiting response... 200 OK
Length: 47834 (47K) [text/turtle]
Saving to: ‘/home/data/knetminer/pub/endpoints/ascomycota-premium/v60-RC4/rdf/ontologies/ext/dcterms.ttl’

     0K .......... .......... .......... .......... ......    100% 6.25M=0.007s

2025-02-06 21:41:04 (6.25 MB/s) - ‘/home/data/knetminer/pub/endpoints/ascomycota-premium/v60-RC4/rdf/ontologies/ext/dcterms.ttl’ saved [47834/47834]

	dc:
URL transformed to HTTPS due to an HSTS policy
--2025-02-06 21:41:04--  https://www.dublincore.org/specifications/dublin-core/dcmi-terms/dublin_core_elements.ttl
Resolving www.dublincore.org (www.dublincore.org)... 104.22.52.69, 172.67.23.21, 104.22.53.69, ...
Connecting to www.dublincore.org (www.dublincore.org)|104.22.52.69|:443... connected.
HTTP request sent, awaiting response... 200 OK
Length: 14329 (14K) [text/turtle]
Saving to: ‘/home/data/knetminer/pub/endpoints/ascomycota-premium/v60-RC4/rdf/ontologies/ext/dcelements.ttl’

     0K .......... ...                                        100% 53.1M=0s

2025-02-06 21:41:04 (53.1 MB/s) - ‘/home/data/knetminer/pub/endpoints/ascomycota-premium/v60-RC4/rdf/ontologies/ext/dcelements.ttl’ saved [14329/14329]

	SKOS
URL transformed to HTTPS due to an HSTS policy
--2025-02-06 21:41:04--  https://www.w3.org/TR/skos-reference/skos.rdf
Resolving www.w3.org (www.w3.org)... 104.18.23.19, 104.18.22.19, 2606:4700::6812:1713, ...
Connecting to www.w3.org (www.w3.org)|104.18.23.19|:443... connected.
HTTP request sent, awaiting response... 301 Moved Permanently
Location: https://www.w3.org/2009/08/skos-reference/skos.rdf [following]
--2025-02-06 21:41:05--  https://www.w3.org/2009/08/skos-reference/skos.rdf
Reusing existing connection to www.w3.org:443.
HTTP request sent, awaiting response... 200 OK
Length: 28966 (28K) [application/rdf+xml]
Saving to: ‘/home/data/knetminer/pub/endpoints/ascomycota-premium/v60-RC4/rdf/ontologies/ext/skos.rdf’

     0K .......... .......... ........                        100%  101M=0s

2025-02-06 21:41:05 (101 MB/s) - ‘/home/data/knetminer/pub/endpoints/ascomycota-premium/v60-RC4/rdf/ontologies/ext/skos.rdf’ saved [28966/28966]


	Loading RDF into '/home/data/knetminer/pub/endpoints/ascomycota-premium/v60-RC4/tmp/tdb' 



  rdf2neo.sh

Picked up JAVA_TOOL_OPTIONS: -Xmx310G -Dfile.encoding=UTF-8
21:41:10.345 [INFO ]: Starting TDB Loading
21:41:13.544 [INFO ]: Start: 4 files
21:41:14.349 [INFO ]:   End file: bioknet.owl (triples/quads = 192)
21:41:14.470 [INFO ]:   End file: bk_mappings.ttl (triples/quads = 163)
21:41:14.900 [INFO ]:   End file: bk_ondex.owl (triples/quads = 4,416)
21:41:28.511 [INFO ]: Add: 1,000,000 knowledge-graph.ttl.bz2 (Batch: 66,876 / Avg: 66,876)
21:41:42.275 [INFO ]: Add: 2,000,000 knowledge-graph.ttl.bz2 (Batch: 72,642 / Avg: 69,640)
21:41:59.338 [INFO ]: Add: 3,000,000 knowledge-graph.ttl.bz2 (Batch: 58,565 / Avg: 65,510)
21:42:16.848 [INFO ]: Add: 4,000,000 knowledge-graph.ttl.bz2 (Batch: 57,110 / Avg: 63,187)
21:42:32.032 [INFO ]: Add: 5,000,000 knowledge-graph.ttl.bz2 (Batch: 65,858 / Avg: 63,704)
21:42:50.910 [INFO ]: Add: 6,000,000 knowledge-graph.ttl.bz2 (Batch: 52,974 / Avg: 61,623)
21:43:08.645 [INFO ]: Add: 7,000,000 knowledge-graph.ttl.bz2 (Batch: 56,385 / Avg: 60,816)
21:43:25.664 [INFO ]: Add: 8,000,000 knowledge-graph.ttl.bz2 (Batch: 58,764 / Avg: 60,552)
21:43:39.258 [INFO ]: Add: 9,000,000 knowledge-graph.ttl.bz2 (Batch: 73,567 / Avg: 61,766)
21:43:53.387 [INFO ]: Add: 10,000,000 knowledge-graph.ttl.bz2 (Batch: 70,756 / Avg: 62,561)
21:43:53.696 [INFO ]:   Elapsed: 159.84 seconds [2025/02/06 21:43:53 GMT]
21:44:09.316 [INFO ]: Add: 11,000,000 knowledge-graph.ttl.bz2 (Batch: 62,778 / Avg: 62,581)
21:44:22.733 [INFO ]: Add: 12,000,000 knowledge-graph.ttl.bz2 (Batch: 74,537 / Avg: 63,428)
21:44:35.926 [INFO ]: Add: 13,000,000 knowledge-graph.ttl.bz2 (Batch: 75,930 / Avg: 64,242)
21:44:48.916 [INFO ]: Add: 14,000,000 knowledge-graph.ttl.bz2 (Batch: 76,982 / Avg: 65,011)
21:45:03.022 [INFO ]: Add: 15,000,000 knowledge-graph.ttl.bz2 (Batch: 70,901 / Avg: 65,373)
21:45:15.543 [INFO ]: Add: 16,000,000 knowledge-graph.ttl.bz2 (Batch: 79,700 / Avg: 66,115)
21:45:28.418 [INFO ]: Add: 17,000,000 knowledge-graph.ttl.bz2 (Batch: 77,675 / Avg: 66,699)
21:45:43.294 [INFO ]: Add: 18,000,000 knowledge-graph.ttl.bz2 (Batch: 67,222 / Avg: 66,728)
21:45:56.791 [INFO ]: Add: 19,000,000 knowledge-graph.ttl.bz2 (Batch: 74,085 / Avg: 67,079)
21:46:11.202 [INFO ]: Add: 20,000,000 knowledge-graph.ttl.bz2 (Batch: 69,512 / Avg: 67,196)
21:46:11.203 [INFO ]:   Elapsed: 297.63 seconds [2025/02/06 21:46:11 GMT]
21:46:27.869 [INFO ]: Add: 21,000,000 knowledge-graph.ttl.bz2 (Batch: 59,908 / Avg: 66,809)
21:46:43.068 [INFO ]: Add: 22,000,000 knowledge-graph.ttl.bz2 (Batch: 65,798 / Avg: 66,763)
21:46:57.955 [INFO ]: Add: 23,000,000 knowledge-graph.ttl.bz2 (Batch: 67,276 / Avg: 66,785)
21:47:13.965 [INFO ]: Add: 24,000,000 knowledge-graph.ttl.bz2 (Batch: 62,367 / Avg: 66,588)
21:47:27.578 [INFO ]: Add: 25,000,000 knowledge-graph.ttl.bz2 (Batch: 73,621 / Avg: 66,844)
21:47:40.568 [INFO ]: Add: 26,000,000 knowledge-graph.ttl.bz2 (Batch: 76,804 / Avg: 67,179)
21:47:56.704 [INFO ]: Add: 27,000,000 knowledge-graph.ttl.bz2 (Batch: 61,977 / Avg: 66,971)
21:48:10.508 [INFO ]: Add: 28,000,000 knowledge-graph.ttl.bz2 (Batch: 72,563 / Avg: 67,155)
21:48:24.907 [INFO ]: Add: 29,000,000 knowledge-graph.ttl.bz2 (Batch: 69,333 / Avg: 67,228)
21:48:38.743 [INFO ]: Add: 30,000,000 knowledge-graph.ttl.bz2 (Batch: 72,395 / Avg: 67,389)
21:48:38.744 [INFO ]:   Elapsed: 445.18 seconds [2025/02/06 21:48:38 GMT]
21:48:54.275 [INFO ]: Add: 31,000,000 knowledge-graph.ttl.bz2 (Batch: 64,395 / Avg: 67,288)
21:49:07.597 [INFO ]: Add: 32,000,000 knowledge-graph.ttl.bz2 (Batch: 74,923 / Avg: 67,503)
21:49:21.637 [INFO ]: Add: 33,000,000 knowledge-graph.ttl.bz2 (Batch: 71,225 / Avg: 67,610)
21:49:36.701 [INFO ]: Add: 34,000,000 knowledge-graph.ttl.bz2 (Batch: 66,489 / Avg: 67,576)
21:49:50.067 [INFO ]: Add: 35,000,000 knowledge-graph.ttl.bz2 (Batch: 74,811 / Avg: 67,763)
21:49:51.353 [INFO ]:   End file: knowledge-graph.ttl.bz2 (triples/quads = 35,067,889)
21:49:51.354 [INFO ]: Finished: 4 files: 35,072,660 tuples in 517.81s (Avg: 67,732)
21:50:01.808 [INFO ]: Finish - index SPO
21:50:01.922 [INFO ]: Start replay index SPO
21:50:01.923 [INFO ]: Index set:  SPO => SPO->POS, SPO->OSP
21:50:02.818 [INFO ]: Add: 1,000,000 Index (Batch: 1,122,334 / Avg: 1,122,334)
21:50:05.332 [INFO ]: Add: 2,000,000 Index (Batch: 397,930 / Avg: 587,544)
21:50:10.786 [INFO ]: Add: 3,000,000 Index (Batch: 183,351 / Avg: 338,676)
21:50:15.180 [INFO ]: Add: 4,000,000 Index (Batch: 227,531 / Avg: 301,818)
21:50:20.249 [INFO ]: Add: 5,000,000 Index (Batch: 197,277 / Avg: 272,895)
21:50:26.673 [INFO ]: Add: 6,000,000 Index (Batch: 155,666 / Avg: 242,463)
21:50:37.426 [INFO ]: Add: 7,000,000 Index (Batch: 93,005 / Avg: 197,194)
21:50:49.222 [INFO ]: Add: 8,000,000 Index (Batch: 84,767 / Avg: 169,151)
21:51:01.379 [INFO ]: Add: 9,000,000 Index (Batch: 82,257 / Avg: 151,382)
21:51:12.719 [INFO ]: Add: 10,000,000 Index (Batch: 88,191 / Avg: 141,260)
21:51:12.719 [INFO ]:   Elapsed: 70.79 seconds [2025/02/06 21:51:12 GMT]
21:51:27.328 [INFO ]: Add: 11,000,000 Index (Batch: 68,450 / Avg: 128,805)
21:51:42.720 [INFO ]: Add: 12,000,000 Index (Batch: 64,964 / Avg: 119,055)
21:51:58.345 [INFO ]: Add: 13,000,000 Index (Batch: 64,000 / Avg: 111,666)
21:52:16.092 [INFO ]: Add: 14,000,000 Index (Batch: 56,350 / Avg: 104,349)
21:52:37.862 [INFO ]: Add: 15,000,000 Index (Batch: 45,934 / Avg: 96,194)
21:53:00.761 [INFO ]: Add: 16,000,000 Index (Batch: 43,670 / Avg: 89,468)
21:53:24.232 [INFO ]: Add: 17,000,000 Index (Batch: 42,603 / Avg: 84,031)
21:53:46.475 [INFO ]: Add: 18,000,000 Index (Batch: 44,959 / Avg: 80,161)
21:54:11.300 [INFO ]: Add: 19,000,000 Index (Batch: 40,280 / Avg: 76,191)
21:54:39.639 [INFO ]: Add: 20,000,000 Index (Batch: 35,288 / Avg: 72,017)
21:54:39.639 [INFO ]:   Elapsed: 277.71 seconds [2025/02/06 21:54:39 GMT]
21:55:08.871 [INFO ]: Add: 21,000,000 Index (Batch: 34,209 / Avg: 68,416)
21:55:42.129 [INFO ]: Add: 22,000,000 Index (Batch: 30,067 / Avg: 64,667)
21:56:12.542 [INFO ]: Add: 23,000,000 Index (Batch: 32,879 / Avg: 62,059)
21:56:31.143 [INFO ]: Add: 24,000,000 Index (Batch: 53,763 / Avg: 61,662)
21:56:52.857 [INFO ]: Add: 25,000,000 Index (Batch: 46,053 / Avg: 60,837)
21:57:16.538 [INFO ]: Add: 26,000,000 Index (Batch: 42,227 / Avg: 59,823)
21:57:41.949 [INFO ]: Add: 27,000,000 Index (Batch: 39,351 / Avg: 58,692)
21:58:07.760 [INFO ]: Add: 28,000,000 Index (Batch: 38,743 / Avg: 57,632)
21:58:33.166 [INFO ]: Add: 29,000,000 Index (Batch: 39,360 / Avg: 56,724)
21:58:56.967 [INFO ]: Add: 30,000,000 Index (Batch: 42,016 / Avg: 56,070)
21:58:56.967 [INFO ]:   Elapsed: 535.04 seconds [2025/02/06 21:58:56 GMT]
21:59:22.427 [INFO ]: Add: 31,000,000 Index (Batch: 39,275 / Avg: 55,307)
21:59:45.127 [INFO ]: Add: 32,000,000 Index (Batch: 44,052 / Avg: 54,869)
22:00:06.902 [INFO ]: Add: 33,000,000 Index (Batch: 45,924 / Avg: 54,547)
22:00:44.929 [INFO ]: Add: 34,000,000 Index (Batch: 26,297 / Avg: 52,877)
22:01:09.907 [INFO ]: Index set:  SPO => SPO->POS, SPO->OSP [34,999,179 items, 668.0 seconds]
22:01:16.595 [INFO ]: Finish - index POS
22:01:41.081 [INFO ]: Finish - index OSP
22:01:41.082 [INFO ]: Time = 1,227.754 seconds : Triples = 35,072,660 : Rate = 28,567 /s
22:01:41.082 [INFO ]: TDB Loading ended

Java Finished, quitting the shell too.



  ondex2neo.sh finished
[Thu Feb  6 22:01:41 2025]
Finished job 0.
1 of 1 steps (100%) done
