Building DAG of jobs...
Using shell: /usr/bin/bash
Provided cores: 1 (use --cores to define parallelism)
Rules claiming more threads will be scaled down.
Job counts:
	count	jobs
	1	neo_index
	1

[Wed Feb  5 17:37:59 2025]
rule neo_index:
    input: /home/data/knetminer/pub/endpoints/test-arabidopsis/v60-RC1/tmp/neo-export.flag, /home/data/knetminer/pub/endpoints/test-arabidopsis/v60-RC1/knowledge-graph-annotated.oxl
    output: /home/data/knetminer/pub/endpoints/test-arabidopsis/v60-RC1/tmp/neo-index.flag
    jobid: 0



  Creating KnetMiner initialisation files


  ====> MAKE SURE /home/data/knetminer/software/knetminer/knetminer-initializer-cli/target/knetminer-initializer-cli-5.7-SNAPSHOT IS UPDATED!!!



	Dataset initialiser, working on "/home/data/knetminer/pub/endpoints/test-arabidopsis/v60-RC1/tmp/knet-init", with dataset ID:'test-arabidopsis'


  Updating existing target dir


  Copying config defaults


  Adding specific config files from test-arabidopsis


  Creating default directories (if not already there)


  Remember you need the data file "/home/data/knetminer/pub/endpoints/test-arabidopsis/v60-RC1/tmp/knet-init/data/knowledge-network.oxl"


  All done!

'/home/data/knetminer/software/knetminer-backend/rres-endpoints/config/knet-init/config-etl.yml' -> '/home/data/knetminer/pub/endpoints/test-arabidopsis/v60-RC1/tmp/knet-init/config/config-etl.yml'
'/home/data/knetminer/software/knetminer-backend/rres-endpoints/config/knet-init/neo4j/config.xml' -> '/home/data/knetminer/pub/endpoints/test-arabidopsis/v60-RC1/tmp/knet-init/config/neo4j/config.xml'
'/home/data/knetminer/software/knetminer-backend/rres-endpoints/config/knet-init/neo4j/concept-index-properties.txt' -> '/home/data/knetminer/pub/endpoints/test-arabidopsis/v60-RC1/tmp/knet-init/config/neo4j/concept-index-properties.txt'


  Creating Neo indexing (full-text and semantic motifs)

Picked up JAVA_TOOL_OPTIONS: -Xmx310G -Dneo4j.boltUrl='bolt://rothhpc402:7687' -Dneo4j.user='neo4j' -Dneo4j.password='testTest'
20250205-17:38:05.129 [main] INFO  KnetMinerInitializerCLI - Loading Knetminer configuration from: "/home/data/knetminer/pub/endpoints/test-arabidopsis/v60-RC1/tmp/knet-init/config/config-etl.yml"
20250205-17:38:05.143 [main] INFO  KnetminerConfiguration - Loading Ondex/Knetminer configuration from '/home/data/knetminer/pub/endpoints/test-arabidopsis/v60-RC1/tmp/knet-init/config/config-etl.yml'
20250205-17:38:06.566 [main] INFO  KnetMinerInitializerCLI - Loading the OXL from: "/home/data/knetminer/pub/endpoints/test-arabidopsis/v60-RC1/knowledge-graph-annotated.oxl"
20250205-17:38:06.787 [main] INFO  Parser - Starting OXL parsing... [OXL Parser]
20250205-17:38:12.665 [main] INFO  Parser - concept parsed 100,000 elements 
20250205-17:38:17.176 [main] INFO  Parser - concept parsed 200,000 elements 
20250205-17:38:19.905 [main] INFO  Parser - concept parsed 300,000 elements 
20250205-17:38:23.284 [main] INFO  Parser - concept parsed 400,000 elements 
20250205-17:38:27.284 [main] INFO  Parser - concept parsed 500,000 elements 
20250205-17:38:35.611 [main] INFO  Parser - relation parsed 100,000 elements 
20250205-17:38:40.358 [main] INFO  Parser - relation parsed 200,000 elements 
20250205-17:38:44.439 [main] INFO  Parser - relation parsed 300,000 elements 
20250205-17:38:46.990 [main] INFO  Parser - relation parsed 400,000 elements 
20250205-17:38:56.888 [main] INFO  Parser - relation parsed 500,000 elements 
20250205-17:38:59.451 [main] INFO  Parser - relation parsed 600,000 elements 
20250205-17:39:02.089 [main] INFO  Parser - relation parsed 700,000 elements 
20250205-17:39:08.115 [main] INFO  Parser - relation parsed 800,000 elements 
20250205-17:39:10.534 [main] INFO  Parser - relation parsed 900,000 elements 
20250205-17:39:15.888 [main] INFO  Parser - relation parsed 1,000,000 elements 
20250205-17:39:18.514 [main] INFO  Parser - relation parsed 1,100,000 elements 
20250205-17:39:21.106 [main] INFO  Parser - relation parsed 1,200,000 elements 
20250205-17:39:39.467 [main] INFO  Parser - relation parsed 1,300,000 elements 
20250205-17:39:41.859 [main] INFO  Parser - relation parsed 1,400,000 elements 
20250205-17:39:44.355 [main] INFO  Parser - relation parsed 1,500,000 elements 
20250205-17:39:47.100 [main] INFO  Parser - relation parsed 1,600,000 elements 
20250205-17:39:55.420 [main] INFO  Parser - relation parsed 1,700,000 elements 
20250205-17:39:57.985 [main] INFO  Parser - relation parsed 1,800,000 elements 
20250205-17:40:00.631 [main] INFO  Parser - relation parsed 1,900,000 elements 
20250205-17:40:02.259 [main] INFO  Parser - OXL parsing finished. [OXL Parser]
20250205-17:40:02.265 [main] INFO  KnetMinerInitializerCLI - Doing the data initialisation
20250205-17:40:02.493 [main] INFO  KnetMinerInitializer - Getting/building Lucene Index from: /home/data/knetminer/pub/endpoints/test-arabidopsis/v60-RC1/tmp/knet-init/data/index
20250205-17:40:02.586 [main] INFO  LuceneEnv - Using Lucene with index dir: /home/data/knetminer/pub/endpoints/test-arabidopsis/v60-RC1/tmp/knet-init/data/index [LuceneEnv - setONDEXGraph]
20250205-17:40:03.017 [main] INFO  LuceneEnv - Index opened, old metadata deletions: 
20250205-17:40:03.017 [main] INFO  LuceneEnv - Start indexing the Ondex Graph, 512729 concept(s) sent to index
20250205-17:40:12.678 [pool-2-thread-1] INFO  PercentProgressLogger - 10% of concepts submitted to index
20250205-17:40:19.970 [pool-2-thread-1] INFO  PercentProgressLogger - 20% of concepts submitted to index
20250205-17:40:24.132 [pool-2-thread-1] INFO  PercentProgressLogger - 30% of concepts submitted to index
20250205-17:40:28.703 [pool-2-thread-1] INFO  PercentProgressLogger - 40% of concepts submitted to index
20250205-17:40:31.897 [pool-2-thread-1] INFO  PercentProgressLogger - 50% of concepts submitted to index
20250205-17:40:35.700 [pool-2-thread-1] INFO  PercentProgressLogger - 60% of concepts submitted to index
20250205-17:40:40.051 [pool-2-thread-1] INFO  PercentProgressLogger - 70% of concepts submitted to index
20250205-17:40:46.443 [pool-2-thread-1] INFO  PercentProgressLogger - 80% of concepts submitted to index
20250205-17:40:53.290 [pool-2-thread-1] INFO  PercentProgressLogger - 90% of concepts submitted to index
20250205-17:41:00.285 [pool-2-thread-1] INFO  PercentProgressLogger - 100% of concepts submitted to index
20250205-17:41:03.021 [main] INFO  LuceneEnv - Start indexing the Ondex Graph, 1959361 relation(s) sent to index
20250205-17:41:05.239 [pool-2-thread-1] INFO  PercentProgressLogger - 10% of relations submitted to index
20250205-17:41:09.263 [pool-2-thread-1] INFO  PercentProgressLogger - 20% of relations submitted to index
20250205-17:41:13.178 [pool-2-thread-1] INFO  PercentProgressLogger - 30% of relations submitted to index
20250205-17:41:17.313 [pool-2-thread-1] INFO  PercentProgressLogger - 40% of relations submitted to index
20250205-17:41:21.065 [pool-2-thread-1] INFO  PercentProgressLogger - 50% of relations submitted to index
20250205-17:41:24.868 [pool-2-thread-1] INFO  PercentProgressLogger - 60% of relations submitted to index
20250205-17:41:29.015 [pool-2-thread-1] INFO  PercentProgressLogger - 70% of relations submitted to index
20250205-17:41:32.741 [pool-2-thread-1] INFO  PercentProgressLogger - 80% of relations submitted to index
20250205-17:41:36.351 [pool-2-thread-1] INFO  PercentProgressLogger - 90% of relations submitted to index
20250205-17:41:40.364 [pool-2-thread-1] INFO  PercentProgressLogger - 100% of relations submitted to index
20250205-17:41:56.443 [main] INFO  KnetMinerInitializer - Ondex graph index initialisation finished
20250205-17:41:56.444 [main] INFO  KnetMinerInitializer - Initializing semantic motif data
20250205-17:41:56.449 [main] INFO  KnetMinerInitializer - Creating semantic motif data
20250205-17:41:56.450 [main] INFO  KnetMinerInitializer - Initialising seed genes from TAXID list: [3702]
20250205-17:41:56.608 [main] INFO  AbstractGraphTraverser - Initialising Graph Traverser 'uk.ac.rothamsted.knetminer.backend.cypher.genesearch.CypherGraphTraverser'
20250205-17:41:56.646 [main] INFO  CypherGraphTraverser - Configuring uk.ac.rothamsted.knetminer.backend.cypher.genesearch.CypherGraphTraverser from <file:////home/data/knetminer/pub/endpoints/test-arabidopsis/v60-RC1/tmp/knet-init/config/neo4j/config.xml>
20250205-17:41:58.722 [main] INFO  CyQueriesReader - Loading queries from '/home/data/knetminer/pub/endpoints/test-arabidopsis/v60-RC1/tmp/knet-init/config/neo4j/semantic-motif-queries.txt'
20250205-17:41:58.910 [main] WARN  IOUtils - readFiles(), ignoring missing directory '/home/data/knetminer/pub/endpoints/test-arabidopsis/v60-RC1/tmp/knet-init/config/neo4j/semantic-motif-queries'
20250205-17:41:59.275 [main] INFO  CypherGraphTraverser - uk.ac.rothamsted.knetminer.backend.cypher.genesearch.CypherGraphTraverser configured
20250205-17:41:59.279 [main] WARN  CypherGraphTraverser - Removing duplicated traverser query: MATCH path = (gene_1:Gene) - [enc_1_10_d:enc] -> (protein_10:Protein) - [rel_10_10:ortho] - (protein_10b:Protein) <- [enc_10_8_d:enc] - (gene_8:Gene) WHERE gene_1.iri IN $startGeneIris RETURN path
20250205-17:41:59.279 [main] WARN  CypherGraphTraverser - Some duplicated traverser queries were removed, see log messages above
20250205-17:41:59.279 [main] INFO  CypherGraphTraverser - Graph Traverser, beginning parallel traversing of 34188 concept(s)
20250205-17:41:59.332 [main] INFO  PathQueryProcessor - ---- Cypher Graph Traverser, Config -----
20250205-17:41:59.332 [main] INFO  PathQueryProcessor - queryBatchSize = 500
20250205-17:41:59.333 [main] INFO  PathQueryProcessor - queryTimeoutMs = <default>
20250205-17:41:59.333 [main] INFO  PathQueryProcessor - performanceReportFrequency = <default>
20250205-17:41:59.333 [main] INFO  PathQueryProcessor - queryPageSize = <default>
20250205-17:41:59.333 [main] INFO  PathQueryProcessor - queryThreadPoolSize = <default>
20250205-17:41:59.333 [main] INFO  PathQueryProcessor - queryThreadQueueSize = <default>
20250205-17:41:59.333 [main] INFO  PathQueryProcessor - ---- /CypherQueryTraverser, Config -----
20250205-17:42:18.487 [SinglePathQueryProcessor_0] INFO  GraphMemIndex - Ondex Memory Index, starting indexing operations
20250205-17:42:18.488 [SinglePathQueryProcessor_0] INFO  GraphMemIndex - indexing 512729 concept(s) against the field/attribute: "iri"/"iri"
20250205-17:42:18.670 [SinglePathQueryProcessor_0] INFO  PercentProgressLogger - 10% of concepts indexed
20250205-17:42:18.772 [SinglePathQueryProcessor_0] INFO  PercentProgressLogger - 20% of concepts indexed
20250205-17:42:19.005 [SinglePathQueryProcessor_0] INFO  PercentProgressLogger - 30% of concepts indexed
20250205-17:42:19.162 [SinglePathQueryProcessor_0] INFO  PercentProgressLogger - 40% of concepts indexed
20250205-17:42:19.298 [SinglePathQueryProcessor_0] INFO  PercentProgressLogger - 50% of concepts indexed
20250205-17:42:19.531 [SinglePathQueryProcessor_0] INFO  PercentProgressLogger - 60% of concepts indexed
20250205-17:42:19.628 [SinglePathQueryProcessor_0] INFO  PercentProgressLogger - 70% of concepts indexed
20250205-17:42:19.743 [SinglePathQueryProcessor_0] INFO  PercentProgressLogger - 80% of concepts indexed
20250205-17:42:19.835 [SinglePathQueryProcessor_0] INFO  PercentProgressLogger - 90% of concepts indexed
20250205-17:42:19.928 [SinglePathQueryProcessor_0] INFO  PercentProgressLogger - 100% of concepts indexed
20250205-17:42:19.939 [SinglePathQueryProcessor_0] WARN  GraphMemIndex - === NO VALUE FOR THE ONDEX MEMORY INDEX, field: "iri", entity: datasetMetadata
20250205-17:42:19.940 [SinglePathQueryProcessor_0] INFO  GraphMemIndex - indexing 1959361 relation(s) against the field/attribute: "iri"/"iri"
20250205-17:42:21.037 [SinglePathQueryProcessor_0] INFO  PercentProgressLogger - 10% of relations indexed
20250205-17:42:22.089 [SinglePathQueryProcessor_0] INFO  PercentProgressLogger - 20% of relations indexed
20250205-17:42:23.092 [SinglePathQueryProcessor_0] INFO  PercentProgressLogger - 30% of relations indexed
20250205-17:42:24.102 [SinglePathQueryProcessor_0] INFO  PercentProgressLogger - 40% of relations indexed
20250205-17:42:25.123 [SinglePathQueryProcessor_0] INFO  PercentProgressLogger - 50% of relations indexed
20250205-17:42:26.236 [SinglePathQueryProcessor_0] INFO  PercentProgressLogger - 60% of relations indexed
20250205-17:42:27.252 [SinglePathQueryProcessor_0] INFO  PercentProgressLogger - 70% of relations indexed
20250205-17:42:28.281 [SinglePathQueryProcessor_0] INFO  PercentProgressLogger - 80% of relations indexed
20250205-17:42:29.328 [SinglePathQueryProcessor_0] INFO  PercentProgressLogger - 90% of relations indexed
20250205-17:42:30.421 [SinglePathQueryProcessor_0] INFO  PercentProgressLogger - 100% of relations indexed
20250205-17:42:55.243 [SinglePathQueryProcessor_0] INFO  PercentProgressLogger - 10% of graph traversing queries processed
20250205-17:43:12.259 [SinglePathQueryProcessor_0] INFO  PercentProgressLogger - 20% of graph traversing queries processed
20250205-17:43:29.869 [SinglePathQueryProcessor_0] INFO  PercentProgressLogger - 30% of graph traversing queries processed
20250205-17:44:35.070 [SinglePathQueryProcessor_0] INFO  PercentProgressLogger - 40% of graph traversing queries processed
20250205-17:45:54.977 [SinglePathQueryProcessor_0] INFO  PercentProgressLogger - 50% of graph traversing queries processed
20250205-17:47:03.499 [SinglePathQueryProcessor_0] INFO  PercentProgressLogger - 60% of graph traversing queries processed
20250205-17:47:39.913 [SinglePathQueryProcessor_0] INFO  PercentProgressLogger - 70% of graph traversing queries processed
20250205-17:47:46.485 [SinglePathQueryProcessor_0] INFO  PercentProgressLogger - 80% of graph traversing queries processed
20250205-17:47:51.622 [SinglePathQueryProcessor_0] INFO  PercentProgressLogger - 90% of graph traversing queries processed
20250205-17:47:58.373 [SinglePathQueryProcessor_0] INFO  PercentProgressLogger - 100% of graph traversing queries processed
20250205-17:47:58.442 [main] INFO  PathQueryProcessor - Cypher traverser finished
20250205-17:47:58.534 [main] INFO  CyTraverserPerformanceTracker - 

  -------------- Cypher Graph Traverser, Query Stats --------------
Total queries issued: 5658
Query	Tot Invocations	% Timeouts	Tot Returned Paths	Avg Ret Paths x Gene	Avg Time(ms)	Avg Path Len	Tot Time(min)
"MATCH path = (gene_1:Gene) - [cooc_wi_9_21:cooc_wi] - (bp:BioProc) WHERE gene_1.iri IN $startGeneIris RETURN path"	69	  0.00	0	  0.00	  2.65	  0.00	  0.00
"MATCH path = (gene_1:Gene) - [cooc_wi_9_21:cooc_wi] - (trait_21:Trait) WHERE gene_1.iri IN $startGeneIris RETURN path"	69	  0.00	0	  0.00	  3.23	  0.00	  0.00
"MATCH path = (gene_1:Gene) - [de_9_22_d:differentially_expressed] -> (dGES_22:DGES) - [enriched_for_23_4_d:enriched_for] -> (bioProc_4:BioProc) WHERE gene_1.iri IN $startGeneIris RETURN path"	69	  0.00	0	  0.00	  2.12	  0.00	  0.00
"MATCH path = (gene_1:Gene) - [de_9_22_d:differentially_expressed] -> (dGES_22:DGES) WHERE gene_1.iri IN $startGeneIris RETURN path"	69	  0.00	0	  0.00	  1.83	  0.00	  0.00
"MATCH path = (gene_1:Gene) - [enc_1_10_d:enc] -> (protein_10:Protein) - [rel_10_10:h_s_s|ortho|xref*0..1] - (protein_10b:Protein) - [bp:cooc_wi] - (trait_21:BioProc) WHERE gene_1.iri IN $startGeneIris RETURN path"	69	  0.00	0	  0.00	  2.77	  0.00	  0.00
"MATCH path = (gene_1:Gene) - [enc_1_10_d:enc] -> (protein_10:Protein) - [rel_10_10:h_s_s|ortho|xref*0..1] - (protein_10b:Protein) - [cat_c_10_12_d:cat_c] -> (eC_12:EC) - [equ_12_3:equ] - (molFunc_3:MolFunc) WHERE gene_1.iri IN $startGeneIris RETURN path"	69	  0.00	90889	  2.63	125.35	  9.00	  0.14
"MATCH path = (gene_1:Gene) - [enc_1_10_d:enc] -> (protein_10:Protein) - [rel_10_10:h_s_s|ortho|xref*0..1] - (protein_10b:Protein) - [cat_c_10_15_d:cat_c] -> (eC_15:EC) WHERE gene_1.iri IN $startGeneIris RETURN path"	69	  0.00	102270	  2.96	114.39	  7.00	  0.13
"MATCH path = (gene_1:Gene) - [enc_1_10_d:enc] -> (protein_10:Protein) - [rel_10_10:h_s_s|ortho|xref*0..1] - (protein_10b:Protein) - [cooc_wi_10_21:cooc_wi] - (trait_21:Trait) WHERE gene_1.iri IN $startGeneIris RETURN path"	69	  0.00	0	  0.00	  2.29	  0.00	  0.00
"MATCH path = (gene_1:Gene) - [enc_1_10_d:enc] -> (protein_10:Protein) - [rel_10_10:h_s_s|ortho|xref*0..1] - (protein_10b:Protein) - [has_domain_10_11_d:has_domain] -> (protDomain_11:ProtDomain) - [has_function_11_3_d:has_function] -> (molFunc_3:MolFunc) WHERE gene_1.iri IN $startGeneIris RETURN path"	69	  0.00	0	  0.00	 28.94	  0.00	  0.03
"MATCH path = (gene_1:Gene) - [enc_1_10_d:enc] -> (protein_10:Protein) - [rel_10_10:h_s_s|ortho|xref*0..1] - (protein_10b:Protein) - [has_domain_10_11_d:has_domain] -> (protDomain_11:ProtDomain) - [located_in_11_5_d:located_in] -> (celComp_5:CelComp) WHERE gene_1.iri IN $startGeneIris RETURN path"	69	  0.00	0	  0.00	 29.36	  0.00	  0.03
"MATCH path = (gene_1:Gene) - [enc_1_10_d:enc] -> (protein_10:Protein) - [rel_10_10:h_s_s|ortho|xref*0..1] - (protein_10b:Protein) - [has_domain_10_11_d:has_domain] -> (protDomain_11:ProtDomain) - [participates_in_11_4_d:participates_in] -> (bioProc_4:BioProc) WHERE gene_1.iri IN $startGeneIris RETURN path"	69	  0.00	0	  0.00	 29.57	  0.00	  0.03
"MATCH path = (gene_1:Gene) - [enc_1_10_d:enc] -> (protein_10:Protein) - [rel_10_10:h_s_s|ortho|xref*0..1] - (protein_10b:Protein) - [has_domain_10_14_d:has_domain] -> (protDomain_14:ProtDomain) WHERE gene_1.iri IN $startGeneIris RETURN path"	69	  0.00	156304	  4.53	116.58	  5.00	  0.13
"MATCH path = (gene_1:Gene) - [enc_1_10_d:enc] -> (protein_10:Protein) - [rel_10_10:h_s_s|ortho|xref*0..1] - (protein_10b:Protein) - [has_function_10_3_d:has_function] -> (molFunc_3:MolFunc) WHERE gene_1.iri IN $startGeneIris RETURN path"	69	  0.00	430155	 12.47	368.41	  7.00	  0.42
"MATCH path = (gene_1:Gene) - [enc_1_10_d:enc] -> (protein_10:Protein) - [rel_10_10:h_s_s|ortho|xref*0..1] - (protein_10b:Protein) - [is_a_10_177_d:is_a] -> (enzyme_177:Enzyme) WHERE gene_1.iri IN $startGeneIris RETURN path"	69	  0.00	2494	  0.07	 48.23	  7.00	  0.06
"MATCH path = (gene_1:Gene) - [enc_1_10_d:enc] -> (protein_10:Protein) - [rel_10_10:h_s_s|ortho|xref*0..1] - (protein_10b:Protein) - [is_a_10_17_d:is_a] -> (enzyme_17:Enzyme) - [ca_by_17_188_d:ca_by] -> (reaction_188:Reaction) WHERE gene_1.iri IN $startGeneIris RETURN path"	69	  0.00	0	  0.00	 11.04	  0.00	  0.01
"MATCH path = (gene_1:Gene) - [enc_1_10_d:enc] -> (protein_10:Protein) - [rel_10_10:h_s_s|ortho|xref*0..1] - (protein_10b:Protein) - [is_a_10_17_d:is_a] -> (enzyme_17:Enzyme) - [ca_by_17_18_d:ca_by] -> (reaction_18:Reaction) - [part_of_18_19_d:part_of] -> (path_19:Path) WHERE gene_1.iri IN $startGeneIris RETURN path"	69	  0.00	0	  0.00	 12.35	  0.00	  0.01
"MATCH path = (gene_1:Gene) - [enc_1_10_d:enc] -> (protein_10:Protein) - [rel_10_10:h_s_s|ortho|xref*0..1] - (protein_10b:Protein) - [located_in_10_5_d:located_in] -> (celComp_5:CelComp) WHERE gene_1.iri IN $startGeneIris RETURN path"	69	  0.00	254778	  7.38	247.41	  7.00	  0.28
"MATCH path = (gene_1:Gene) - [enc_1_10_d:enc] -> (protein_10:Protein) - [rel_10_10:h_s_s|ortho|xref*0..1] - (protein_10b:Protein) - [participates_in_10_4_d:participates_in] -> (bioProc_4:BioProc) WHERE gene_1.iri IN $startGeneIris RETURN path"	69	  0.00	363798	 10.54	317.86	  7.00	  0.37
"MATCH path = (gene_1:Gene) - [enc_1_10_d:enc] -> (protein_10:Protein) - [rel_10_10:h_s_s|ortho|xref*0..1] - (protein_10b:Protein) - [pub_in_10_2_d:pub_in] -> (publication_2:Publication) WHERE gene_1.iri IN $startGeneIris RETURN path"	69	  0.00	488374	 14.16	464.35	  6.87	  0.53
"MATCH path = (gene_1:Gene) - [enc_1_10_d:enc] -> (protein_10:Protein) - [rel_10_10:h_s_s|ortho|xref*0..1] - (protein_10b:Protein) - [rel_xref:xref] - (protein_11:Protein) WHERE gene_1.iri IN $startGeneIris RETURN path"	69	  0.00	110968	  3.22	101.83	  5.75	  0.12
"MATCH path = (gene_1:Gene) - [enc_1_10_d:enc] -> (protein_10:Protein) - [rel_10_10:h_s_s|ortho|xref*0..1] - (protein_7:Protein) WHERE gene_1.iri IN $startGeneIris RETURN path"	69	  0.00	266039	  7.71	161.19	  4.64	  0.19
"MATCH path = (gene_1:Gene) - [enc_1_10_d:enc] -> (protein_10:Protein) - [rel_10_10:ortho] - (protein_10b:Protein) <- [enc_10_8_d:enc] - (gene_8:Gene) WHERE gene_1.iri IN $startGeneIris RETURN path"	69	  0.00	0	  0.00	 10.83	  0.00	  0.01
"MATCH path = (gene_1:Gene) - [enc_1_10_d:enc] -> (protein_10:Protein) - [rel_10_10:ortho] - (protein_10b:Protein) <- [enc_10_9_d:enc] - (gene_9:Gene) - [bp:cooc_wi] - (trait_21:BioProc) WHERE gene_1.iri IN $startGeneIris RETURN path"	69	  0.00	0	  0.00	  2.04	  0.00	  0.00
"MATCH path = (gene_1:Gene) - [enc_1_10_d:enc] -> (protein_10:Protein) - [rel_10_10:ortho] - (protein_10b:Protein) <- [enc_10_9_d:enc] - (gene_9:Gene) - [cooc_wi_9_21:cooc_wi] - (trait_21:Trait) WHERE gene_1.iri IN $startGeneIris RETURN path"	69	  0.00	0	  0.00	  2.04	  0.00	  0.00
"MATCH path = (gene_1:Gene) - [enc_1_10_d:enc] -> (protein_10:Protein) - [rel_10_10:ortho] - (protein_10b:Protein) <- [enc_10_9_d:enc] - (gene_9:Gene) - [has_function_9_3_d:has_function] -> (molFunc_3:MolFunc) WHERE gene_1.iri IN $startGeneIris RETURN path"	69	  0.00	0	  0.00	 10.87	  0.00	  0.01
"MATCH path = (gene_1:Gene) - [enc_1_10_d:enc] -> (protein_10:Protein) - [rel_10_10:ortho] - (protein_10b:Protein) <- [enc_10_9_d:enc] - (gene_9:Gene) - [has_phenotype_9_13_d:has_phenotype] -> (phenotype_13:Phenotype) WHERE gene_1.iri IN $startGeneIris RETURN path"	69	  0.00	0	  0.00	 11.00	  0.00	  0.01
"MATCH path = (gene_1:Gene) - [enc_1_10_d:enc] -> (protein_10:Protein) - [rel_10_10:ortho] - (protein_10b:Protein) <- [enc_10_9_d:enc] - (gene_9:Gene) - [has_variation_9_20_d:has_variation] -> (sNP_20:SNP) - [associated_with_20_211_d:associated_with] -> (pheno_211:Phenotype) - [is_part_of_211_21:part_of] - (trait_21:Trait) WHERE gene_1.iri IN $startGeneIris RETURN path"	69	  0.00	0	  0.00	 11.87	  0.00	  0.01
"MATCH path = (gene_1:Gene) - [enc_1_10_d:enc] -> (protein_10:Protein) - [rel_10_10:ortho] - (protein_10b:Protein) <- [enc_10_9_d:enc] - (gene_9:Gene) - [has_variation_9_20_d:has_variation] -> (sNP_20:SNP) - [associated_with_20_211_d:associated_with] -> (pheno_211:Phenotype) - [pub_in_211_2_d:pub_in] -> (publication_2:Publication) WHERE gene_1.iri IN $startGeneIris RETURN path"	69	  0.00	0	  0.00	 11.61	  0.00	  0.01
"MATCH path = (gene_1:Gene) - [enc_1_10_d:enc] -> (protein_10:Protein) - [rel_10_10:ortho] - (protein_10b:Protein) <- [enc_10_9_d:enc] - (gene_9:Gene) - [has_variation_9_20_d:has_variation] -> (sNP_20:SNP) - [associated_with_20_21_d:associated_with] -> (pheno_21:Phenotype) WHERE gene_1.iri IN $startGeneIris RETURN path"	69	  0.00	0	  0.00	 19.19	  0.00	  0.02
"MATCH path = (gene_1:Gene) - [enc_1_10_d:enc] -> (protein_10:Protein) - [rel_10_10:ortho] - (protein_10b:Protein) <- [enc_10_9_d:enc] - (gene_9:Gene) - [has_variation_9_20_d:has_variation] -> (sNP_20:SNP) - [leads_to_20_26_d:leads_to] -> (sNPEffect_26:SNPEffect) WHERE gene_1.iri IN $startGeneIris RETURN path"	69	  0.00	0	  0.00	  2.39	  0.00	  0.00
"MATCH path = (gene_1:Gene) - [enc_1_10_d:enc] -> (protein_10:Protein) - [rel_10_10:ortho] - (protein_10b:Protein) <- [enc_10_9_d:enc] - (gene_9:Gene) - [located_in_9_5_d:located_in] -> (celComp_5:CelComp) WHERE gene_1.iri IN $startGeneIris RETURN path"	69	  0.00	0	  0.00	 11.03	  0.00	  0.01
"MATCH path = (gene_1:Gene) - [enc_1_10_d:enc] -> (protein_10:Protein) - [rel_10_10:ortho] - (protein_10b:Protein) <- [enc_10_9_d:enc] - (gene_9:Gene) - [participates_in_9_4_d:participates_in] -> (bioProc_4:BioProc) WHERE gene_1.iri IN $startGeneIris RETURN path"	69	  0.00	0	  0.00	 10.90	  0.00	  0.01
"MATCH path = (gene_1:Gene) - [enc_1_10_d:enc] -> (protein_10:Protein) - [rel_10_10:ortho] - (protein_10b:Protein) <- [enc_10_9_d:enc] - (gene_9:Gene) - [pub_in_9_2_d:occ_in] -> (publication_2:Publication) WHERE gene_1.iri IN $startGeneIris RETURN path"	69	  0.00	0	  0.00	 11.99	  0.00	  0.01
"MATCH path = (gene_1:Gene) - [enc_1_10_d:enc] -> (protein_10:Protein) - [rel_10_10:ortho] - (protein_10b:Protein) <- [enc_10_9_d:enc] - (gene_9:Gene) - [pub_in_9_2_d:pub_in] -> (publication_2:Publication) WHERE gene_1.iri IN $startGeneIris RETURN path"	69	  0.00	0	  0.00	 10.86	  0.00	  0.01
"MATCH path = (gene_1:Gene) - [enc_1_10_d:enc] -> (protein_10:Protein) - [rel_10_10:ortho] - (protein_10b:Protein) <- [enc_10_9_d:enc] - (gene_9:Gene) - [rel_9_9_2:genetic] -> (gene_9b:Gene) - [pub_in_9_2_d:pub_in] -> (publication_2:Publication) WHERE gene_1.iri IN $startGeneIris RETURN path"	69	  0.00	0	  0.00	 12.07	  0.00	  0.01
"MATCH path = (gene_1:Gene) - [enc_1_10_d:enc] -> (protein_10:Protein) - [rel_10_10:ortho] - (protein_10b:Protein) <- [enc_10_9_d:enc] - (gene_9:Gene) - [rel_9_9_2:genetic|physical] - (gene_9b:Gene) - [cooc_wi_9_21:cooc_wi] - (trait_21:Trait) WHERE gene_1.iri IN $startGeneIris RETURN path"	69	  0.00	0	  0.00	  2.46	  0.00	  0.00
"MATCH path = (gene_1:Gene) - [enc_1_10_d:enc] -> (protein_10:Protein) - [rel_10_10:ortho] - (protein_10b:Protein) <- [enc_10_9_d:enc] - (gene_9:Gene) - [rel_9_9_2:genetic|physical] - (gene_9b:Gene) - [has_function_9_3_d:has_function] -> (molFunc_3:MolFunc) WHERE gene_1.iri IN $startGeneIris RETURN path"	69	  0.00	0	  0.00	 11.16	  0.00	  0.01
"MATCH path = (gene_1:Gene) - [enc_1_10_d:enc] -> (protein_10:Protein) - [rel_10_10:ortho] - (protein_10b:Protein) <- [enc_10_9_d:enc] - (gene_9:Gene) - [rel_9_9_2:genetic|physical] - (gene_9b:Gene) - [has_phenotype_9_13_d:has_phenotype] -> (phenotype_13:Phenotype) WHERE gene_1.iri IN $startGeneIris RETURN path"	69	  0.00	0	  0.00	 11.23	  0.00	  0.01
"MATCH path = (gene_1:Gene) - [enc_1_10_d:enc] -> (protein_10:Protein) - [rel_10_10:ortho] - (protein_10b:Protein) <- [enc_10_9_d:enc] - (gene_9:Gene) - [rel_9_9_2:genetic|physical] - (gene_9b:Gene) - [has_variation_9_20_d:has_variation] -> (sNP_20:SNP) - [associated_with_20_211_d:associated_with] -> (pheno_211:Phenotype) - [is_part_of_211_21:part_of] - (trait_21:Trait) WHERE gene_1.iri IN $startGeneIris RETURN path"	69	  0.00	0	  0.00	 11.97	  0.00	  0.01
"MATCH path = (gene_1:Gene) - [enc_1_10_d:enc] -> (protein_10:Protein) - [rel_10_10:ortho] - (protein_10b:Protein) <- [enc_10_9_d:enc] - (gene_9:Gene) - [rel_9_9_2:genetic|physical] - (gene_9b:Gene) - [has_variation_9_20_d:has_variation] -> (sNP_20:SNP) - [associated_with_20_211_d:associated_with] -> (pheno_211:Phenotype) - [pub_in_211_2_d:pub_in] -> (publication_2:Publication) WHERE gene_1.iri IN $startGeneIris RETURN path"	69	  0.00	0	  0.00	 12.09	  0.00	  0.01
"MATCH path = (gene_1:Gene) - [enc_1_10_d:enc] -> (protein_10:Protein) - [rel_10_10:ortho] - (protein_10b:Protein) <- [enc_10_9_d:enc] - (gene_9:Gene) - [rel_9_9_2:genetic|physical] - (gene_9b:Gene) - [has_variation_9_20_d:has_variation] -> (sNP_20:SNP) - [associated_with_20_21_d:associated_with] -> (pheno_21:Phenotype) WHERE gene_1.iri IN $startGeneIris RETURN path"	69	  0.00	0	  0.00	 11.25	  0.00	  0.01
"MATCH path = (gene_1:Gene) - [enc_1_10_d:enc] -> (protein_10:Protein) - [rel_10_10:ortho] - (protein_10b:Protein) <- [enc_10_9_d:enc] - (gene_9:Gene) - [rel_9_9_2:genetic|physical] - (gene_9b:Gene) - [has_variation_9_20_d:has_variation] -> (sNP_20:SNP) - [leads_to_20_26_d:leads_to] -> (sNPEffect_26:SNPEffect) WHERE gene_1.iri IN $startGeneIris RETURN path"	69	  0.00	0	  0.00	  2.67	  0.00	  0.00
"MATCH path = (gene_1:Gene) - [enc_1_10_d:enc] -> (protein_10:Protein) - [rel_10_10:ortho] - (protein_10b:Protein) <- [enc_10_9_d:enc] - (gene_9:Gene) - [rel_9_9_2:genetic|physical] - (gene_9b:Gene) - [located_in_9_5_d:located_in] -> (celComp_5:CelComp) WHERE gene_1.iri IN $startGeneIris RETURN path"	69	  0.00	0	  0.00	 11.10	  0.00	  0.01
"MATCH path = (gene_1:Gene) - [enc_1_10_d:enc] -> (protein_10:Protein) - [rel_10_10:ortho] - (protein_10b:Protein) <- [enc_10_9_d:enc] - (gene_9:Gene) - [rel_9_9_2:genetic|physical] - (gene_9b:Gene) - [participates_in_9_4_d:participates_in] -> (bioProc_4:BioProc) WHERE gene_1.iri IN $startGeneIris RETURN path"	69	  0.00	0	  0.00	 11.19	  0.00	  0.01
"MATCH path = (gene_1:Gene) - [enc_1_10_d:enc] -> (protein_10:Protein) - [rel_10_10:ortho] - (protein_10b:Protein) <- [enc_10_9_d:enc] - (gene_9:Gene) - [rel_9_9_2:genetic|physical] - (gene_9b:Gene) WHERE gene_1.iri IN $startGeneIris RETURN path"	69	  0.00	0	  0.00	 10.62	  0.00	  0.01
"MATCH path = (gene_1:Gene) - [enc_1_10_d:enc] -> (protein_10:Protein) - [rel_10_10:ortho] - (protein_10b:Protein) <- [enc_10_9_d:enc] - (gene_9:Gene) - [rel_9_9_2:physical] -> (gene_9b:Gene) - [pub_in_9_2_d:pub_in] -> (publication_2:Publication) WHERE gene_1.iri IN $startGeneIris RETURN path"	69	  0.00	0	  0.00	 12.03	  0.00	  0.01
"MATCH path = (gene_1:Gene) - [enc_1_10_d:enc] -> (protein_10:Protein) - [rel_10_10:ortho] - (protein_10b:Protein) <- [enc_10_9_d:enc] - (gene_9:Gene) <- [rel_9_9_2:genetic] - (gene_9b:Gene) - [pub_in_9_2_d:pub_in] -> (publication_2:Publication) WHERE gene_1.iri IN $startGeneIris RETURN path"	69	  0.00	0	  0.00	 11.97	  0.00	  0.01
"MATCH path = (gene_1:Gene) - [enc_1_10_d:enc] -> (protein_10:Protein) - [rel_10_10:ortho] - (protein_10b:Protein) <- [enc_10_9_d:enc] - (gene_9:Gene) <- [rel_9_9_2:physical] - (gene_9b:Gene) - [pub_in_9_2_d:pub_in] -> (publication_2:Publication) WHERE gene_1.iri IN $startGeneIris RETURN path"	69	  0.00	0	  0.00	 11.12	  0.00	  0.01
"MATCH path = (gene_1:Gene) - [enc_1_7_d:enc] -> (protein_7:Protein) WHERE gene_1.iri IN $startGeneIris RETURN path"	69	  0.00	48321	  1.40	 73.46	  3.00	  0.08
"MATCH path = (gene_1:Gene) - [has_function_9_3_d:has_function] -> (molFunc_3:MolFunc) WHERE gene_1.iri IN $startGeneIris RETURN path"	69	  0.00	44195	  1.28	 50.16	  3.00	  0.06
"MATCH path = (gene_1:Gene) - [has_phenotype_9_13_d:has_phenotype] -> (phenotype_13:Phenotype) WHERE gene_1.iri IN $startGeneIris RETURN path"	69	  0.00	13586	  0.39	 21.78	  3.00	  0.03
"MATCH path = (gene_1:Gene) - [located_in_9_5_d:located_in] -> (celComp_5:CelComp) WHERE gene_1.iri IN $startGeneIris RETURN path"	69	  0.00	51449	  1.49	 34.32	  3.00	  0.04
"MATCH path = (gene_1:Gene) - [occ_in_1_2_d:occ_in] -> (publication_2:Publication) WHERE gene_1.iri IN $startGeneIris RETURN path"	69	  0.00	0	  0.00	  9.62	  0.00	  0.01
"MATCH path = (gene_1:Gene) - [op:occ_in|pub_in] -> (publication_2:Publication) - [occ:occ_in] - (bp_1:BioProc) WHERE gene_1.iri IN $startGeneIris RETURN path"	69	  0.00	4984	  0.14	 37.49	  5.00	  0.04
"MATCH path = (gene_1:Gene) - [op:occ_in|pub_in] -> (publication_2:Publication) - [occ:occ_in] - (trait_1:Trait) WHERE gene_1.iri IN $startGeneIris RETURN path"	69	  0.00	10177	  0.29	 44.41	  5.00	  0.05
"MATCH path = (gene_1:Gene) - [part_of_1_19_d:part_of] -> (path_19:Path) WHERE gene_1.iri IN $startGeneIris RETURN path"	69	  0.00	5147	  0.15	 18.00	  3.00	  0.02
"MATCH path = (gene_1:Gene) - [part_of_1_19_d:part_of] -> (reaction_188:Reaction) WHERE gene_1.iri IN $startGeneIris RETURN path"	69	  0.00	2104	  0.06	 17.07	  3.00	  0.02
"MATCH path = (gene_1:Gene) - [part_of_1_23_d:part_of] -> (coExpCluster_23:CoExpCluster) - [part_of_23_25_d:part_of] -> (coExpStudy_25:CoExpStudy) WHERE gene_1.iri IN $startGeneIris RETURN path"	69	  0.00	0	  0.00	  2.26	  0.00	  0.00
"MATCH path = (gene_1:Gene) - [part_of_1_23_d:part_of] -> (coExpCluster_23:CoExpCluster) - [rel:enriched_for] -> (bioProc_4:BioProc) WHERE toFloat(rel.p_adjust)<1E-10 AND gene_1.iri IN $startGeneIris RETURN path"	69	  0.00	0	  0.00	  2.54	  0.00	  0.00
"MATCH path = (gene_1:Gene) - [part_of_1_23_d:part_of] -> (coExpCluster_23:CoExpCluster) - [rel:enriched_for] -> (plantOntologyTerm_24:PlantOntologyTerm) WHERE toFloat(rel.over_represented_padj)<1E-3 AND gene_1.iri IN $startGeneIris RETURN path"	69	  0.00	0	  0.00	  2.19	  0.00	  0.00
"MATCH path = (gene_1:Gene) - [participates_in_9_4_d:participates_in] -> (bioProc_4:BioProc) WHERE gene_1.iri IN $startGeneIris RETURN path"	69	  0.00	46676	  1.35	 34.35	  3.00	  0.04
"MATCH path = (gene_1:Gene) - [pav:absent_in|present_in] - (c:Cultivar) WHERE gene_1.iri IN $startGeneIris RETURN path"	69	  0.00	0	  0.00	  3.65	  0.00	  0.00
"MATCH path = (gene_1:Gene) - [pub_in_9_2_d:pub_in] -> (publication_2:Publication) WHERE gene_1.iri IN $startGeneIris RETURN path"	69	  0.00	236769	  6.86	118.46	  3.00	  0.14
"MATCH path = (gene_1:Gene) - [rel_1_20_d:has_mutant|has_variation] -> (sNP_20:SNP) - [associated_with_20_211_d:associated_with] -> (pheno_211:Phenotype) - [is_part_of_211_21:part_of] -> (pheno_21:Trait) WHERE gene_1.iri IN $startGeneIris RETURN path"	69	  0.00	54055	  1.57	 51.12	  7.00	  0.06
"MATCH path = (gene_1:Gene) - [rel_1_20_d:has_mutant|has_variation] -> (sNP_20:SNP) - [associated_with_20_211_d:associated_with] -> (pheno_211:Phenotype) - [pub_in_211_2_d:pub_in] -> (publication_2:Publication) WHERE gene_1.iri IN $startGeneIris RETURN path"	69	  0.00	0	  0.00	 10.49	  0.00	  0.01
"MATCH path = (gene_1:Gene) - [rel_1_20_d:has_mutant|has_variation] -> (sNP_20:SNP) - [associated_with_20_211_d:associated_with] -> (pheno_211:Phenotype) WHERE gene_1.iri IN $startGeneIris RETURN path"	69	  0.00	56058	  1.62	 43.28	  5.00	  0.05
"MATCH path = (gene_1:Gene) - [rel_1_20_d:has_mutant|has_variation] -> (sNP_20:SNP) - [leads_to_20_26_d:leads_to] -> (sNPEffect_26:SNPEffect) WHERE gene_1.iri IN $startGeneIris RETURN path"	69	  0.00	0	  0.00	  2.43	  0.00	  0.00
"MATCH path = (gene_1:Gene) - [rel_1_8:homoeolog|regulates|genetic|physical] - (gene_8:Gene) WHERE gene_1.iri IN $startGeneIris RETURN path"	69	  0.00	23156	  0.67	 35.90	  3.00	  0.04
"MATCH path = (gene_1:Gene) - [rel_1_9:homoeolog|regulates|genetic|physical] - (gene_9:Gene) - [cooc_wi_9_21:cooc_wi] - (bp:BioProc) WHERE gene_1.iri IN $startGeneIris RETURN path"	69	  0.00	0	  0.00	  2.49	  0.00	  0.00
"MATCH path = (gene_1:Gene) - [rel_1_9:homoeolog|regulates|genetic|physical] - (gene_9:Gene) - [cooc_wi_9_21:cooc_wi] - (trait_21:Trait) WHERE gene_1.iri IN $startGeneIris RETURN path"	69	  0.00	0	  0.00	  2.23	  0.00	  0.00
"MATCH path = (gene_1:Gene) - [rel_1_9:homoeolog|regulates|genetic|physical] - (gene_9:Gene) - [has_function_9_3_d:has_function] -> (molFunc_3:MolFunc) WHERE gene_1.iri IN $startGeneIris RETURN path"	69	  0.00	64871	  1.88	 58.35	  5.00	  0.07
"MATCH path = (gene_1:Gene) - [rel_1_9:homoeolog|regulates|genetic|physical] - (gene_9:Gene) - [has_phenotype_9_13_d:has_phenotype] -> (phenotype_13:Phenotype) WHERE gene_1.iri IN $startGeneIris RETURN path"	69	  0.00	69835	  2.02	 55.58	  5.00	  0.06
"MATCH path = (gene_1:Gene) - [rel_1_9:homoeolog|regulates|genetic|physical] - (gene_9:Gene) - [located_in_9_5_d:located_in] -> (celComp_5:CelComp) WHERE gene_1.iri IN $startGeneIris RETURN path"	69	  0.00	62251	  1.80	 55.43	  5.00	  0.06
"MATCH path = (gene_1:Gene) - [rel_1_9:homoeolog|regulates|genetic|physical] - (gene_9:Gene) - [occ_in_1_2_d:occ_in] -> (publication_2:Publication) WHERE gene_1.iri IN $startGeneIris RETURN path"	69	  0.00	0	  0.00	 10.52	  0.00	  0.01
"MATCH path = (gene_1:Gene) - [rel_1_9:homoeolog|regulates|genetic|physical] - (gene_9:Gene) - [part_of_1_19_d:part_of] -> (path_19:Path) WHERE gene_1.iri IN $startGeneIris RETURN path"	69	  0.00	18985	  0.55	 29.90	  5.00	  0.03
"MATCH path = (gene_1:Gene) - [rel_1_9:homoeolog|regulates|genetic|physical] - (gene_9:Gene) - [part_of_1_19_d:part_of] -> (reaction_188:Reaction) WHERE gene_1.iri IN $startGeneIris RETURN path"	69	  0.00	8977	  0.26	 27.59	  5.00	  0.03
"MATCH path = (gene_1:Gene) - [rel_1_9:homoeolog|regulates|genetic|physical] - (gene_9:Gene) - [participates_in_9_4_d:participates_in] -> (bioProc_4:BioProc) WHERE gene_1.iri IN $startGeneIris RETURN path"	69	  0.00	112278	  3.25	 89.96	  5.00	  0.10
"MATCH path = (gene_1:Gene) - [rel_1_9:homoeolog|regulates|genetic|physical] - (gene_9:Gene) - [pub_in_9_2_d:pub_in] -> (publication_2:Publication) WHERE gene_1.iri IN $startGeneIris RETURN path"	69	  0.00	1136469	 32.94	703.80	  5.00	  0.81
"MATCH path = (gene_1:Gene) - [rel_1_9:homoeolog|regulates|genetic|physical] - (gene_9:Gene) - [rel_1_20_d:has_mutant|has_variation] -> (sNP_20:SNP) - [associated_with_20_211_d:associated_with] -> (pheno_211:Phenotype) - [is_part_of_211_21:part_of] -> (pheno_21:Trait) WHERE gene_1.iri IN $startGeneIris RETURN path"	69	  0.00	48196	  1.40	 60.49	  9.00	  0.07
"MATCH path = (gene_1:Gene) - [rel_1_9:homoeolog|regulates|genetic|physical] - (gene_9:Gene) - [rel_1_20_d:has_mutant|has_variation] -> (sNP_20:SNP) - [associated_with_20_211_d:associated_with] -> (pheno_211:Phenotype) - [pub_in_211_2_d:pub_in] -> (publication_2:Publication) WHERE gene_1.iri IN $startGeneIris RETURN path"	69	  0.00	0	  0.00	 12.16	  0.00	  0.01
"MATCH path = (gene_1:Gene) - [rel_1_9:homoeolog|regulates|genetic|physical] - (gene_9:Gene) - [rel_1_20_d:has_mutant|has_variation] -> (sNP_20:SNP) - [associated_with_20_211_d:associated_with] -> (pheno_211:Phenotype) WHERE gene_1.iri IN $startGeneIris RETURN path"	69	  0.00	49904	  1.45	 60.74	  7.00	  0.07
"MATCH path = (gene_1:Gene) - [rel_1_9:homoeolog|regulates|genetic|physical] - (gene_9:Gene) - [rel_1_20_d:has_mutant|has_variation] -> (sNP_20:SNP) - [leads_to_20_26_d:leads_to] -> (sNPEffect_26:SNPEffect) WHERE gene_1.iri IN $startGeneIris RETURN path"	69	  0.00	0	  0.00	  7.36	  0.00	  0.01


20250205-17:47:58.534 [main] INFO  KnetMinerInitializer - Generating semantic motif summary tables
20250205-17:47:59.153 [main] INFO  PercentProgressLogger - 10% of paths stored
20250205-17:47:59.484 [main] INFO  PercentProgressLogger - 20% of paths stored
20250205-17:47:59.854 [main] INFO  PercentProgressLogger - 30% of paths stored
20250205-17:48:00.180 [main] INFO  PercentProgressLogger - 40% of paths stored
20250205-17:48:00.627 [main] INFO  PercentProgressLogger - 50% of paths stored
20250205-17:48:01.038 [main] INFO  PercentProgressLogger - 60% of paths stored
20250205-17:48:01.451 [main] INFO  PercentProgressLogger - 70% of paths stored
20250205-17:48:01.912 [main] INFO  PercentProgressLogger - 80% of paths stored
20250205-17:48:02.518 [main] INFO  PercentProgressLogger - 90% of paths stored
20250205-17:48:03.023 [main] INFO  PercentProgressLogger - 100% of paths stored
20250205-17:48:03.048 [main] INFO  KnetMinerInitializer - Creating genes2QTLs map
20250205-17:48:03.067 [main] INFO  PercentProgressLogger - 10% of genes processed
20250205-17:48:03.083 [main] INFO  PercentProgressLogger - 20% of genes processed
20250205-17:48:03.100 [main] INFO  PercentProgressLogger - 30% of genes processed
20250205-17:48:03.116 [main] INFO  PercentProgressLogger - 40% of genes processed
20250205-17:48:03.131 [main] INFO  PercentProgressLogger - 50% of genes processed
20250205-17:48:03.147 [main] INFO  PercentProgressLogger - 60% of genes processed
20250205-17:48:03.170 [main] INFO  PercentProgressLogger - 70% of genes processed
20250205-17:48:03.182 [main] INFO  PercentProgressLogger - 80% of genes processed
20250205-17:48:03.194 [main] INFO  PercentProgressLogger - 90% of genes processed
20250205-17:48:03.202 [main] INFO  KnetMinerInitializer - Populated gene2QTL with 0 mapping(s)
20250205-17:48:03.202 [main] INFO  KnetMinerInitializer - Dumping semantic motif summary tables on files, at "/home/data/knetminer/pub/endpoints/test-arabidopsis/v60-RC1/tmp/knet-init/data"
20250205-17:48:10.972 [main] INFO  KnetMinerInitializer - Saving graph stats to '/home/data/knetminer/pub/endpoints/test-arabidopsis/v60-RC1/tmp/knet-init/data/knowledge-network-stats.json'
20250205-17:48:11.249 [main] INFO  KnetMinerInitializer - End of graph stats export
20250205-17:48:11.250 [main] INFO  KnetMinerInitializer - genes2Concepts populated with 28983 elements
20250205-17:48:11.250 [main] INFO  KnetMinerInitializer - concepts2Genes populated with 207251 elements
20250205-17:48:11.250 [main] INFO  KnetMinerInitializer - genes2PathLengths populated with 1920521 elements
20250205-17:48:11.250 [main] WARN  KnetMinerInitializer - genes2QTLs is null/empty
20250205-17:48:11.250 [main] INFO  KnetMinerInitializer - Semantic motif data initialization ended.
20250205-17:48:11.250 [main] INFO  KnetMinerInitializerCLI - Creating Neo4j indexes and optimisations
20250205-17:48:11.259 [main] INFO  NeoInitComponent - NeoConceptIndexer setting Neo4j connection from config params
20250205-17:48:11.260 [main] INFO  NeoInitComponent - Setting Neo4j connection from driver parameter
20250205-17:48:11.260 [main] INFO  NeoConceptIndexer - Retrieving concept index properties from: /home/data/knetminer/pub/endpoints/test-arabidopsis/v60-RC1/tmp/knet-init/config/neo4j/concept-index-properties.txt
20250205-17:48:11.265 [main] INFO  NeoConceptIndexer - Creating Neo4j full text index for concept searching
20250205-17:48:11.265 [main] INFO  NeoConceptIndexer - Fetching all DB concept properties
20250205-17:48:12.351 [main] INFO  NeoConceptIndexer - Found 42 concept properties in the DB
20250205-17:48:12.351 [main] INFO  NeoConceptIndexer - Expanding to 42 DB properties from 16 base names
20250205-17:48:12.352 [main] INFO  NeoConceptIndexer - Returning 17 DB properties after base property filtering
20250205-17:48:12.353 [main] INFO  NeoConceptIndexer - Deleting old concept full text index
20250205-17:48:12.364 [main] INFO  NeoConceptIndexer - Creating full text index for concepts
20250205-17:48:12.476 [main] INFO  NeoConceptIndexer - Full text index for concepts created
20250205-17:48:12.476 [main] INFO  NeoConceptIndexer - Concept full text indexing, all done
20250205-17:48:12.481 [main] INFO  NeoInitComponent - NeoGenePubIdIndexer setting Neo4j connection from config params
20250205-17:48:12.481 [main] INFO  NeoInitComponent - Setting Neo4j connection from driver parameter
20250205-17:48:12.481 [main] INFO  NeoGenePubIdIndexer - Creating Neo4j full text index for gene labels
20250205-17:48:12.512 [main] INFO  NeoGenePubIdIndexer - Gene name/accession indexing, all done
20250205-17:48:12.514 [main] INFO  NeoInitComponent - NeoChromosomeFix setting Neo4j connection from config params
20250205-17:48:12.514 [main] INFO  NeoInitComponent - Setting Neo4j connection from driver parameter
20250205-17:48:12.514 [main] INFO  NeoChromosomeFix - Fixing gene chromosome properties
20250205-17:48:15.533 [main] INFO  NeoChromosomeFix - Chromosome properties processed
20250205-17:48:15.535 [main] INFO  NeoInitComponent - NeoPrefNamesFix setting Neo4j connection from config params
20250205-17:48:15.535 [main] INFO  NeoInitComponent - Setting Neo4j connection from driver parameter
20250205-17:48:15.535 [main] INFO  NeoPrefNamesFix - Fixing concept prefName property
20250205-17:48:15.907 [main] INFO  NeoPrefNamesFix - Names processed
20250205-17:48:15.907 [main] INFO  KnetMinerInitializerCLI - Populating Neo4j with semantic motif summaries
20250205-17:48:16.147 [main] INFO  NeoInitComponent - NeoMotifImporter setting Neo4j connection from config params
20250205-17:48:16.147 [main] INFO  NeoInitComponent - Setting Neo4j connection from driver parameter
20250205-17:48:16.147 [main] INFO  NeoMotifImporter - Deleting old semantic motif endpoints
20250205-17:48:16.318 [main] INFO  NeoMotifImporter - Creating Neo4j Concept ID indexes
20250205-17:48:16.356 [main] INFO  NeoMotifImporter - ID indexes created
20250205-17:48:16.357 [main] INFO  NeoMotifImporter - Saving 1920521 semantic motif endpoints to Neo4j
20250205-17:48:17.039 [main] INFO  PercentProgressLogger - 10% semantic motif endpoints sent to Neo4j
20250205-17:48:17.164 [main] INFO  PercentProgressLogger - 20% semantic motif endpoints sent to Neo4j
20250205-17:48:17.279 [main] INFO  PercentProgressLogger - 30% semantic motif endpoints sent to Neo4j
20250205-17:48:17.419 [main] INFO  PercentProgressLogger - 40% semantic motif endpoints sent to Neo4j
20250205-17:48:17.554 [main] INFO  PercentProgressLogger - 50% semantic motif endpoints sent to Neo4j
20250205-17:48:29.775 [neoMotifImporter.scheduler-1] INFO  PercentProgressLogger - 10% semantic motif endpoints stored
20250205-17:48:40.590 [neoMotifImporter.scheduler-1] INFO  PercentProgressLogger - 20% semantic motif endpoints stored
20250205-17:48:45.770 [neoMotifImporter.scheduler-1] INFO  PercentProgressLogger - 60% semantic motif endpoints sent to Neo4j
20250205-17:48:45.890 [neoMotifImporter.scheduler-1] INFO  PercentProgressLogger - 70% semantic motif endpoints sent to Neo4j
20250205-17:48:45.992 [neoMotifImporter.scheduler-1] INFO  PercentProgressLogger - 80% semantic motif endpoints sent to Neo4j
20250205-17:48:50.864 [neoMotifImporter.scheduler-1] INFO  PercentProgressLogger - 30% semantic motif endpoints stored
20250205-17:49:00.044 [neoMotifImporter.scheduler-1] INFO  PercentProgressLogger - 40% semantic motif endpoints stored
20250205-17:49:09.568 [neoMotifImporter.scheduler-1] INFO  PercentProgressLogger - 50% semantic motif endpoints stored
20250205-17:49:09.977 [neoMotifImporter.scheduler-1] INFO  PercentProgressLogger - 90% semantic motif endpoints sent to Neo4j
20250205-17:49:10.071 [neoMotifImporter.scheduler-1] INFO  PercentProgressLogger - 100% semantic motif endpoints sent to Neo4j
20250205-17:49:10.084 [neoMotifImporter.scheduler-1] INFO  NeoMotifImporter - Waiting for Neo4j updates to complete
20250205-17:49:19.228 [neoMotifImporter.scheduler-1] INFO  PercentProgressLogger - 60% semantic motif endpoints stored
20250205-17:49:30.472 [neoMotifImporter.scheduler-1] INFO  PercentProgressLogger - 70% semantic motif endpoints stored
20250205-17:49:39.150 [neoMotifImporter.scheduler-1] INFO  PercentProgressLogger - 80% semantic motif endpoints stored
20250205-17:49:50.135 [neoMotifImporter.scheduler-1] INFO  PercentProgressLogger - 90% semantic motif endpoints stored
20250205-17:49:59.835 [neoMotifImporter.scheduler-1] INFO  PercentProgressLogger - 100% semantic motif endpoints stored
20250205-17:50:00.243 [main] INFO  NeoMotifImporter - saveMotifLinks(), done
20250205-17:50:00.243 [main] INFO  NeoMotifImporter - Deleting old per-concept gene counts
20250205-17:50:00.283 [main] INFO  NeoMotifImporter - Saving per-concept gene counts to Neo4j
20250205-17:50:08.301 [main] INFO  NeoMotifImporter - Saving per-concept all-species gene counts to Neo4j
20250205-17:50:15.887 [main] INFO  NeoMotifImporter - saveConceptGeneCounts(), done
20250205-17:50:15.887 [main] INFO  NeoMotifImporter - Deleting old per-gene concept counts
20250205-17:50:15.924 [main] INFO  NeoMotifImporter - Saving per-gene concept counts to Neo4j
20250205-17:50:18.174 [main] INFO  NeoMotifImporter - saveGeneConceptCounts(), done
20250205-17:50:18.174 [main] INFO  NeoMotifImporter - Creating Neo4j Motif Stats indexes
20250205-17:50:18.201 [main] INFO  NeoMotifImporter - Motif Stats indexes created
OXL attribute compressor shut down
Java Finished. Quitting the Shell Too.


Running Cypher query to generate medata and summary nodes in Neo4j
Picked up JAVA_TOOL_OPTIONS: -Xmx310G -Dneo4j.boltUrl='bolt://rothhpc402:7687' -Dneo4j.user='neo4j' -Dneo4j.password='testTest'
Picked up JAVA_TOOL_OPTIONS: -Xmx310G -Dneo4j.boltUrl='bolt://rothhpc402:7687' -Dneo4j.user='neo4j' -Dneo4j.password='testTest'

All Neo4j indexing and stats generation done


All Neo4j indexing and stats generation done

[Wed Feb  5 17:50:46 2025]
Finished job 0.
1 of 1 steps (100%) done
