Building DAG of jobs...
Using shell: /usr/bin/bash
Provided cores: 1 (use --cores to define parallelism)
Rules claiming more threads will be scaled down.
Job counts:
	count	jobs
	1	add_uris
	1

[Wed Feb  5 16:49:49 2025]
rule add_uris:
    input: /home/data/knetminer/etl-test/arabidopsis/60/generic/knowledge-network.oxl
    output: /home/data/knetminer/pub/endpoints/test-arabidopsis/v60-RC1/tmp/knowledge-graph-uris.oxl
    jobid: 0



Adding URIs to '/home/data/knetminer/etl-test/arabidopsis/60/generic/knowledge-network.oxl' and saving to '/home/data/knetminer/pub/endpoints/test-arabidopsis/v60-RC1/tmp/knowledge-graph-uris.oxl'
Picked up JAVA_TOOL_OPTIONS: -Xmx310G

16:49:53.414 [INFO ]: Loading '/home/data/knetminer/etl-test/arabidopsis/60/generic/knowledge-network.oxl'
16:49:53.507 [INFO ]: Starting OXL parsing... [OXL Parser]
16:49:58.211 [INFO ]: concept parsed 100,000 elements 
16:50:01.579 [INFO ]: concept parsed 200,000 elements 
16:50:03.558 [INFO ]: concept parsed 300,000 elements 
16:50:06.905 [INFO ]: concept parsed 400,000 elements 
16:50:10.679 [INFO ]: concept parsed 500,000 elements 
16:50:14.755 [INFO ]: relation parsed 100,000 elements 
16:50:19.782 [INFO ]: relation parsed 200,000 elements 
16:50:20.835 [INFO ]: relation parsed 300,000 elements 
16:50:22.129 [INFO ]: relation parsed 400,000 elements 
16:50:25.877 [INFO ]: relation parsed 500,000 elements 
16:50:26.899 [INFO ]: relation parsed 600,000 elements 
16:50:27.961 [INFO ]: relation parsed 700,000 elements 
16:50:31.452 [INFO ]: relation parsed 800,000 elements 
16:50:32.510 [INFO ]: relation parsed 900,000 elements 
16:50:33.574 [INFO ]: relation parsed 1,000,000 elements 
16:50:45.394 [INFO ]: relation parsed 1,100,000 elements 
16:50:46.605 [INFO ]: relation parsed 1,200,000 elements 
16:50:47.778 [INFO ]: relation parsed 1,300,000 elements 
16:50:48.866 [INFO ]: relation parsed 1,400,000 elements 
16:50:50.102 [INFO ]: relation parsed 1,500,000 elements 
16:50:51.595 [INFO ]: relation parsed 1,600,000 elements 
16:50:57.712 [INFO ]: relation parsed 1,700,000 elements 
16:50:58.878 [INFO ]: relation parsed 1,800,000 elements 
16:51:00.111 [INFO ]: relation parsed 1,900,000 elements 
16:51:00.890 [INFO ]: OXL parsing finished. [OXL Parser]
16:51:00.891 [INFO ]: Graph Loaded, now processing it
16:51:00.891 [INFO ]: Adding URIs to 512728 concept(s) and 1959361 relation(s)
16:51:00.891 [INFO ]: Start processing concepts
16:51:01.458 [INFO ]: 10% of concepts done
16:51:01.811 [INFO ]: 20% of concepts done
16:51:01.898 [INFO ]: 30% of concepts done
16:51:02.296 [INFO ]: 40% of concepts done
16:51:02.628 [INFO ]: 50% of concepts done
16:51:02.975 [INFO ]: 60% of concepts done
16:51:03.479 [INFO ]: 70% of concepts done
16:51:03.846 [INFO ]: 80% of concepts done
16:51:03.931 [INFO ]: 90% of concepts done
16:51:04.180 [INFO ]: 100% of concepts done
16:51:04.185 [INFO ]: Start processing relations
16:51:13.448 [INFO ]: 10% of relations done
16:51:18.733 [INFO ]: 20% of relations done
16:51:23.358 [INFO ]: 30% of relations done
16:51:27.698 [INFO ]: 40% of relations done
16:51:46.959 [INFO ]: 50% of relations done
16:51:50.690 [INFO ]: 60% of relations done
16:51:57.939 [INFO ]: 70% of relations done
16:52:01.670 [INFO ]: 80% of relations done
16:52:07.104 [INFO ]: 90% of relations done
16:52:10.755 [INFO ]: 100% of relations done
Total concepts to export: 512,728
100,000 concepts written (19.50%).
200,000 concepts written (39.01%).
300,000 concepts written (58.51%).
400,000 concepts written (78.01%).
500,000 concepts written (97.52%).

Total relations to export: 1,959,361
100,000 relations written (5.10%).
200,000 relations written (10.21%).
300,000 relations written (15.31%).
400,000 relations written (20.41%).
500,000 relations written (25.52%).
600,000 relations written (30.62%).
700,000 relations written (35.73%).
800,000 relations written (40.83%).
900,000 relations written (45.93%).
1,000,000 relations written (51.04%).
1,100,000 relations written (56.14%).
1,200,000 relations written (61.24%).
1,300,000 relations written (66.35%).
1,400,000 relations written (71.45%).
1,500,000 relations written (76.56%).
1,600,000 relations written (81.66%).
1,700,000 relations written (86.76%).
1,800,000 relations written (91.87%).
1,900,000 relations written (96.97%).

16:53:06.587 [INFO ]: URI addition finished.
OXL attribute compressor shut down
Java Finished. Quitting the Shell Too.

[Wed Feb  5 16:53:06 2025]
Finished job 0.
1 of 1 steps (100%) done
