Building DAG of jobs...
Using shell: /usr/bin/bash
Provided cores: 1 (use --cores to define parallelism)
Rules claiming more threads will be scaled down.
Job counts:
	count	jobs
	1	neo_index
	1
Select jobs to execute...

[Thu Feb  6 22:29:29 2025]
rule neo_index:
    input: /home/data/knetminer/pub/endpoints/ascomycota-premium/v60-RC4/tmp/neo-export.flag, /home/data/knetminer/pub/endpoints/ascomycota-premium/v60-RC4/knowledge-graph-annotated.oxl
    output: /home/data/knetminer/pub/endpoints/ascomycota-premium/v60-RC4/tmp/neo-index.flag
    jobid: 0



  Creating KnetMiner initialisation files


  ====> MAKE SURE /home/data/knetminer/software/knetminer/knetminer-initializer-cli/target/knetminer-initializer-cli-5.7-SNAPSHOT IS UPDATED!!!



	Dataset initialiser, working on "/home/data/knetminer/pub/endpoints/ascomycota-premium/v60-RC4/tmp/knet-init", with dataset ID:'ascomycota-premium'


  Updating existing target dir


  Copying config defaults


  Adding specific config files from ascomycota-premium


  Creating default directories (if not already there)


  Remember you need the data file "/home/data/knetminer/pub/endpoints/ascomycota-premium/v60-RC4/tmp/knet-init/data/knowledge-network.oxl"


  All done!

'/home/data/knetminer/software/knetminer-backend/rres-endpoints/config/knet-init/config-etl.yml' -> '/home/data/knetminer/pub/endpoints/ascomycota-premium/v60-RC4/tmp/knet-init/config/config-etl.yml'
'/home/data/knetminer/software/knetminer-backend/rres-endpoints/config/knet-init/neo4j/config.xml' -> '/home/data/knetminer/pub/endpoints/ascomycota-premium/v60-RC4/tmp/knet-init/config/neo4j/config.xml'
'/home/data/knetminer/software/knetminer-backend/rres-endpoints/config/knet-init/neo4j/concept-index-properties.txt' -> '/home/data/knetminer/pub/endpoints/ascomycota-premium/v60-RC4/tmp/knet-init/config/neo4j/concept-index-properties.txt'


  Creating Neo indexing (full-text and semantic motifs)

Picked up JAVA_TOOL_OPTIONS: -Xmx310G -Dneo4j.boltUrl='bolt://rothhpc402:7687' -Dneo4j.user='neo4j' -Dneo4j.password='testTest'
20250206-22:29:35.198 [main] INFO  KnetMinerInitializerCLI - Loading Knetminer configuration from: "/home/data/knetminer/pub/endpoints/ascomycota-premium/v60-RC4/tmp/knet-init/config/config-etl.yml"
20250206-22:29:35.211 [main] INFO  KnetminerConfiguration - Loading Ondex/Knetminer configuration from '/home/data/knetminer/pub/endpoints/ascomycota-premium/v60-RC4/tmp/knet-init/config/config-etl.yml'
20250206-22:29:36.669 [main] INFO  KnetMinerInitializerCLI - Loading the OXL from: "/home/data/knetminer/pub/endpoints/ascomycota-premium/v60-RC4/knowledge-graph-annotated.oxl"
20250206-22:29:36.882 [main] INFO  Parser - Starting OXL parsing... [OXL Parser]
20250206-22:29:45.795 [main] INFO  Parser - concept parsed 100,000 elements 
20250206-22:29:56.652 [main] INFO  Parser - concept parsed 200,000 elements 
20250206-22:30:00.279 [main] INFO  Parser - concept parsed 300,000 elements 
20250206-22:30:09.878 [main] INFO  Parser - concept parsed 400,000 elements 
20250206-22:30:15.356 [main] INFO  Parser - concept parsed 500,000 elements 
20250206-22:30:19.902 [main] INFO  Parser - concept parsed 600,000 elements 
20250206-22:30:31.506 [main] INFO  Parser - relation parsed 100,000 elements 
20250206-22:30:35.022 [main] INFO  Parser - relation parsed 200,000 elements 
20250206-22:30:41.451 [main] INFO  Parser - relation parsed 300,000 elements 
20250206-22:30:47.386 [main] INFO  Parser - relation parsed 400,000 elements 
20250206-22:30:50.612 [main] INFO  Parser - relation parsed 500,000 elements 
20250206-22:30:53.561 [main] INFO  Parser - relation parsed 600,000 elements 
20250206-22:30:59.040 [main] INFO  Parser - relation parsed 700,000 elements 
20250206-22:31:02.408 [main] INFO  Parser - relation parsed 800,000 elements 
20250206-22:31:19.811 [main] INFO  Parser - relation parsed 900,000 elements 
20250206-22:31:23.145 [main] INFO  Parser - relation parsed 1,000,000 elements 
20250206-22:31:26.760 [main] INFO  Parser - relation parsed 1,100,000 elements 
20250206-22:31:35.767 [main] INFO  Parser - relation parsed 1,200,000 elements 
20250206-22:31:38.982 [main] INFO  Parser - relation parsed 1,300,000 elements 
20250206-22:31:42.126 [main] INFO  Parser - relation parsed 1,400,000 elements 
20250206-22:31:44.873 [main] INFO  Parser - relation parsed 1,500,000 elements 
20250206-22:31:52.718 [main] INFO  Parser - relation parsed 1,600,000 elements 
20250206-22:31:55.232 [main] INFO  Parser - relation parsed 1,700,000 elements 
20250206-22:31:58.213 [main] INFO  Parser - relation parsed 1,800,000 elements 
20250206-22:32:01.428 [main] INFO  Parser - relation parsed 1,900,000 elements 
20250206-22:32:10.159 [main] INFO  Parser - relation parsed 2,000,000 elements 
20250206-22:32:13.721 [main] INFO  Parser - relation parsed 2,100,000 elements 
20250206-22:32:16.980 [main] INFO  Parser - relation parsed 2,200,000 elements 
20250206-22:32:20.071 [main] INFO  Parser - OXL parsing finished. [OXL Parser]
20250206-22:32:20.076 [main] INFO  KnetMinerInitializerCLI - Doing the data initialisation
20250206-22:32:20.425 [main] INFO  KnetMinerInitializer - Getting/building Lucene Index from: /home/data/knetminer/pub/endpoints/ascomycota-premium/v60-RC4/tmp/knet-init/data/index
20250206-22:32:20.510 [main] INFO  LuceneEnv - Using Lucene with index dir: /home/data/knetminer/pub/endpoints/ascomycota-premium/v60-RC4/tmp/knet-init/data/index [LuceneEnv - setONDEXGraph]
20250206-22:32:20.917 [main] INFO  LuceneEnv - Index opened, old metadata deletions: 
20250206-22:32:20.917 [main] INFO  LuceneEnv - Start indexing the Ondex Graph, 624864 concept(s) sent to index
20250206-22:32:54.464 [pool-2-thread-1] INFO  PercentProgressLogger - 10% of concepts submitted to index
20250206-22:33:15.912 [pool-2-thread-1] INFO  PercentProgressLogger - 20% of concepts submitted to index
20250206-22:33:34.302 [pool-2-thread-1] INFO  PercentProgressLogger - 30% of concepts submitted to index
20250206-22:33:45.516 [pool-2-thread-1] INFO  PercentProgressLogger - 40% of concepts submitted to index
20250206-22:33:50.978 [pool-2-thread-1] INFO  PercentProgressLogger - 50% of concepts submitted to index
20250206-22:34:02.258 [pool-2-thread-1] INFO  PercentProgressLogger - 60% of concepts submitted to index
20250206-22:34:15.027 [pool-2-thread-1] INFO  PercentProgressLogger - 70% of concepts submitted to index
20250206-22:34:22.876 [pool-2-thread-1] INFO  PercentProgressLogger - 80% of concepts submitted to index
20250206-22:34:30.904 [pool-2-thread-1] INFO  PercentProgressLogger - 90% of concepts submitted to index
20250206-22:34:36.790 [pool-2-thread-1] INFO  PercentProgressLogger - 100% of concepts submitted to index
20250206-22:34:39.180 [main] INFO  LuceneEnv - Start indexing the Ondex Graph, 2299768 relation(s) sent to index
20250206-22:34:41.720 [pool-2-thread-1] INFO  PercentProgressLogger - 10% of relations submitted to index
20250206-22:34:46.176 [pool-2-thread-1] INFO  PercentProgressLogger - 20% of relations submitted to index
20250206-22:34:50.550 [pool-2-thread-1] INFO  PercentProgressLogger - 30% of relations submitted to index
20250206-22:34:55.233 [pool-2-thread-1] INFO  PercentProgressLogger - 40% of relations submitted to index
20250206-22:35:00.368 [pool-2-thread-1] INFO  PercentProgressLogger - 50% of relations submitted to index
20250206-22:35:04.721 [pool-2-thread-1] INFO  PercentProgressLogger - 60% of relations submitted to index
20250206-22:35:09.231 [pool-2-thread-1] INFO  PercentProgressLogger - 70% of relations submitted to index
20250206-22:35:13.815 [pool-2-thread-1] INFO  PercentProgressLogger - 80% of relations submitted to index
20250206-22:35:18.877 [pool-2-thread-1] INFO  PercentProgressLogger - 90% of relations submitted to index
20250206-22:35:23.308 [pool-2-thread-1] INFO  PercentProgressLogger - 100% of relations submitted to index
20250206-22:35:26.921 [main] INFO  KnetMinerInitializer - Ondex graph index initialisation finished
20250206-22:35:26.922 [main] INFO  KnetMinerInitializer - Initializing semantic motif data
20250206-22:35:26.926 [main] INFO  KnetMinerInitializer - Creating semantic motif data
20250206-22:35:26.926 [main] INFO  KnetMinerInitializer - Initialising seed genes from TAXID list: [559292, 330879, 227321, 237561, 1318462, 5518, 242507, 367110, 284812, 336722]
20250206-22:35:27.170 [main] INFO  AbstractGraphTraverser - Initialising Graph Traverser 'uk.ac.rothamsted.knetminer.backend.cypher.genesearch.CypherGraphTraverser'
20250206-22:35:27.207 [main] INFO  CypherGraphTraverser - Configuring uk.ac.rothamsted.knetminer.backend.cypher.genesearch.CypherGraphTraverser from <file:////home/data/knetminer/pub/endpoints/ascomycota-premium/v60-RC4/tmp/knet-init/config/neo4j/config.xml>
20250206-22:35:29.103 [main] INFO  CyQueriesReader - Loading queries from '/home/data/knetminer/pub/endpoints/ascomycota-premium/v60-RC4/tmp/knet-init/config/neo4j/semantic-motif-queries.txt'
20250206-22:35:29.260 [main] WARN  IOUtils - readFiles(), ignoring missing directory '/home/data/knetminer/pub/endpoints/ascomycota-premium/v60-RC4/tmp/knet-init/config/neo4j/semantic-motif-queries'
20250206-22:35:29.616 [main] INFO  CypherGraphTraverser - uk.ac.rothamsted.knetminer.backend.cypher.genesearch.CypherGraphTraverser configured
20250206-22:35:29.619 [main] WARN  CypherGraphTraverser - Removing duplicated traverser query: MATCH path = (gene_1:Gene) - [enc_1_10_d:enc] -> (protein_10:Protein) - [rel_10_10:ortho] - (protein_10b:Protein) <- [enc_10_8_d:enc] - (gene_8:Gene) WHERE gene_1.iri IN $startGeneIris RETURN path
20250206-22:35:29.619 [main] WARN  CypherGraphTraverser - Some duplicated traverser queries were removed, see log messages above
20250206-22:35:29.619 [main] INFO  CypherGraphTraverser - Graph Traverser, beginning parallel traversing of 103839 concept(s)
20250206-22:35:29.664 [main] INFO  PathQueryProcessor - ---- Cypher Graph Traverser, Config -----
20250206-22:35:29.664 [main] INFO  PathQueryProcessor - queryBatchSize = 500
20250206-22:35:29.664 [main] INFO  PathQueryProcessor - queryTimeoutMs = <default>
20250206-22:35:29.664 [main] INFO  PathQueryProcessor - performanceReportFrequency = <default>
20250206-22:35:29.664 [main] INFO  PathQueryProcessor - queryPageSize = <default>
20250206-22:35:29.664 [main] INFO  PathQueryProcessor - queryThreadPoolSize = <default>
20250206-22:35:29.665 [main] INFO  PathQueryProcessor - queryThreadQueueSize = <default>
20250206-22:35:29.665 [main] INFO  PathQueryProcessor - ---- /CypherQueryTraverser, Config -----
20250206-22:35:31.068 [SinglePathQueryProcessor_0] INFO  GraphMemIndex - Ondex Memory Index, starting indexing operations
20250206-22:35:31.069 [SinglePathQueryProcessor_0] INFO  GraphMemIndex - indexing 624864 concept(s) against the field/attribute: "iri"/"iri"
20250206-22:35:31.245 [SinglePathQueryProcessor_0] INFO  PercentProgressLogger - 10% of concepts indexed
20250206-22:35:31.492 [SinglePathQueryProcessor_0] INFO  PercentProgressLogger - 20% of concepts indexed
20250206-22:35:31.590 [SinglePathQueryProcessor_0] INFO  PercentProgressLogger - 30% of concepts indexed
20250206-22:35:31.684 [SinglePathQueryProcessor_0] INFO  PercentProgressLogger - 40% of concepts indexed
20250206-22:35:31.788 [SinglePathQueryProcessor_0] INFO  PercentProgressLogger - 50% of concepts indexed
20250206-22:35:31.914 [SinglePathQueryProcessor_0] INFO  PercentProgressLogger - 60% of concepts indexed
20250206-22:35:32.047 [SinglePathQueryProcessor_0] INFO  PercentProgressLogger - 70% of concepts indexed
20250206-22:35:32.157 [SinglePathQueryProcessor_0] INFO  PercentProgressLogger - 80% of concepts indexed
20250206-22:35:32.236 [SinglePathQueryProcessor_0] WARN  GraphMemIndex - === NO VALUE FOR THE ONDEX MEMORY INDEX, field: "iri", entity: datasetMetadata
20250206-22:35:32.263 [SinglePathQueryProcessor_0] INFO  PercentProgressLogger - 90% of concepts indexed
20250206-22:35:32.364 [SinglePathQueryProcessor_0] INFO  PercentProgressLogger - 100% of concepts indexed
20250206-22:35:32.369 [SinglePathQueryProcessor_0] INFO  GraphMemIndex - indexing 2299768 relation(s) against the field/attribute: "iri"/"iri"
20250206-22:35:33.659 [SinglePathQueryProcessor_0] INFO  PercentProgressLogger - 10% of relations indexed
20250206-22:35:34.808 [SinglePathQueryProcessor_0] INFO  PercentProgressLogger - 20% of relations indexed
20250206-22:35:35.968 [SinglePathQueryProcessor_0] INFO  PercentProgressLogger - 30% of relations indexed
20250206-22:35:37.152 [SinglePathQueryProcessor_0] INFO  PercentProgressLogger - 40% of relations indexed
20250206-22:35:38.393 [SinglePathQueryProcessor_0] INFO  PercentProgressLogger - 50% of relations indexed
20250206-22:35:39.555 [SinglePathQueryProcessor_0] INFO  PercentProgressLogger - 60% of relations indexed
20250206-22:35:42.328 [SinglePathQueryProcessor_0] INFO  PercentProgressLogger - 70% of relations indexed
20250206-22:35:43.495 [SinglePathQueryProcessor_0] INFO  PercentProgressLogger - 80% of relations indexed
20250206-22:35:44.670 [SinglePathQueryProcessor_0] INFO  PercentProgressLogger - 90% of relations indexed
20250206-22:35:45.839 [SinglePathQueryProcessor_0] INFO  PercentProgressLogger - 100% of relations indexed
20250206-22:37:27.227 [SinglePathQueryProcessor_0] INFO  PercentProgressLogger - 10% of graph traversing queries processed
20250206-22:37:43.221 [SinglePathQueryProcessor_0] INFO  PercentProgressLogger - 20% of graph traversing queries processed
20250206-22:37:48.849 [SinglePathQueryProcessor_0] INFO  PercentProgressLogger - 30% of graph traversing queries processed
20250206-23:13:44.587 [SinglePathQueryProcessor_0] INFO  PercentProgressLogger - 40% of graph traversing queries processed
20250206-23:16:15.627 [SinglePathQueryProcessor_0] INFO  PercentProgressLogger - 50% of graph traversing queries processed
20250206-23:19:20.644 [SinglePathQueryProcessor_0] INFO  PercentProgressLogger - 60% of graph traversing queries processed
20250206-23:22:33.589 [SinglePathQueryProcessor_0] INFO  PercentProgressLogger - 70% of graph traversing queries processed
20250206-23:27:23.540 [SinglePathQueryProcessor_0] INFO  PercentProgressLogger - 80% of graph traversing queries processed
20250206-23:39:38.049 [SinglePathQueryProcessor_0] INFO  PercentProgressLogger - 90% of graph traversing queries processed
20250207-02:40:19.921 [SinglePathQueryProcessor_0] INFO  PercentProgressLogger - 100% of graph traversing queries processed
20250207-02:40:43.800 [main] INFO  PathQueryProcessor - Cypher traverser finished
20250207-02:40:43.801 [main] WARN  PathQueryProcessor - Some queries couldn't complete, see the summary statistics (must be enabled)
20250207-02:40:43.818 [main] INFO  CyTraverserPerformanceTracker - 

  -------------- Cypher Graph Traverser, Query Stats --------------
Total queries issued: 17264
Query	Tot Invocations	% Timeouts	Tot Returned Paths	Avg Ret Paths x Gene	Avg Time(ms)	Avg Path Len	Tot Time(min)
"MATCH path = (gene_1:Gene) - [cooc_wi_9_21:cooc_wi] - (bp:BioProc) WHERE gene_1.iri IN $startGeneIris RETURN path"	208	  0.00	50881	  0.49	 17.75	  3.00	  0.06
"MATCH path = (gene_1:Gene) - [cooc_wi_9_21:cooc_wi] - (trait_21:Trait) WHERE gene_1.iri IN $startGeneIris RETURN path"	208	  0.00	1664	  0.02	 10.78	  3.00	  0.04
"MATCH path = (gene_1:Gene) - [de_9_22_d:differentially_expressed] -> (dGES_22:DGES) - [enriched_for_23_4_d:enriched_for] -> (bioProc_4:BioProc) WHERE gene_1.iri IN $startGeneIris RETURN path"	208	  0.00	0	  0.00	  1.46	  0.00	  0.01
"MATCH path = (gene_1:Gene) - [de_9_22_d:differentially_expressed] -> (dGES_22:DGES) WHERE gene_1.iri IN $startGeneIris RETURN path"	208	  0.00	0	  0.00	  1.22	  0.00	  0.00
"MATCH path = (gene_1:Gene) - [enc_1_10_d:enc] -> (protein_10:Protein) - [rel_10_10:h_s_s|ortho|xref*0..1] - (protein_10b:Protein) - [bp:cooc_wi] - (trait_21:BioProc) WHERE gene_1.iri IN $startGeneIris RETURN path"	208	  0.00	0	  0.00	 28.45	  0.00	  0.10
"MATCH path = (gene_1:Gene) - [enc_1_10_d:enc] -> (protein_10:Protein) - [rel_10_10:h_s_s|ortho|xref*0..1] - (protein_10b:Protein) - [cat_c_10_12_d:cat_c] -> (eC_12:EC) - [equ_12_3:equ] - (molFunc_3:MolFunc) WHERE gene_1.iri IN $startGeneIris RETURN path"	208	  0.00	0	  0.00	  1.43	  0.00	  0.00
"MATCH path = (gene_1:Gene) - [enc_1_10_d:enc] -> (protein_10:Protein) - [rel_10_10:h_s_s|ortho|xref*0..1] - (protein_10b:Protein) - [cat_c_10_15_d:cat_c] -> (eC_15:EC) WHERE gene_1.iri IN $startGeneIris RETURN path"	208	  0.00	187953	  1.81	 98.47	  7.00	  0.34
"MATCH path = (gene_1:Gene) - [enc_1_10_d:enc] -> (protein_10:Protein) - [rel_10_10:h_s_s|ortho|xref*0..1] - (protein_10b:Protein) - [cooc_wi_10_21:cooc_wi] - (trait_21:Trait) WHERE gene_1.iri IN $startGeneIris RETURN path"	208	  0.00	0	  0.00	  5.42	  0.00	  0.02
"MATCH path = (gene_1:Gene) - [enc_1_10_d:enc] -> (protein_10:Protein) - [rel_10_10:h_s_s|ortho|xref*0..1] - (protein_10b:Protein) - [has_domain_10_11_d:has_domain] -> (protDomain_11:ProtDomain) - [has_function_11_3_d:has_function] -> (molFunc_3:MolFunc) WHERE gene_1.iri IN $startGeneIris RETURN path"	208	  0.00	0	  0.00	 29.43	  0.00	  0.10
"MATCH path = (gene_1:Gene) - [enc_1_10_d:enc] -> (protein_10:Protein) - [rel_10_10:h_s_s|ortho|xref*0..1] - (protein_10b:Protein) - [has_domain_10_11_d:has_domain] -> (protDomain_11:ProtDomain) - [located_in_11_5_d:located_in] -> (celComp_5:CelComp) WHERE gene_1.iri IN $startGeneIris RETURN path"	208	  0.00	0	  0.00	 29.43	  0.00	  0.10
"MATCH path = (gene_1:Gene) - [enc_1_10_d:enc] -> (protein_10:Protein) - [rel_10_10:h_s_s|ortho|xref*0..1] - (protein_10b:Protein) - [has_domain_10_11_d:has_domain] -> (protDomain_11:ProtDomain) - [participates_in_11_4_d:participates_in] -> (bioProc_4:BioProc) WHERE gene_1.iri IN $startGeneIris RETURN path"	208	  0.00	0	  0.00	 29.55	  0.00	  0.10
"MATCH path = (gene_1:Gene) - [enc_1_10_d:enc] -> (protein_10:Protein) - [rel_10_10:h_s_s|ortho|xref*0..1] - (protein_10b:Protein) - [has_domain_10_14_d:has_domain] -> (protDomain_14:ProtDomain) WHERE gene_1.iri IN $startGeneIris RETURN path"	208	  0.00	1891361	 18.19	500.52	  6.71	  1.74
"MATCH path = (gene_1:Gene) - [enc_1_10_d:enc] -> (protein_10:Protein) - [rel_10_10:h_s_s|ortho|xref*0..1] - (protein_10b:Protein) - [has_function_10_3_d:has_function] -> (molFunc_3:MolFunc) WHERE gene_1.iri IN $startGeneIris RETURN path"	208	  0.00	732394	  7.04	254.95	  7.00	  0.88
"MATCH path = (gene_1:Gene) - [enc_1_10_d:enc] -> (protein_10:Protein) - [rel_10_10:h_s_s|ortho|xref*0..1] - (protein_10b:Protein) - [has_pheno:has_phenotype] - (pheno:Phenotype) WHERE gene_1.iri IN $startGeneIris RETURN path"	208	  0.00	15392	  0.15	 59.69	  7.00	  0.21
"MATCH path = (gene_1:Gene) - [enc_1_10_d:enc] -> (protein_10:Protein) - [rel_10_10:h_s_s|ortho|xref*0..1] - (protein_10b:Protein) - [is_a_10_177_d:is_a] -> (enzyme_177:Enzyme) WHERE gene_1.iri IN $startGeneIris RETURN path"	208	  0.00	0	  0.00	  1.35	  0.00	  0.00
"MATCH path = (gene_1:Gene) - [enc_1_10_d:enc] -> (protein_10:Protein) - [rel_10_10:h_s_s|ortho|xref*0..1] - (protein_10b:Protein) - [is_a_10_17_d:is_a] -> (enzyme_17:Enzyme) - [ca_by_17_188_d:ca_by] -> (reaction_188:Reaction) WHERE gene_1.iri IN $startGeneIris RETURN path"	208	  0.00	0	  0.00	  1.43	  0.00	  0.00
"MATCH path = (gene_1:Gene) - [enc_1_10_d:enc] -> (protein_10:Protein) - [rel_10_10:h_s_s|ortho|xref*0..1] - (protein_10b:Protein) - [is_a_10_17_d:is_a] -> (enzyme_17:Enzyme) - [ca_by_17_18_d:ca_by] -> (reaction_18:Reaction) - [part_of_18_19_d:part_of] -> (path_19:Path) WHERE gene_1.iri IN $startGeneIris RETURN path"	208	  0.00	0	  0.00	  1.59	  0.00	  0.01
"MATCH path = (gene_1:Gene) - [enc_1_10_d:enc] -> (protein_10:Protein) - [rel_10_10:h_s_s|ortho|xref*0..1] - (protein_10b:Protein) - [located_in_10_5_d:located_in] -> (celComp_5:CelComp) WHERE gene_1.iri IN $startGeneIris RETURN path"	208	  0.00	666876	  6.41	236.13	  7.00	  0.82
"MATCH path = (gene_1:Gene) - [enc_1_10_d:enc] -> (protein_10:Protein) - [rel_10_10:h_s_s|ortho|xref*0..1] - (protein_10b:Protein) - [participates_in_10_4_d:participates_in] -> (bioProc_4:BioProc) WHERE gene_1.iri IN $startGeneIris RETURN path"	208	  0.00	730979	  7.03	256.30	  7.00	  0.89
"MATCH path = (gene_1:Gene) - [enc_1_10_d:enc] -> (protein_10:Protein) - [rel_10_10:h_s_s|ortho|xref*0..1] - (protein_10b:Protein) - [pub_in_10_2_d:pub_in] -> (publication_2:Publication) WHERE gene_1.iri IN $startGeneIris RETURN path"	208	  0.00	446818	  4.30	198.34	  7.00	  0.69
"MATCH path = (gene_1:Gene) - [enc_1_10_d:enc] -> (protein_10:Protein) - [rel_10_10:h_s_s|ortho|xref*0..1] - (protein_10b:Protein) - [rel_xref:xref] - (protein_11:Protein) WHERE gene_1.iri IN $startGeneIris RETURN path"	208	  0.00	717385	  6.90	231.76	  6.70	  0.80
"MATCH path = (gene_1:Gene) - [enc_1_10_d:enc] -> (protein_10:Protein) - [rel_10_10:h_s_s|ortho|xref*0..1] - (protein_7:Protein) WHERE gene_1.iri IN $startGeneIris RETURN path"	208	  0.00	916098	  8.81	177.07	  4.78	  0.61
"MATCH path = (gene_1:Gene) - [enc_1_10_d:enc] -> (protein_10:Protein) - [rel_10_10:ortho] - (protein_10b:Protein) <- [enc_10_8_d:enc] - (gene_8:Gene) WHERE gene_1.iri IN $startGeneIris RETURN path"	208	  0.00	401516	  3.86	131.46	  7.00	  0.46
"MATCH path = (gene_1:Gene) - [enc_1_10_d:enc] -> (protein_10:Protein) - [rel_10_10:ortho] - (protein_10b:Protein) <- [enc_10_9_d:enc] - (gene_9:Gene) - [bp:cooc_wi] - (trait_21:BioProc) WHERE gene_1.iri IN $startGeneIris RETURN path"	208	  0.00	345068	  3.32	154.82	  9.00	  0.54
"MATCH path = (gene_1:Gene) - [enc_1_10_d:enc] -> (protein_10:Protein) - [rel_10_10:ortho] - (protein_10b:Protein) <- [enc_10_9_d:enc] - (gene_9:Gene) - [cooc_wi_9_21:cooc_wi] - (trait_21:Trait) WHERE gene_1.iri IN $startGeneIris RETURN path"	208	  0.00	12215	  0.12	 49.40	  9.00	  0.17
"MATCH path = (gene_1:Gene) - [enc_1_10_d:enc] -> (protein_10:Protein) - [rel_10_10:ortho] - (protein_10b:Protein) <- [enc_10_9_d:enc] - (gene_9:Gene) - [has_function_9_3_d:has_function] -> (molFunc_3:MolFunc) WHERE gene_1.iri IN $startGeneIris RETURN path"	208	  0.00	0	  0.00	 22.68	  0.00	  0.08
"MATCH path = (gene_1:Gene) - [enc_1_10_d:enc] -> (protein_10:Protein) - [rel_10_10:ortho] - (protein_10b:Protein) <- [enc_10_9_d:enc] - (gene_9:Gene) - [has_phenotype_9_13_d:has_phenotype] -> (phenotype_13:Phenotype) WHERE gene_1.iri IN $startGeneIris RETURN path"	208	  0.00	527327	  5.07	196.87	  9.00	  0.68
"MATCH path = (gene_1:Gene) - [enc_1_10_d:enc] -> (protein_10:Protein) - [rel_10_10:ortho] - (protein_10b:Protein) <- [enc_10_9_d:enc] - (gene_9:Gene) - [has_variation_9_20_d:has_variation] -> (sNP_20:SNP) - [associated_with_20_211_d:associated_with] -> (pheno_211:Phenotype) - [is_part_of_211_21:part_of] - (trait_21:Trait) WHERE gene_1.iri IN $startGeneIris RETURN path"	208	  0.00	0	  0.00	  1.63	  0.00	  0.01
"MATCH path = (gene_1:Gene) - [enc_1_10_d:enc] -> (protein_10:Protein) - [rel_10_10:ortho] - (protein_10b:Protein) <- [enc_10_9_d:enc] - (gene_9:Gene) - [has_variation_9_20_d:has_variation] -> (sNP_20:SNP) - [associated_with_20_211_d:associated_with] -> (pheno_211:Phenotype) - [pub_in_211_2_d:pub_in] -> (publication_2:Publication) WHERE gene_1.iri IN $startGeneIris RETURN path"	208	  0.00	0	  0.00	  1.63	  0.00	  0.01
"MATCH path = (gene_1:Gene) - [enc_1_10_d:enc] -> (protein_10:Protein) - [rel_10_10:ortho] - (protein_10b:Protein) <- [enc_10_9_d:enc] - (gene_9:Gene) - [has_variation_9_20_d:has_variation] -> (sNP_20:SNP) - [associated_with_20_21_d:associated_with] -> (pheno_21:Phenotype) WHERE gene_1.iri IN $startGeneIris RETURN path"	208	  0.00	0	  0.00	  1.50	  0.00	  0.01
"MATCH path = (gene_1:Gene) - [enc_1_10_d:enc] -> (protein_10:Protein) - [rel_10_10:ortho] - (protein_10b:Protein) <- [enc_10_9_d:enc] - (gene_9:Gene) - [has_variation_9_20_d:has_variation] -> (sNP_20:SNP) - [leads_to_20_26_d:leads_to] -> (sNPEffect_26:SNPEffect) WHERE gene_1.iri IN $startGeneIris RETURN path"	208	  0.00	0	  0.00	  1.48	  0.00	  0.01
"MATCH path = (gene_1:Gene) - [enc_1_10_d:enc] -> (protein_10:Protein) - [rel_10_10:ortho] - (protein_10b:Protein) <- [enc_10_9_d:enc] - (gene_9:Gene) - [located_in_9_5_d:located_in] -> (celComp_5:CelComp) WHERE gene_1.iri IN $startGeneIris RETURN path"	208	  0.00	0	  0.00	 22.66	  0.00	  0.08
"MATCH path = (gene_1:Gene) - [enc_1_10_d:enc] -> (protein_10:Protein) - [rel_10_10:ortho] - (protein_10b:Protein) <- [enc_10_9_d:enc] - (gene_9:Gene) - [participates_in_9_4_d:participates_in] -> (bioProc_4:BioProc) WHERE gene_1.iri IN $startGeneIris RETURN path"	208	  0.00	0	  0.00	 22.61	  0.00	  0.08
"MATCH path = (gene_1:Gene) - [enc_1_10_d:enc] -> (protein_10:Protein) - [rel_10_10:ortho] - (protein_10b:Protein) <- [enc_10_9_d:enc] - (gene_9:Gene) - [pub_in_9_2_d:occ_in] -> (publication_2:Publication) WHERE gene_1.iri IN $startGeneIris RETURN path"	208	  0.00	1386341	 13.33	549.30	  9.00	  1.90
"MATCH path = (gene_1:Gene) - [enc_1_10_d:enc] -> (protein_10:Protein) - [rel_10_10:ortho] - (protein_10b:Protein) <- [enc_10_9_d:enc] - (gene_9:Gene) - [pub_in_9_2_d:pub_in] -> (publication_2:Publication) WHERE gene_1.iri IN $startGeneIris RETURN path"	208	  0.00	1303835	 12.54	483.76	  9.00	  1.68
"MATCH path = (gene_1:Gene) - [enc_1_10_d:enc] -> (protein_10:Protein) - [rel_10_10:ortho] - (protein_10b:Protein) <- [enc_10_9_d:enc] - (gene_9:Gene) - [rel_9_9_2:genetic] -> (gene_9b:Gene) - [pub_in_9_2_d:pub_in] -> (publication_2:Publication) WHERE gene_1.iri IN $startGeneIris RETURN path"	208	  0.48	19321260	186.68	10436.80	 11.00	 36.01
"MATCH path = (gene_1:Gene) - [enc_1_10_d:enc] -> (protein_10:Protein) - [rel_10_10:ortho] - (protein_10b:Protein) <- [enc_10_9_d:enc] - (gene_9:Gene) - [rel_9_9_2:genetic|physical] - (gene_9b:Gene) - [cooc_wi_9_21:cooc_wi] - (trait_21:Trait) WHERE gene_1.iri IN $startGeneIris RETURN path"	208	  0.00	306720	  2.95	277.59	 11.00	  0.96
"MATCH path = (gene_1:Gene) - [enc_1_10_d:enc] -> (protein_10:Protein) - [rel_10_10:ortho] - (protein_10b:Protein) <- [enc_10_9_d:enc] - (gene_9:Gene) - [rel_9_9_2:genetic|physical] - (gene_9b:Gene) - [has_function_9_3_d:has_function] -> (molFunc_3:MolFunc) WHERE gene_1.iri IN $startGeneIris RETURN path"	208	  0.00	0	  0.00	 31.28	  0.00	  0.11
"MATCH path = (gene_1:Gene) - [enc_1_10_d:enc] -> (protein_10:Protein) - [rel_10_10:ortho] - (protein_10b:Protein) <- [enc_10_9_d:enc] - (gene_9:Gene) - [rel_9_9_2:genetic|physical] - (gene_9b:Gene) - [has_phenotype_9_13_d:has_phenotype] -> (phenotype_13:Phenotype) WHERE gene_1.iri IN $startGeneIris RETURN path"	208	  0.48	19734542	190.67	9946.23	 11.00	 34.31
"MATCH path = (gene_1:Gene) - [enc_1_10_d:enc] -> (protein_10:Protein) - [rel_10_10:ortho] - (protein_10b:Protein) <- [enc_10_9_d:enc] - (gene_9:Gene) - [rel_9_9_2:genetic|physical] - (gene_9b:Gene) - [has_variation_9_20_d:has_variation] -> (sNP_20:SNP) - [associated_with_20_211_d:associated_with] -> (pheno_211:Phenotype) - [is_part_of_211_21:part_of] - (trait_21:Trait) WHERE gene_1.iri IN $startGeneIris RETURN path"	208	  0.00	0	  0.00	  1.84	  0.00	  0.01
"MATCH path = (gene_1:Gene) - [enc_1_10_d:enc] -> (protein_10:Protein) - [rel_10_10:ortho] - (protein_10b:Protein) <- [enc_10_9_d:enc] - (gene_9:Gene) - [rel_9_9_2:genetic|physical] - (gene_9b:Gene) - [has_variation_9_20_d:has_variation] -> (sNP_20:SNP) - [associated_with_20_211_d:associated_with] -> (pheno_211:Phenotype) - [pub_in_211_2_d:pub_in] -> (publication_2:Publication) WHERE gene_1.iri IN $startGeneIris RETURN path"	208	  0.00	0	  0.00	  1.82	  0.00	  0.01
"MATCH path = (gene_1:Gene) - [enc_1_10_d:enc] -> (protein_10:Protein) - [rel_10_10:ortho] - (protein_10b:Protein) <- [enc_10_9_d:enc] - (gene_9:Gene) - [rel_9_9_2:genetic|physical] - (gene_9b:Gene) - [has_variation_9_20_d:has_variation] -> (sNP_20:SNP) - [associated_with_20_21_d:associated_with] -> (pheno_21:Phenotype) WHERE gene_1.iri IN $startGeneIris RETURN path"	208	  0.00	0	  0.00	  1.60	  0.00	  0.01
"MATCH path = (gene_1:Gene) - [enc_1_10_d:enc] -> (protein_10:Protein) - [rel_10_10:ortho] - (protein_10b:Protein) <- [enc_10_9_d:enc] - (gene_9:Gene) - [rel_9_9_2:genetic|physical] - (gene_9b:Gene) - [has_variation_9_20_d:has_variation] -> (sNP_20:SNP) - [leads_to_20_26_d:leads_to] -> (sNPEffect_26:SNPEffect) WHERE gene_1.iri IN $startGeneIris RETURN path"	208	  0.00	0	  0.00	  1.59	  0.00	  0.01
"MATCH path = (gene_1:Gene) - [enc_1_10_d:enc] -> (protein_10:Protein) - [rel_10_10:ortho] - (protein_10b:Protein) <- [enc_10_9_d:enc] - (gene_9:Gene) - [rel_9_9_2:genetic|physical] - (gene_9b:Gene) - [located_in_9_5_d:located_in] -> (celComp_5:CelComp) WHERE gene_1.iri IN $startGeneIris RETURN path"	208	  0.00	0	  0.00	 31.58	  0.00	  0.11
"MATCH path = (gene_1:Gene) - [enc_1_10_d:enc] -> (protein_10:Protein) - [rel_10_10:ortho] - (protein_10b:Protein) <- [enc_10_9_d:enc] - (gene_9:Gene) - [rel_9_9_2:genetic|physical] - (gene_9b:Gene) - [participates_in_9_4_d:participates_in] -> (bioProc_4:BioProc) WHERE gene_1.iri IN $startGeneIris RETURN path"	208	  0.00	0	  0.00	 31.74	  0.00	  0.11
"MATCH path = (gene_1:Gene) - [enc_1_10_d:enc] -> (protein_10:Protein) - [rel_10_10:ortho] - (protein_10b:Protein) <- [enc_10_9_d:enc] - (gene_9:Gene) - [rel_9_9_2:genetic|physical] - (gene_9b:Gene) WHERE gene_1.iri IN $startGeneIris RETURN path"	208	  0.00	940342	  9.04	346.95	  9.00	  1.20
"MATCH path = (gene_1:Gene) - [enc_1_10_d:enc] -> (protein_10:Protein) - [rel_10_10:ortho] - (protein_10b:Protein) <- [enc_10_9_d:enc] - (gene_9:Gene) - [rel_9_9_2:physical] -> (gene_9b:Gene) - [pub_in_9_2_d:pub_in] -> (publication_2:Publication) WHERE gene_1.iri IN $startGeneIris RETURN path"	208	  0.48	17271281	166.87	9138.97	 11.00	 31.53
"MATCH path = (gene_1:Gene) - [enc_1_10_d:enc] -> (protein_10:Protein) - [rel_10_10:ortho] - (protein_10b:Protein) <- [enc_10_9_d:enc] - (gene_9:Gene) <- [rel_9_9_2:genetic] - (gene_9b:Gene) - [pub_in_9_2_d:pub_in] -> (publication_2:Publication) WHERE gene_1.iri IN $startGeneIris RETURN path"	208	  0.00	19566329	188.14	10478.90	 11.00	 36.33
"MATCH path = (gene_1:Gene) - [enc_1_10_d:enc] -> (protein_10:Protein) - [rel_10_10:ortho] - (protein_10b:Protein) <- [enc_10_9_d:enc] - (gene_9:Gene) <- [rel_9_9_2:physical] - (gene_9b:Gene) - [pub_in_9_2_d:pub_in] -> (publication_2:Publication) WHERE gene_1.iri IN $startGeneIris RETURN path"	208	  0.00	17595542	169.19	9212.25	 11.00	 31.94
"MATCH path = (gene_1:Gene) - [enc_1_7_d:enc] -> (protein_7:Protein) WHERE gene_1.iri IN $startGeneIris RETURN path"	208	  0.00	99231	  0.95	 38.29	  3.00	  0.13
"MATCH path = (gene_1:Gene) - [has_function_9_3_d:has_function] -> (molFunc_3:MolFunc) WHERE gene_1.iri IN $startGeneIris RETURN path"	208	  0.00	0	  0.00	  6.81	  0.00	  0.02
"MATCH path = (gene_1:Gene) - [has_phenotype_9_13_d:has_phenotype] -> (phenotype_13:Phenotype) WHERE gene_1.iri IN $startGeneIris RETURN path"	208	  0.00	91224	  0.88	 20.68	  3.00	  0.07
"MATCH path = (gene_1:Gene) - [located_in_9_5_d:located_in] -> (celComp_5:CelComp) WHERE gene_1.iri IN $startGeneIris RETURN path"	208	  0.00	0	  0.00	  6.53	  0.00	  0.02
"MATCH path = (gene_1:Gene) - [occ_in_1_2_d:occ_in] -> (publication_2:Publication) WHERE gene_1.iri IN $startGeneIris RETURN path"	208	  0.00	210536	  2.02	 48.22	  3.00	  0.17
"MATCH path = (gene_1:Gene) - [op:occ_in|pub_in] -> (publication_2:Publication) - [occ:occ_in] - (bp_1:BioProc) WHERE gene_1.iri IN $startGeneIris RETURN path"	208	  0.00	738992	  7.11	236.49	  5.00	  0.82
"MATCH path = (gene_1:Gene) - [op:occ_in|pub_in] -> (publication_2:Publication) - [occ:occ_in] - (trait_1:Trait) WHERE gene_1.iri IN $startGeneIris RETURN path"	208	  0.00	20680	  0.20	 39.26	  5.00	  0.14
"MATCH path = (gene_1:Gene) - [part_of_1_19_d:part_of] -> (path_19:Path) WHERE gene_1.iri IN $startGeneIris RETURN path"	208	  0.00	0	  0.00	  1.88	  0.00	  0.01
"MATCH path = (gene_1:Gene) - [part_of_1_19_d:part_of] -> (reaction_188:Reaction) WHERE gene_1.iri IN $startGeneIris RETURN path"	208	  0.00	0	  0.00	  1.47	  0.00	  0.01
"MATCH path = (gene_1:Gene) - [part_of_1_23_d:part_of] -> (coExpCluster_23:CoExpCluster) - [part_of_23_25_d:part_of] -> (coExpStudy_25:CoExpStudy) WHERE gene_1.iri IN $startGeneIris RETURN path"	208	  0.00	0	  0.00	  1.45	  0.00	  0.01
"MATCH path = (gene_1:Gene) - [part_of_1_23_d:part_of] -> (coExpCluster_23:CoExpCluster) - [rel:enriched_for] -> (bioProc_4:BioProc) WHERE toFloat(rel.p_adjust)<1E-10 AND gene_1.iri IN $startGeneIris RETURN path"	208	  0.00	0	  0.00	  1.90	  0.00	  0.01
"MATCH path = (gene_1:Gene) - [part_of_1_23_d:part_of] -> (coExpCluster_23:CoExpCluster) - [rel:enriched_for] -> (plantOntologyTerm_24:PlantOntologyTerm) WHERE toFloat(rel.over_represented_padj)<1E-3 AND gene_1.iri IN $startGeneIris RETURN path"	208	  0.00	0	  0.00	  1.57	  0.00	  0.01
"MATCH path = (gene_1:Gene) - [participates_in_9_4_d:participates_in] -> (bioProc_4:BioProc) WHERE gene_1.iri IN $startGeneIris RETURN path"	208	  0.00	0	  0.00	  6.37	  0.00	  0.02
"MATCH path = (gene_1:Gene) - [pav:absent_in|present_in] - (c:Cultivar) WHERE gene_1.iri IN $startGeneIris RETURN path"	208	  0.00	0	  0.00	  2.27	  0.00	  0.01
"MATCH path = (gene_1:Gene) - [pub_in_9_2_d:pub_in] -> (publication_2:Publication) WHERE gene_1.iri IN $startGeneIris RETURN path"	208	  0.00	210722	  2.03	 50.42	  3.00	  0.17
"MATCH path = (gene_1:Gene) - [rel_1_20_d:has_mutant|has_variation] -> (sNP_20:SNP) - [associated_with_20_211_d:associated_with] -> (pheno_211:Phenotype) - [is_part_of_211_21:part_of] -> (pheno_21:Trait) WHERE gene_1.iri IN $startGeneIris RETURN path"	208	  0.00	0	  0.00	  1.89	  0.00	  0.01
"MATCH path = (gene_1:Gene) - [rel_1_20_d:has_mutant|has_variation] -> (sNP_20:SNP) - [associated_with_20_211_d:associated_with] -> (pheno_211:Phenotype) - [pub_in_211_2_d:pub_in] -> (publication_2:Publication) WHERE gene_1.iri IN $startGeneIris RETURN path"	208	  0.00	0	  0.00	  2.13	  0.00	  0.01
"MATCH path = (gene_1:Gene) - [rel_1_20_d:has_mutant|has_variation] -> (sNP_20:SNP) - [associated_with_20_211_d:associated_with] -> (pheno_211:Phenotype) WHERE gene_1.iri IN $startGeneIris RETURN path"	208	  0.00	0	  0.00	  2.48	  0.00	  0.01
"MATCH path = (gene_1:Gene) - [rel_1_20_d:has_mutant|has_variation] -> (sNP_20:SNP) - [leads_to_20_26_d:leads_to] -> (sNPEffect_26:SNPEffect) WHERE gene_1.iri IN $startGeneIris RETURN path"	208	  0.00	0	  0.00	  3.55	  0.00	  0.01
"MATCH path = (gene_1:Gene) - [rel_1_8:homoeolog|regulates|genetic|physical] - (gene_8:Gene) WHERE gene_1.iri IN $startGeneIris RETURN path"	208	  0.00	141169	  1.36	 30.68	  3.00	  0.11
"MATCH path = (gene_1:Gene) - [rel_1_9:homoeolog|regulates|genetic|physical] - (gene_9:Gene) - [cooc_wi_9_21:cooc_wi] - (bp:BioProc) WHERE gene_1.iri IN $startGeneIris RETURN path"	208	  0.00	2289799	 22.02	639.18	  5.00	  2.22
"MATCH path = (gene_1:Gene) - [rel_1_9:homoeolog|regulates|genetic|physical] - (gene_9:Gene) - [cooc_wi_9_21:cooc_wi] - (trait_21:Trait) WHERE gene_1.iri IN $startGeneIris RETURN path"	208	  0.00	45330	  0.44	 33.06	  5.00	  0.11
"MATCH path = (gene_1:Gene) - [rel_1_9:homoeolog|regulates|genetic|physical] - (gene_9:Gene) - [has_function_9_3_d:has_function] -> (molFunc_3:MolFunc) WHERE gene_1.iri IN $startGeneIris RETURN path"	208	  0.00	0	  0.00	  8.19	  0.00	  0.03
"MATCH path = (gene_1:Gene) - [rel_1_9:homoeolog|regulates|genetic|physical] - (gene_9:Gene) - [has_phenotype_9_13_d:has_phenotype] -> (phenotype_13:Phenotype) WHERE gene_1.iri IN $startGeneIris RETURN path"	208	  0.00	3022903	 29.07	760.57	  5.00	  2.64
"MATCH path = (gene_1:Gene) - [rel_1_9:homoeolog|regulates|genetic|physical] - (gene_9:Gene) - [located_in_9_5_d:located_in] -> (celComp_5:CelComp) WHERE gene_1.iri IN $startGeneIris RETURN path"	208	  0.00	0	  0.00	  8.02	  0.00	  0.03
"MATCH path = (gene_1:Gene) - [rel_1_9:homoeolog|regulates|genetic|physical] - (gene_9:Gene) - [occ_in_1_2_d:occ_in] -> (publication_2:Publication) WHERE gene_1.iri IN $startGeneIris RETURN path"	208	  0.96	9235042	 89.66	4056.92	  5.00	 13.93
"MATCH path = (gene_1:Gene) - [rel_1_9:homoeolog|regulates|genetic|physical] - (gene_9:Gene) - [part_of_1_19_d:part_of] -> (path_19:Path) WHERE gene_1.iri IN $startGeneIris RETURN path"	208	  0.00	0	  0.00	  1.30	  0.00	  0.00
"MATCH path = (gene_1:Gene) - [rel_1_9:homoeolog|regulates|genetic|physical] - (gene_9:Gene) - [part_of_1_19_d:part_of] -> (reaction_188:Reaction) WHERE gene_1.iri IN $startGeneIris RETURN path"	208	  0.00	0	  0.00	  1.28	  0.00	  0.00
"MATCH path = (gene_1:Gene) - [rel_1_9:homoeolog|regulates|genetic|physical] - (gene_9:Gene) - [participates_in_9_4_d:participates_in] -> (bioProc_4:BioProc) WHERE gene_1.iri IN $startGeneIris RETURN path"	208	  0.00	0	  0.00	  8.17	  0.00	  0.03
"MATCH path = (gene_1:Gene) - [rel_1_9:homoeolog|regulates|genetic|physical] - (gene_9:Gene) - [pub_in_9_2_d:pub_in] -> (publication_2:Publication) WHERE gene_1.iri IN $startGeneIris RETURN path"	208	  0.48	10157183	 98.14	3541.53	  5.00	 12.22
"MATCH path = (gene_1:Gene) - [rel_1_9:homoeolog|regulates|genetic|physical] - (gene_9:Gene) - [rel_1_20_d:has_mutant|has_variation] -> (sNP_20:SNP) - [associated_with_20_211_d:associated_with] -> (pheno_211:Phenotype) - [is_part_of_211_21:part_of] -> (pheno_21:Trait) WHERE gene_1.iri IN $startGeneIris RETURN path"	208	  0.00	0	  0.00	  1.48	  0.00	  0.01
"MATCH path = (gene_1:Gene) - [rel_1_9:homoeolog|regulates|genetic|physical] - (gene_9:Gene) - [rel_1_20_d:has_mutant|has_variation] -> (sNP_20:SNP) - [associated_with_20_211_d:associated_with] -> (pheno_211:Phenotype) - [pub_in_211_2_d:pub_in] -> (publication_2:Publication) WHERE gene_1.iri IN $startGeneIris RETURN path"	208	  0.00	0	  0.00	  1.47	  0.00	  0.01
"MATCH path = (gene_1:Gene) - [rel_1_9:homoeolog|regulates|genetic|physical] - (gene_9:Gene) - [rel_1_20_d:has_mutant|has_variation] -> (sNP_20:SNP) - [associated_with_20_211_d:associated_with] -> (pheno_211:Phenotype) WHERE gene_1.iri IN $startGeneIris RETURN path"	208	  0.00	0	  0.00	  1.38	  0.00	  0.00
"MATCH path = (gene_1:Gene) - [rel_1_9:homoeolog|regulates|genetic|physical] - (gene_9:Gene) - [rel_1_20_d:has_mutant|has_variation] -> (sNP_20:SNP) - [leads_to_20_26_d:leads_to] -> (sNPEffect_26:SNPEffect) WHERE gene_1.iri IN $startGeneIris RETURN path"	208	  0.00	0	  0.00	  1.53	  0.00	  0.01


20250207-02:40:43.818 [main] INFO  KnetMinerInitializer - Generating semantic motif summary tables
20250207-02:41:19.672 [main] INFO  PercentProgressLogger - 10% of paths stored
20250207-02:42:03.690 [main] INFO  PercentProgressLogger - 20% of paths stored
20250207-02:42:04.876 [main] INFO  PercentProgressLogger - 30% of paths stored
20250207-02:42:44.813 [main] INFO  PercentProgressLogger - 40% of paths stored
20250207-02:44:08.498 [main] INFO  PercentProgressLogger - 50% of paths stored
20250207-02:45:38.778 [main] INFO  PercentProgressLogger - 60% of paths stored
20250207-02:45:51.618 [main] INFO  PercentProgressLogger - 70% of paths stored
20250207-02:46:06.601 [main] INFO  PercentProgressLogger - 80% of paths stored
20250207-02:48:12.911 [main] INFO  PercentProgressLogger - 90% of paths stored
20250207-02:51:09.684 [main] INFO  PercentProgressLogger - 100% of paths stored
20250207-02:51:15.790 [main] INFO  KnetMinerInitializer - Creating genes2QTLs map
20250207-02:51:15.828 [main] INFO  PercentProgressLogger - 10% of genes processed
20250207-02:51:15.872 [main] INFO  PercentProgressLogger - 20% of genes processed
20250207-02:51:15.885 [main] INFO  PercentProgressLogger - 30% of genes processed
20250207-02:51:15.897 [main] INFO  PercentProgressLogger - 40% of genes processed
20250207-02:51:15.912 [main] INFO  PercentProgressLogger - 50% of genes processed
20250207-02:51:15.936 [main] INFO  PercentProgressLogger - 60% of genes processed
20250207-02:51:16.001 [main] INFO  PercentProgressLogger - 70% of genes processed
20250207-02:51:16.019 [main] INFO  PercentProgressLogger - 80% of genes processed
20250207-02:51:16.032 [main] INFO  PercentProgressLogger - 90% of genes processed
20250207-02:51:16.044 [main] INFO  PercentProgressLogger - 100% of genes processed
20250207-02:51:16.045 [main] INFO  KnetMinerInitializer - Populated gene2QTL with 0 mapping(s)
20250207-02:51:16.045 [main] INFO  KnetMinerInitializer - Dumping semantic motif summary tables on files, at "/home/data/knetminer/pub/endpoints/ascomycota-premium/v60-RC4/tmp/knet-init/data"
20250207-02:54:54.545 [main] INFO  KnetMinerInitializer - Saving graph stats to '/home/data/knetminer/pub/endpoints/ascomycota-premium/v60-RC4/tmp/knet-init/data/knowledge-network-stats.json'
20250207-02:54:54.765 [main] INFO  KnetMinerInitializer - End of graph stats export
20250207-02:54:54.766 [main] INFO  KnetMinerInitializer - genes2Concepts populated with 98475 elements
20250207-02:54:54.766 [main] INFO  KnetMinerInitializer - concepts2Genes populated with 404091 elements
20250207-02:54:54.766 [main] INFO  KnetMinerInitializer - genes2PathLengths populated with 46065691 elements
20250207-02:54:54.766 [main] WARN  KnetMinerInitializer - genes2QTLs is null/empty
20250207-02:54:54.767 [main] INFO  KnetMinerInitializer - Semantic motif data initialization ended.
20250207-02:54:54.767 [main] INFO  KnetMinerInitializerCLI - Creating Neo4j indexes and optimisations
20250207-02:54:54.771 [main] INFO  NeoInitComponent - NeoConceptIndexer setting Neo4j connection from config params
20250207-02:54:54.772 [main] INFO  NeoInitComponent - Setting Neo4j connection from driver parameter
20250207-02:54:54.772 [main] INFO  NeoConceptIndexer - Retrieving concept index properties from: /home/data/knetminer/pub/endpoints/ascomycota-premium/v60-RC4/tmp/knet-init/config/neo4j/concept-index-properties.txt
20250207-02:54:54.785 [main] INFO  NeoConceptIndexer - Creating Neo4j full text index for concept searching
20250207-02:54:54.785 [main] INFO  NeoConceptIndexer - Fetching all DB concept properties
20250207-02:54:56.423 [main] INFO  NeoConceptIndexer - Found 47 concept properties in the DB
20250207-02:54:56.424 [main] INFO  NeoConceptIndexer - Expanding to 47 DB properties from 16 base names
20250207-02:54:56.425 [main] INFO  NeoConceptIndexer - Returning 22 DB properties after base property filtering
20250207-02:54:56.425 [main] INFO  NeoConceptIndexer - Deleting old concept full text index
20250207-02:54:56.436 [main] INFO  NeoConceptIndexer - Creating full text index for concepts
20250207-02:54:56.572 [main] INFO  NeoConceptIndexer - Full text index for concepts created
20250207-02:54:56.573 [main] INFO  NeoConceptIndexer - Concept full text indexing, all done
20250207-02:54:56.581 [main] INFO  NeoInitComponent - NeoGenePubIdIndexer setting Neo4j connection from config params
20250207-02:54:56.581 [main] INFO  NeoInitComponent - Setting Neo4j connection from driver parameter
20250207-02:54:56.581 [main] INFO  NeoGenePubIdIndexer - Creating Neo4j full text index for gene labels
20250207-02:54:56.612 [main] INFO  NeoGenePubIdIndexer - Gene name/accession indexing, all done
20250207-02:54:56.615 [main] INFO  NeoInitComponent - NeoChromosomeFix setting Neo4j connection from config params
20250207-02:54:56.615 [main] INFO  NeoInitComponent - Setting Neo4j connection from driver parameter
20250207-02:54:56.615 [main] INFO  NeoChromosomeFix - Fixing gene chromosome properties
20250207-02:55:02.760 [main] INFO  NeoChromosomeFix - Chromosome properties processed
20250207-02:55:02.763 [main] INFO  NeoInitComponent - NeoPrefNamesFix setting Neo4j connection from config params
20250207-02:55:02.763 [main] INFO  NeoInitComponent - Setting Neo4j connection from driver parameter
20250207-02:55:02.763 [main] INFO  NeoPrefNamesFix - Fixing concept prefName property
20250207-02:55:03.325 [main] INFO  NeoPrefNamesFix - Names processed
20250207-02:55:03.325 [main] INFO  KnetMinerInitializerCLI - Populating Neo4j with semantic motif summaries
20250207-02:55:03.541 [main] INFO  NeoInitComponent - NeoMotifImporter setting Neo4j connection from config params
20250207-02:55:03.541 [main] INFO  NeoInitComponent - Setting Neo4j connection from driver parameter
20250207-02:55:03.541 [main] INFO  NeoMotifImporter - Deleting old semantic motif endpoints
20250207-02:55:03.631 [main] INFO  NeoMotifImporter - Creating Neo4j Concept ID indexes
20250207-02:55:03.647 [main] INFO  NeoMotifImporter - ID indexes created
20250207-02:55:03.647 [main] INFO  NeoMotifImporter - Saving 46065691 semantic motif endpoints to Neo4j
20250207-02:58:08.876 [neoMotifImporter.scheduler-1] INFO  PercentProgressLogger - 10% semantic motif endpoints sent to Neo4j
20250207-02:59:03.179 [neoMotifImporter.scheduler-1] INFO  PercentProgressLogger - 10% semantic motif endpoints stored
20250207-03:01:57.462 [neoMotifImporter.scheduler-1] INFO  PercentProgressLogger - 20% semantic motif endpoints sent to Neo4j
20250207-03:02:38.760 [neoMotifImporter.scheduler-1] INFO  PercentProgressLogger - 20% semantic motif endpoints stored
20250207-03:05:17.602 [neoMotifImporter.scheduler-1] INFO  PercentProgressLogger - 30% semantic motif endpoints sent to Neo4j
20250207-03:06:08.993 [neoMotifImporter.scheduler-1] INFO  PercentProgressLogger - 30% semantic motif endpoints stored
20250207-03:08:55.887 [neoMotifImporter.scheduler-1] INFO  PercentProgressLogger - 40% semantic motif endpoints sent to Neo4j
20250207-03:09:38.551 [neoMotifImporter.scheduler-1] INFO  PercentProgressLogger - 40% semantic motif endpoints stored
20250207-03:12:45.838 [neoMotifImporter.scheduler-1] INFO  PercentProgressLogger - 50% semantic motif endpoints sent to Neo4j
20250207-03:13:20.428 [neoMotifImporter.scheduler-1] INFO  PercentProgressLogger - 50% semantic motif endpoints stored
20250207-03:16:14.111 [neoMotifImporter.scheduler-1] INFO  PercentProgressLogger - 60% semantic motif endpoints sent to Neo4j
20250207-03:17:17.068 [neoMotifImporter.scheduler-1] INFO  PercentProgressLogger - 60% semantic motif endpoints stored
20250207-03:20:29.895 [neoMotifImporter.scheduler-1] INFO  PercentProgressLogger - 70% semantic motif endpoints sent to Neo4j
20250207-03:21:07.570 [neoMotifImporter.scheduler-1] INFO  PercentProgressLogger - 70% semantic motif endpoints stored
20250207-03:23:57.369 [neoMotifImporter.scheduler-1] INFO  PercentProgressLogger - 80% semantic motif endpoints sent to Neo4j
20250207-03:24:51.374 [neoMotifImporter.scheduler-1] INFO  PercentProgressLogger - 80% semantic motif endpoints stored
20250207-03:27:58.459 [neoMotifImporter.scheduler-1] INFO  PercentProgressLogger - 90% semantic motif endpoints sent to Neo4j
20250207-03:28:42.074 [neoMotifImporter.scheduler-1] INFO  PercentProgressLogger - 90% semantic motif endpoints stored
20250207-03:31:55.013 [neoMotifImporter.scheduler-1] INFO  PercentProgressLogger - 100% semantic motif endpoints sent to Neo4j
20250207-03:31:55.212 [neoMotifImporter.scheduler-1] INFO  NeoMotifImporter - Waiting for Neo4j updates to complete
20250207-03:32:34.386 [neoMotifImporter.scheduler-1] INFO  PercentProgressLogger - 100% semantic motif endpoints stored
20250207-03:32:48.056 [main] INFO  NeoMotifImporter - saveMotifLinks(), done
20250207-03:32:48.057 [main] INFO  NeoMotifImporter - Deleting old per-concept gene counts
20250207-03:32:48.100 [main] INFO  NeoMotifImporter - Saving per-concept gene counts to Neo4j
20250207-03:35:11.361 [main] INFO  NeoMotifImporter - Saving per-concept all-species gene counts to Neo4j
20250207-03:36:06.237 [main] INFO  NeoMotifImporter - saveConceptGeneCounts(), done
20250207-03:36:06.237 [main] INFO  NeoMotifImporter - Deleting old per-gene concept counts
20250207-03:36:06.277 [main] INFO  NeoMotifImporter - Saving per-gene concept counts to Neo4j
20250207-03:36:52.106 [main] INFO  NeoMotifImporter - saveGeneConceptCounts(), done
20250207-03:36:52.107 [main] INFO  NeoMotifImporter - Creating Neo4j Motif Stats indexes
20250207-03:36:52.160 [main] INFO  NeoMotifImporter - Motif Stats indexes created
OXL attribute compressor shut down
Java Finished. Quitting the Shell Too.


Running Cypher query to generate medata and summary nodes in Neo4j
Picked up JAVA_TOOL_OPTIONS: -Xmx310G -Dneo4j.boltUrl='bolt://rothhpc402:7687' -Dneo4j.user='neo4j' -Dneo4j.password='testTest'
Picked up JAVA_TOOL_OPTIONS: -Xmx310G -Dneo4j.boltUrl='bolt://rothhpc402:7687' -Dneo4j.user='neo4j' -Dneo4j.password='testTest'

All Neo4j indexing and stats generation done


All Neo4j indexing and stats generation done

[Fri Feb  7 03:40:18 2025]
Finished job 0.
1 of 1 steps (100%) done
