Building DAG of jobs...
Using shell: /usr/bin/bash
Provided cores: 1 (use --cores to define parallelism)
Rules claiming more threads will be scaled down.
Job counts:
	count	jobs
	1	neo_index
	1

[Tue Feb  4 23:37:10 2025]
rule neo_index:
    input: /home/data/knetminer/pub/endpoints/ascomycota-premium/v60-RC3/tmp/neo-export.flag, /home/data/knetminer/pub/endpoints/ascomycota-premium/v60-RC3/knowledge-graph-annotated.oxl
    output: /home/data/knetminer/pub/endpoints/ascomycota-premium/v60-RC3/tmp/neo-index.flag
    jobid: 0



  Creating KnetMiner initialisation files


  ====> MAKE SURE /home/data/knetminer/software/knetminer/knetminer-initializer-cli/target/knetminer-initializer-cli-5.7-SNAPSHOT IS UPDATED!!!



	Dataset initialiser, working on "/home/data/knetminer/pub/endpoints/ascomycota-premium/v60-RC3/tmp/knet-init", with dataset ID:'ascomycota-premium'


  Updating existing target dir


  Copying config defaults


  Adding specific config files from ascomycota-premium


  Creating default directories (if not already there)


  Remember you need the data file "/home/data/knetminer/pub/endpoints/ascomycota-premium/v60-RC3/tmp/knet-init/data/knowledge-network.oxl"


  All done!

'/home/data/knetminer/software/knetminer-backend/rres-endpoints/config/knet-init/config-etl.yml' -> '/home/data/knetminer/pub/endpoints/ascomycota-premium/v60-RC3/tmp/knet-init/config/config-etl.yml'
'/home/data/knetminer/software/knetminer-backend/rres-endpoints/config/knet-init/neo4j/config.xml' -> '/home/data/knetminer/pub/endpoints/ascomycota-premium/v60-RC3/tmp/knet-init/config/neo4j/config.xml'
'/home/data/knetminer/software/knetminer-backend/rres-endpoints/config/knet-init/neo4j/concept-index-properties.txt' -> '/home/data/knetminer/pub/endpoints/ascomycota-premium/v60-RC3/tmp/knet-init/config/neo4j/concept-index-properties.txt'


  Creating Neo indexing (full-text and semantic motifs)

Picked up JAVA_TOOL_OPTIONS: -Xmx310G -Dneo4j.boltUrl='bolt://rothhpc402:7687' -Dneo4j.user='neo4j' -Dneo4j.password='testTest'
20250204-23:37:17.448 [main] INFO  KnetMinerInitializerCLI - Loading Knetminer configuration from: "/home/data/knetminer/pub/endpoints/ascomycota-premium/v60-RC3/tmp/knet-init/config/config-etl.yml"
20250204-23:37:17.463 [main] INFO  KnetminerConfiguration - Loading Ondex/Knetminer configuration from '/home/data/knetminer/pub/endpoints/ascomycota-premium/v60-RC3/tmp/knet-init/config/config-etl.yml'
20250204-23:37:19.042 [main] INFO  KnetMinerInitializerCLI - Loading the OXL from: "/home/data/knetminer/pub/endpoints/ascomycota-premium/v60-RC3/knowledge-graph-annotated.oxl"
20250204-23:37:19.276 [main] INFO  Parser - Starting OXL parsing... [OXL Parser]
20250204-23:37:28.404 [main] INFO  Parser - concept parsed 100,000 elements 
20250204-23:37:39.366 [main] INFO  Parser - concept parsed 200,000 elements 
20250204-23:37:43.106 [main] INFO  Parser - concept parsed 300,000 elements 
20250204-23:37:51.930 [main] INFO  Parser - concept parsed 400,000 elements 
20250204-23:37:57.737 [main] INFO  Parser - concept parsed 500,000 elements 
20250204-23:38:02.598 [main] INFO  Parser - concept parsed 600,000 elements 
20250204-23:38:14.374 [main] INFO  Parser - relation parsed 100,000 elements 
20250204-23:38:17.648 [main] INFO  Parser - relation parsed 200,000 elements 
20250204-23:38:23.969 [main] INFO  Parser - relation parsed 300,000 elements 
20250204-23:38:29.897 [main] INFO  Parser - relation parsed 400,000 elements 
20250204-23:38:33.148 [main] INFO  Parser - relation parsed 500,000 elements 
20250204-23:38:36.079 [main] INFO  Parser - relation parsed 600,000 elements 
20250204-23:38:41.485 [main] INFO  Parser - relation parsed 700,000 elements 
20250204-23:38:44.838 [main] INFO  Parser - relation parsed 800,000 elements 
20250204-23:39:02.055 [main] INFO  Parser - relation parsed 900,000 elements 
20250204-23:39:05.419 [main] INFO  Parser - relation parsed 1,000,000 elements 
20250204-23:39:09.018 [main] INFO  Parser - relation parsed 1,100,000 elements 
20250204-23:39:17.877 [main] INFO  Parser - relation parsed 1,200,000 elements 
20250204-23:39:21.105 [main] INFO  Parser - relation parsed 1,300,000 elements 
20250204-23:39:24.165 [main] INFO  Parser - relation parsed 1,400,000 elements 
20250204-23:39:26.990 [main] INFO  Parser - relation parsed 1,500,000 elements 
20250204-23:39:34.849 [main] INFO  Parser - relation parsed 1,600,000 elements 
20250204-23:39:37.369 [main] INFO  Parser - relation parsed 1,700,000 elements 
20250204-23:39:40.355 [main] INFO  Parser - relation parsed 1,800,000 elements 
20250204-23:39:43.572 [main] INFO  Parser - relation parsed 1,900,000 elements 
20250204-23:39:52.394 [main] INFO  Parser - relation parsed 2,000,000 elements 
20250204-23:39:55.981 [main] INFO  Parser - relation parsed 2,100,000 elements 
20250204-23:39:59.251 [main] INFO  Parser - relation parsed 2,200,000 elements 
20250204-23:40:02.360 [main] INFO  Parser - OXL parsing finished. [OXL Parser]
20250204-23:40:02.366 [main] INFO  KnetMinerInitializerCLI - Doing the data initialisation
20250204-23:40:02.674 [main] INFO  KnetMinerInitializer - Getting/building Lucene Index from: /home/data/knetminer/pub/endpoints/ascomycota-premium/v60-RC3/tmp/knet-init/data/index
20250204-23:40:02.778 [main] INFO  LuceneEnv - Using Lucene with index dir: /home/data/knetminer/pub/endpoints/ascomycota-premium/v60-RC3/tmp/knet-init/data/index [LuceneEnv - setONDEXGraph]
20250204-23:40:03.228 [main] INFO  LuceneEnv - Index opened, old metadata deletions: 
20250204-23:40:03.229 [main] INFO  LuceneEnv - Start indexing the Ondex Graph, 624864 concept(s) sent to index
20250204-23:40:37.229 [pool-2-thread-1] INFO  PercentProgressLogger - 10% of concepts submitted to index
20250204-23:40:59.469 [pool-2-thread-1] INFO  PercentProgressLogger - 20% of concepts submitted to index
20250204-23:41:18.171 [pool-2-thread-1] INFO  PercentProgressLogger - 30% of concepts submitted to index
20250204-23:41:29.979 [pool-2-thread-1] INFO  PercentProgressLogger - 40% of concepts submitted to index
20250204-23:41:35.516 [pool-2-thread-1] INFO  PercentProgressLogger - 50% of concepts submitted to index
20250204-23:41:47.089 [pool-2-thread-1] INFO  PercentProgressLogger - 60% of concepts submitted to index
20250204-23:41:59.274 [pool-2-thread-1] INFO  PercentProgressLogger - 70% of concepts submitted to index
20250204-23:42:07.423 [pool-2-thread-1] INFO  PercentProgressLogger - 80% of concepts submitted to index
20250204-23:42:15.607 [pool-2-thread-1] INFO  PercentProgressLogger - 90% of concepts submitted to index
20250204-23:42:21.358 [pool-2-thread-1] INFO  PercentProgressLogger - 100% of concepts submitted to index
20250204-23:42:23.571 [main] INFO  LuceneEnv - Start indexing the Ondex Graph, 2299768 relation(s) sent to index
20250204-23:42:26.200 [pool-2-thread-1] INFO  PercentProgressLogger - 10% of relations submitted to index
20250204-23:42:30.650 [pool-2-thread-1] INFO  PercentProgressLogger - 20% of relations submitted to index
20250204-23:42:35.304 [pool-2-thread-1] INFO  PercentProgressLogger - 30% of relations submitted to index
20250204-23:42:39.758 [pool-2-thread-1] INFO  PercentProgressLogger - 40% of relations submitted to index
20250204-23:42:44.622 [pool-2-thread-1] INFO  PercentProgressLogger - 50% of relations submitted to index
20250204-23:42:48.981 [pool-2-thread-1] INFO  PercentProgressLogger - 60% of relations submitted to index
20250204-23:42:53.511 [pool-2-thread-1] INFO  PercentProgressLogger - 70% of relations submitted to index
20250204-23:42:57.997 [pool-2-thread-1] INFO  PercentProgressLogger - 80% of relations submitted to index
20250204-23:43:03.467 [pool-2-thread-1] INFO  PercentProgressLogger - 90% of relations submitted to index
20250204-23:43:07.895 [pool-2-thread-1] INFO  PercentProgressLogger - 100% of relations submitted to index
20250204-23:43:12.323 [main] INFO  KnetMinerInitializer - Ondex graph index initialisation finished
20250204-23:43:12.324 [main] INFO  KnetMinerInitializer - Initializing semantic motif data
20250204-23:43:12.328 [main] INFO  KnetMinerInitializer - Creating semantic motif data
20250204-23:43:12.329 [main] INFO  KnetMinerInitializer - Initialising seed genes from TAXID list: [559292, 330879, 227321, 237561, 1318462, 5518, 242507, 367110, 284812, 336722]
20250204-23:43:12.576 [main] INFO  AbstractGraphTraverser - Initialising Graph Traverser 'uk.ac.rothamsted.knetminer.backend.cypher.genesearch.CypherGraphTraverser'
20250204-23:43:12.619 [main] INFO  CypherGraphTraverser - Configuring uk.ac.rothamsted.knetminer.backend.cypher.genesearch.CypherGraphTraverser from <file:////home/data/knetminer/pub/endpoints/ascomycota-premium/v60-RC3/tmp/knet-init/config/neo4j/config.xml>
20250204-23:43:14.747 [main] INFO  CyQueriesReader - Loading queries from '/home/data/knetminer/pub/endpoints/ascomycota-premium/v60-RC3/tmp/knet-init/config/neo4j/semantic-motif-queries.txt'
20250204-23:43:14.918 [main] WARN  IOUtils - readFiles(), ignoring missing directory '/home/data/knetminer/pub/endpoints/ascomycota-premium/v60-RC3/tmp/knet-init/config/neo4j/semantic-motif-queries'
20250204-23:43:15.317 [main] INFO  CypherGraphTraverser - uk.ac.rothamsted.knetminer.backend.cypher.genesearch.CypherGraphTraverser configured
20250204-23:43:15.321 [main] WARN  CypherGraphTraverser - Removing duplicated traverser query: MATCH path = (gene_1:Gene) - [enc_1_10_d:enc] -> (protein_10:Protein) - [rel_10_10:ortho] - (protein_10b:Protein) <- [enc_10_8_d:enc] - (gene_8:Gene) WHERE gene_1.iri IN $startGeneIris RETURN path
20250204-23:43:15.322 [main] WARN  CypherGraphTraverser - Some duplicated traverser queries were removed, see log messages above
20250204-23:43:15.322 [main] INFO  CypherGraphTraverser - Graph Traverser, beginning parallel traversing of 103839 concept(s)
20250204-23:43:15.373 [main] INFO  PathQueryProcessor - ---- Cypher Graph Traverser, Config -----
20250204-23:43:15.373 [main] INFO  PathQueryProcessor - queryBatchSize = 500
20250204-23:43:15.374 [main] INFO  PathQueryProcessor - queryTimeoutMs = <default>
20250204-23:43:15.374 [main] INFO  PathQueryProcessor - performanceReportFrequency = <default>
20250204-23:43:15.374 [main] INFO  PathQueryProcessor - queryPageSize = <default>
20250204-23:43:15.374 [main] INFO  PathQueryProcessor - queryThreadPoolSize = <default>
20250204-23:43:15.374 [main] INFO  PathQueryProcessor - queryThreadQueueSize = <default>
20250204-23:43:15.374 [main] INFO  PathQueryProcessor - ---- /CypherQueryTraverser, Config -----
20250204-23:43:16.960 [SinglePathQueryProcessor_0] INFO  GraphMemIndex - Ondex Memory Index, starting indexing operations
20250204-23:43:16.961 [SinglePathQueryProcessor_0] INFO  GraphMemIndex - indexing 624864 concept(s) against the field/attribute: "iri"/"iri"
20250204-23:43:17.142 [SinglePathQueryProcessor_0] INFO  PercentProgressLogger - 10% of concepts indexed
20250204-23:43:17.378 [SinglePathQueryProcessor_0] INFO  PercentProgressLogger - 20% of concepts indexed
20250204-23:43:17.476 [SinglePathQueryProcessor_0] INFO  PercentProgressLogger - 30% of concepts indexed
20250204-23:43:17.577 [SinglePathQueryProcessor_0] INFO  PercentProgressLogger - 40% of concepts indexed
20250204-23:43:17.692 [SinglePathQueryProcessor_0] INFO  PercentProgressLogger - 50% of concepts indexed
20250204-23:43:17.808 [SinglePathQueryProcessor_0] INFO  PercentProgressLogger - 60% of concepts indexed
20250204-23:43:17.948 [SinglePathQueryProcessor_0] INFO  PercentProgressLogger - 70% of concepts indexed
20250204-23:43:18.062 [SinglePathQueryProcessor_0] INFO  PercentProgressLogger - 80% of concepts indexed
20250204-23:43:18.150 [SinglePathQueryProcessor_0] WARN  GraphMemIndex - === NO VALUE FOR THE ONDEX MEMORY INDEX, field: "iri", entity: datasetMetadata
20250204-23:43:18.176 [SinglePathQueryProcessor_0] INFO  PercentProgressLogger - 90% of concepts indexed
20250204-23:43:18.273 [SinglePathQueryProcessor_0] INFO  PercentProgressLogger - 100% of concepts indexed
20250204-23:43:18.279 [SinglePathQueryProcessor_0] INFO  GraphMemIndex - indexing 2299768 relation(s) against the field/attribute: "iri"/"iri"
20250204-23:43:19.566 [SinglePathQueryProcessor_0] INFO  PercentProgressLogger - 10% of relations indexed
20250204-23:43:20.733 [SinglePathQueryProcessor_0] INFO  PercentProgressLogger - 20% of relations indexed
20250204-23:43:21.901 [SinglePathQueryProcessor_0] INFO  PercentProgressLogger - 30% of relations indexed
20250204-23:43:23.082 [SinglePathQueryProcessor_0] INFO  PercentProgressLogger - 40% of relations indexed
20250204-23:43:24.326 [SinglePathQueryProcessor_0] INFO  PercentProgressLogger - 50% of relations indexed
20250204-23:43:25.470 [SinglePathQueryProcessor_0] INFO  PercentProgressLogger - 60% of relations indexed
20250204-23:43:28.257 [SinglePathQueryProcessor_0] INFO  PercentProgressLogger - 70% of relations indexed
20250204-23:43:29.418 [SinglePathQueryProcessor_0] INFO  PercentProgressLogger - 80% of relations indexed
20250204-23:43:30.592 [SinglePathQueryProcessor_0] INFO  PercentProgressLogger - 90% of relations indexed
20250204-23:43:31.774 [SinglePathQueryProcessor_0] INFO  PercentProgressLogger - 100% of relations indexed
20250204-23:45:35.977 [SinglePathQueryProcessor_0] INFO  PercentProgressLogger - 10% of graph traversing queries processed
20250204-23:45:52.090 [SinglePathQueryProcessor_0] INFO  PercentProgressLogger - 20% of graph traversing queries processed
20250204-23:45:57.240 [SinglePathQueryProcessor_0] INFO  PercentProgressLogger - 30% of graph traversing queries processed
20250205-00:18:42.005 [SinglePathQueryProcessor_0] INFO  PercentProgressLogger - 40% of graph traversing queries processed
20250205-00:20:37.421 [SinglePathQueryProcessor_0] INFO  PercentProgressLogger - 50% of graph traversing queries processed
20250205-00:23:49.491 [SinglePathQueryProcessor_0] INFO  PercentProgressLogger - 60% of graph traversing queries processed
20250205-00:26:48.733 [SinglePathQueryProcessor_0] INFO  PercentProgressLogger - 70% of graph traversing queries processed
20250205-00:31:23.883 [SinglePathQueryProcessor_0] INFO  PercentProgressLogger - 80% of graph traversing queries processed
20250205-00:43:07.077 [SinglePathQueryProcessor_0] INFO  PercentProgressLogger - 90% of graph traversing queries processed
20250205-03:27:41.764 [SinglePathQueryProcessor_0] INFO  PercentProgressLogger - 100% of graph traversing queries processed
20250205-03:28:04.416 [main] INFO  PathQueryProcessor - Cypher traverser finished
20250205-03:28:04.417 [main] WARN  PathQueryProcessor - Some queries couldn't complete, see the summary statistics (must be enabled)
20250205-03:28:04.506 [main] INFO  CyTraverserPerformanceTracker - 

  -------------- Cypher Graph Traverser, Query Stats --------------
Total queries issued: 17056
Query	Tot Invocations	% Timeouts	Tot Returned Paths	Avg Ret Paths x Gene	Avg Time(ms)	Avg Path Len	Tot Time(min)
"MATCH path = (gene_1:Gene) - [cooc_wi_9_21:cooc_wi] - (bp:BioProc) WHERE gene_1.iri IN $startGeneIris RETURN path"	208	  0.00	50881	  0.49	 17.65	  3.00	  0.06
"MATCH path = (gene_1:Gene) - [cooc_wi_9_21:cooc_wi] - (trait_21:Trait) WHERE gene_1.iri IN $startGeneIris RETURN path"	208	  0.00	1664	  0.02	 10.92	  3.00	  0.04
"MATCH path = (gene_1:Gene) - [de_9_22_d:differentially_expressed] -> (dGES_22:DGES) - [enriched_for_23_4_d:enriched_for] -> (bioProc_4:BioProc) WHERE gene_1.iri IN $startGeneIris RETURN path"	208	  0.00	0	  0.00	  1.46	  0.00	  0.01
"MATCH path = (gene_1:Gene) - [de_9_22_d:differentially_expressed] -> (dGES_22:DGES) WHERE gene_1.iri IN $startGeneIris RETURN path"	208	  0.00	0	  0.00	  1.23	  0.00	  0.00
"MATCH path = (gene_1:Gene) - [enc_1_10_d:enc] -> (protein_10:Protein) - [rel_10_10:h_s_s|ortho|xref*0..1] - (protein_10b:Protein) - [bp:cooc_wi] - (trait_21:BioProc) WHERE gene_1.iri IN $startGeneIris RETURN path"	208	  0.00	0	  0.00	 27.35	  0.00	  0.09
"MATCH path = (gene_1:Gene) - [enc_1_10_d:enc] -> (protein_10:Protein) - [rel_10_10:h_s_s|ortho|xref*0..1] - (protein_10b:Protein) - [cat_c_10_12_d:cat_c] -> (eC_12:EC) - [equ_12_3:equ] - (molFunc_3:MolFunc) WHERE gene_1.iri IN $startGeneIris RETURN path"	208	  0.00	0	  0.00	  1.52	  0.00	  0.01
"MATCH path = (gene_1:Gene) - [enc_1_10_d:enc] -> (protein_10:Protein) - [rel_10_10:h_s_s|ortho|xref*0..1] - (protein_10b:Protein) - [cat_c_10_15_d:cat_c] -> (eC_15:EC) WHERE gene_1.iri IN $startGeneIris RETURN path"	208	  0.00	187953	  1.81	 93.53	  7.00	  0.32
"MATCH path = (gene_1:Gene) - [enc_1_10_d:enc] -> (protein_10:Protein) - [rel_10_10:h_s_s|ortho|xref*0..1] - (protein_10b:Protein) - [cooc_wi_10_21:cooc_wi] - (trait_21:Trait) WHERE gene_1.iri IN $startGeneIris RETURN path"	208	  0.00	0	  0.00	  4.50	  0.00	  0.02
"MATCH path = (gene_1:Gene) - [enc_1_10_d:enc] -> (protein_10:Protein) - [rel_10_10:h_s_s|ortho|xref*0..1] - (protein_10b:Protein) - [has_domain_10_11_d:has_domain] -> (protDomain_11:ProtDomain) - [has_function_11_3_d:has_function] -> (molFunc_3:MolFunc) WHERE gene_1.iri IN $startGeneIris RETURN path"	208	  0.00	0	  0.00	 27.05	  0.00	  0.09
"MATCH path = (gene_1:Gene) - [enc_1_10_d:enc] -> (protein_10:Protein) - [rel_10_10:h_s_s|ortho|xref*0..1] - (protein_10b:Protein) - [has_domain_10_11_d:has_domain] -> (protDomain_11:ProtDomain) - [located_in_11_5_d:located_in] -> (celComp_5:CelComp) WHERE gene_1.iri IN $startGeneIris RETURN path"	208	  0.00	0	  0.00	 27.16	  0.00	  0.09
"MATCH path = (gene_1:Gene) - [enc_1_10_d:enc] -> (protein_10:Protein) - [rel_10_10:h_s_s|ortho|xref*0..1] - (protein_10b:Protein) - [has_domain_10_11_d:has_domain] -> (protDomain_11:ProtDomain) - [participates_in_11_4_d:participates_in] -> (bioProc_4:BioProc) WHERE gene_1.iri IN $startGeneIris RETURN path"	208	  0.00	0	  0.00	 27.14	  0.00	  0.09
"MATCH path = (gene_1:Gene) - [enc_1_10_d:enc] -> (protein_10:Protein) - [rel_10_10:h_s_s|ortho|xref*0..1] - (protein_10b:Protein) - [has_domain_10_14_d:has_domain] -> (protDomain_14:ProtDomain) WHERE gene_1.iri IN $startGeneIris RETURN path"	208	  0.00	1891361	 18.19	465.35	  6.71	  1.61
"MATCH path = (gene_1:Gene) - [enc_1_10_d:enc] -> (protein_10:Protein) - [rel_10_10:h_s_s|ortho|xref*0..1] - (protein_10b:Protein) - [has_function_10_3_d:has_function] -> (molFunc_3:MolFunc) WHERE gene_1.iri IN $startGeneIris RETURN path"	208	  0.00	732394	  7.04	234.25	  7.00	  0.81
"MATCH path = (gene_1:Gene) - [enc_1_10_d:enc] -> (protein_10:Protein) - [rel_10_10:h_s_s|ortho|xref*0..1] - (protein_10b:Protein) - [is_a_10_177_d:is_a] -> (enzyme_177:Enzyme) WHERE gene_1.iri IN $startGeneIris RETURN path"	208	  0.00	0	  0.00	  1.49	  0.00	  0.01
"MATCH path = (gene_1:Gene) - [enc_1_10_d:enc] -> (protein_10:Protein) - [rel_10_10:h_s_s|ortho|xref*0..1] - (protein_10b:Protein) - [is_a_10_17_d:is_a] -> (enzyme_17:Enzyme) - [ca_by_17_188_d:ca_by] -> (reaction_188:Reaction) WHERE gene_1.iri IN $startGeneIris RETURN path"	208	  0.00	0	  0.00	  1.43	  0.00	  0.00
"MATCH path = (gene_1:Gene) - [enc_1_10_d:enc] -> (protein_10:Protein) - [rel_10_10:h_s_s|ortho|xref*0..1] - (protein_10b:Protein) - [is_a_10_17_d:is_a] -> (enzyme_17:Enzyme) - [ca_by_17_18_d:ca_by] -> (reaction_18:Reaction) - [part_of_18_19_d:part_of] -> (path_19:Path) WHERE gene_1.iri IN $startGeneIris RETURN path"	208	  0.00	0	  0.00	  1.60	  0.00	  0.01
"MATCH path = (gene_1:Gene) - [enc_1_10_d:enc] -> (protein_10:Protein) - [rel_10_10:h_s_s|ortho|xref*0..1] - (protein_10b:Protein) - [located_in_10_5_d:located_in] -> (celComp_5:CelComp) WHERE gene_1.iri IN $startGeneIris RETURN path"	208	  0.00	666876	  6.41	220.55	  7.00	  0.76
"MATCH path = (gene_1:Gene) - [enc_1_10_d:enc] -> (protein_10:Protein) - [rel_10_10:h_s_s|ortho|xref*0..1] - (protein_10b:Protein) - [participates_in_10_4_d:participates_in] -> (bioProc_4:BioProc) WHERE gene_1.iri IN $startGeneIris RETURN path"	208	  0.00	730979	  7.03	244.93	  7.00	  0.85
"MATCH path = (gene_1:Gene) - [enc_1_10_d:enc] -> (protein_10:Protein) - [rel_10_10:h_s_s|ortho|xref*0..1] - (protein_10b:Protein) - [pub_in_10_2_d:pub_in] -> (publication_2:Publication) WHERE gene_1.iri IN $startGeneIris RETURN path"	208	  0.00	446818	  4.30	186.53	  7.00	  0.65
"MATCH path = (gene_1:Gene) - [enc_1_10_d:enc] -> (protein_10:Protein) - [rel_10_10:h_s_s|ortho|xref*0..1] - (protein_10b:Protein) - [rel_xref:xref] - (protein_11:Protein) WHERE gene_1.iri IN $startGeneIris RETURN path"	208	  0.00	717385	  6.90	209.88	  6.70	  0.73
"MATCH path = (gene_1:Gene) - [enc_1_10_d:enc] -> (protein_10:Protein) - [rel_10_10:h_s_s|ortho|xref*0..1] - (protein_7:Protein) WHERE gene_1.iri IN $startGeneIris RETURN path"	208	  0.00	916098	  8.81	173.82	  4.78	  0.60
"MATCH path = (gene_1:Gene) - [enc_1_10_d:enc] -> (protein_10:Protein) - [rel_10_10:ortho] - (protein_10b:Protein) <- [enc_10_8_d:enc] - (gene_8:Gene) WHERE gene_1.iri IN $startGeneIris RETURN path"	208	  0.00	401516	  3.86	123.65	  7.00	  0.43
"MATCH path = (gene_1:Gene) - [enc_1_10_d:enc] -> (protein_10:Protein) - [rel_10_10:ortho] - (protein_10b:Protein) <- [enc_10_9_d:enc] - (gene_9:Gene) - [bp:cooc_wi] - (trait_21:BioProc) WHERE gene_1.iri IN $startGeneIris RETURN path"	208	  0.00	345068	  3.32	144.95	  9.00	  0.50
"MATCH path = (gene_1:Gene) - [enc_1_10_d:enc] -> (protein_10:Protein) - [rel_10_10:ortho] - (protein_10b:Protein) <- [enc_10_9_d:enc] - (gene_9:Gene) - [cooc_wi_9_21:cooc_wi] - (trait_21:Trait) WHERE gene_1.iri IN $startGeneIris RETURN path"	208	  0.00	12215	  0.12	 48.02	  9.00	  0.17
"MATCH path = (gene_1:Gene) - [enc_1_10_d:enc] -> (protein_10:Protein) - [rel_10_10:ortho] - (protein_10b:Protein) <- [enc_10_9_d:enc] - (gene_9:Gene) - [has_function_9_3_d:has_function] -> (molFunc_3:MolFunc) WHERE gene_1.iri IN $startGeneIris RETURN path"	208	  0.00	0	  0.00	 22.23	  0.00	  0.08
"MATCH path = (gene_1:Gene) - [enc_1_10_d:enc] -> (protein_10:Protein) - [rel_10_10:ortho] - (protein_10b:Protein) <- [enc_10_9_d:enc] - (gene_9:Gene) - [has_phenotype_9_13_d:has_phenotype] -> (phenotype_13:Phenotype) WHERE gene_1.iri IN $startGeneIris RETURN path"	208	  0.00	527327	  5.07	189.54	  9.00	  0.66
"MATCH path = (gene_1:Gene) - [enc_1_10_d:enc] -> (protein_10:Protein) - [rel_10_10:ortho] - (protein_10b:Protein) <- [enc_10_9_d:enc] - (gene_9:Gene) - [has_variation_9_20_d:has_variation] -> (sNP_20:SNP) - [associated_with_20_211_d:associated_with] -> (pheno_211:Phenotype) - [is_part_of_211_21:part_of] - (trait_21:Trait) WHERE gene_1.iri IN $startGeneIris RETURN path"	208	  0.00	0	  0.00	  1.61	  0.00	  0.01
"MATCH path = (gene_1:Gene) - [enc_1_10_d:enc] -> (protein_10:Protein) - [rel_10_10:ortho] - (protein_10b:Protein) <- [enc_10_9_d:enc] - (gene_9:Gene) - [has_variation_9_20_d:has_variation] -> (sNP_20:SNP) - [associated_with_20_211_d:associated_with] -> (pheno_211:Phenotype) - [pub_in_211_2_d:pub_in] -> (publication_2:Publication) WHERE gene_1.iri IN $startGeneIris RETURN path"	208	  0.00	0	  0.00	  1.60	  0.00	  0.01
"MATCH path = (gene_1:Gene) - [enc_1_10_d:enc] -> (protein_10:Protein) - [rel_10_10:ortho] - (protein_10b:Protein) <- [enc_10_9_d:enc] - (gene_9:Gene) - [has_variation_9_20_d:has_variation] -> (sNP_20:SNP) - [associated_with_20_21_d:associated_with] -> (pheno_21:Phenotype) WHERE gene_1.iri IN $startGeneIris RETURN path"	208	  0.00	0	  0.00	  1.50	  0.00	  0.01
"MATCH path = (gene_1:Gene) - [enc_1_10_d:enc] -> (protein_10:Protein) - [rel_10_10:ortho] - (protein_10b:Protein) <- [enc_10_9_d:enc] - (gene_9:Gene) - [has_variation_9_20_d:has_variation] -> (sNP_20:SNP) - [leads_to_20_26_d:leads_to] -> (sNPEffect_26:SNPEffect) WHERE gene_1.iri IN $startGeneIris RETURN path"	208	  0.00	0	  0.00	  1.47	  0.00	  0.01
"MATCH path = (gene_1:Gene) - [enc_1_10_d:enc] -> (protein_10:Protein) - [rel_10_10:ortho] - (protein_10b:Protein) <- [enc_10_9_d:enc] - (gene_9:Gene) - [located_in_9_5_d:located_in] -> (celComp_5:CelComp) WHERE gene_1.iri IN $startGeneIris RETURN path"	208	  0.00	0	  0.00	 22.03	  0.00	  0.08
"MATCH path = (gene_1:Gene) - [enc_1_10_d:enc] -> (protein_10:Protein) - [rel_10_10:ortho] - (protein_10b:Protein) <- [enc_10_9_d:enc] - (gene_9:Gene) - [participates_in_9_4_d:participates_in] -> (bioProc_4:BioProc) WHERE gene_1.iri IN $startGeneIris RETURN path"	208	  0.00	0	  0.00	 22.04	  0.00	  0.08
"MATCH path = (gene_1:Gene) - [enc_1_10_d:enc] -> (protein_10:Protein) - [rel_10_10:ortho] - (protein_10b:Protein) <- [enc_10_9_d:enc] - (gene_9:Gene) - [pub_in_9_2_d:occ_in] -> (publication_2:Publication) WHERE gene_1.iri IN $startGeneIris RETURN path"	208	  0.00	1386341	 13.33	493.44	  9.00	  1.71
"MATCH path = (gene_1:Gene) - [enc_1_10_d:enc] -> (protein_10:Protein) - [rel_10_10:ortho] - (protein_10b:Protein) <- [enc_10_9_d:enc] - (gene_9:Gene) - [pub_in_9_2_d:pub_in] -> (publication_2:Publication) WHERE gene_1.iri IN $startGeneIris RETURN path"	208	  0.00	1303835	 12.54	450.45	  9.00	  1.56
"MATCH path = (gene_1:Gene) - [enc_1_10_d:enc] -> (protein_10:Protein) - [rel_10_10:ortho] - (protein_10b:Protein) <- [enc_10_9_d:enc] - (gene_9:Gene) - [rel_9_9_2:genetic] -> (gene_9b:Gene) - [pub_in_9_2_d:pub_in] -> (publication_2:Publication) WHERE gene_1.iri IN $startGeneIris RETURN path"	208	  0.48	19644743	189.80	9131.05	 11.00	 31.50
"MATCH path = (gene_1:Gene) - [enc_1_10_d:enc] -> (protein_10:Protein) - [rel_10_10:ortho] - (protein_10b:Protein) <- [enc_10_9_d:enc] - (gene_9:Gene) - [rel_9_9_2:genetic|physical] - (gene_9b:Gene) - [cooc_wi_9_21:cooc_wi] - (trait_21:Trait) WHERE gene_1.iri IN $startGeneIris RETURN path"	208	  0.00	306720	  2.95	295.16	 11.00	  1.02
"MATCH path = (gene_1:Gene) - [enc_1_10_d:enc] -> (protein_10:Protein) - [rel_10_10:ortho] - (protein_10b:Protein) <- [enc_10_9_d:enc] - (gene_9:Gene) - [rel_9_9_2:genetic|physical] - (gene_9b:Gene) - [has_function_9_3_d:has_function] -> (molFunc_3:MolFunc) WHERE gene_1.iri IN $startGeneIris RETURN path"	208	  0.00	0	  0.00	 30.12	  0.00	  0.10
"MATCH path = (gene_1:Gene) - [enc_1_10_d:enc] -> (protein_10:Protein) - [rel_10_10:ortho] - (protein_10b:Protein) <- [enc_10_9_d:enc] - (gene_9:Gene) - [rel_9_9_2:genetic|physical] - (gene_9b:Gene) - [has_phenotype_9_13_d:has_phenotype] -> (phenotype_13:Phenotype) WHERE gene_1.iri IN $startGeneIris RETURN path"	208	  0.48	19715389	190.49	8646.14	 11.00	 29.83
"MATCH path = (gene_1:Gene) - [enc_1_10_d:enc] -> (protein_10:Protein) - [rel_10_10:ortho] - (protein_10b:Protein) <- [enc_10_9_d:enc] - (gene_9:Gene) - [rel_9_9_2:genetic|physical] - (gene_9b:Gene) - [has_variation_9_20_d:has_variation] -> (sNP_20:SNP) - [associated_with_20_211_d:associated_with] -> (pheno_211:Phenotype) - [is_part_of_211_21:part_of] - (trait_21:Trait) WHERE gene_1.iri IN $startGeneIris RETURN path"	208	  0.00	0	  0.00	  1.79	  0.00	  0.01
"MATCH path = (gene_1:Gene) - [enc_1_10_d:enc] -> (protein_10:Protein) - [rel_10_10:ortho] - (protein_10b:Protein) <- [enc_10_9_d:enc] - (gene_9:Gene) - [rel_9_9_2:genetic|physical] - (gene_9b:Gene) - [has_variation_9_20_d:has_variation] -> (sNP_20:SNP) - [associated_with_20_211_d:associated_with] -> (pheno_211:Phenotype) - [pub_in_211_2_d:pub_in] -> (publication_2:Publication) WHERE gene_1.iri IN $startGeneIris RETURN path"	208	  0.00	0	  0.00	  1.77	  0.00	  0.01
"MATCH path = (gene_1:Gene) - [enc_1_10_d:enc] -> (protein_10:Protein) - [rel_10_10:ortho] - (protein_10b:Protein) <- [enc_10_9_d:enc] - (gene_9:Gene) - [rel_9_9_2:genetic|physical] - (gene_9b:Gene) - [has_variation_9_20_d:has_variation] -> (sNP_20:SNP) - [associated_with_20_21_d:associated_with] -> (pheno_21:Phenotype) WHERE gene_1.iri IN $startGeneIris RETURN path"	208	  0.00	0	  0.00	  1.58	  0.00	  0.01
"MATCH path = (gene_1:Gene) - [enc_1_10_d:enc] -> (protein_10:Protein) - [rel_10_10:ortho] - (protein_10b:Protein) <- [enc_10_9_d:enc] - (gene_9:Gene) - [rel_9_9_2:genetic|physical] - (gene_9b:Gene) - [has_variation_9_20_d:has_variation] -> (sNP_20:SNP) - [leads_to_20_26_d:leads_to] -> (sNPEffect_26:SNPEffect) WHERE gene_1.iri IN $startGeneIris RETURN path"	208	  0.00	0	  0.00	  1.57	  0.00	  0.01
"MATCH path = (gene_1:Gene) - [enc_1_10_d:enc] -> (protein_10:Protein) - [rel_10_10:ortho] - (protein_10b:Protein) <- [enc_10_9_d:enc] - (gene_9:Gene) - [rel_9_9_2:genetic|physical] - (gene_9b:Gene) - [located_in_9_5_d:located_in] -> (celComp_5:CelComp) WHERE gene_1.iri IN $startGeneIris RETURN path"	208	  0.00	0	  0.00	 30.05	  0.00	  0.10
"MATCH path = (gene_1:Gene) - [enc_1_10_d:enc] -> (protein_10:Protein) - [rel_10_10:ortho] - (protein_10b:Protein) <- [enc_10_9_d:enc] - (gene_9:Gene) - [rel_9_9_2:genetic|physical] - (gene_9b:Gene) - [participates_in_9_4_d:participates_in] -> (bioProc_4:BioProc) WHERE gene_1.iri IN $startGeneIris RETURN path"	208	  0.00	0	  0.00	 30.25	  0.00	  0.10
"MATCH path = (gene_1:Gene) - [enc_1_10_d:enc] -> (protein_10:Protein) - [rel_10_10:ortho] - (protein_10b:Protein) <- [enc_10_9_d:enc] - (gene_9:Gene) - [rel_9_9_2:genetic|physical] - (gene_9b:Gene) WHERE gene_1.iri IN $startGeneIris RETURN path"	208	  0.00	940342	  9.04	314.73	  9.00	  1.09
"MATCH path = (gene_1:Gene) - [enc_1_10_d:enc] -> (protein_10:Protein) - [rel_10_10:ortho] - (protein_10b:Protein) <- [enc_10_9_d:enc] - (gene_9:Gene) - [rel_9_9_2:physical] -> (gene_9b:Gene) - [pub_in_9_2_d:pub_in] -> (publication_2:Publication) WHERE gene_1.iri IN $startGeneIris RETURN path"	208	  0.00	17349637	166.82	8524.17	 11.00	 29.55
"MATCH path = (gene_1:Gene) - [enc_1_10_d:enc] -> (protein_10:Protein) - [rel_10_10:ortho] - (protein_10b:Protein) <- [enc_10_9_d:enc] - (gene_9:Gene) <- [rel_9_9_2:genetic] - (gene_9b:Gene) - [pub_in_9_2_d:pub_in] -> (publication_2:Publication) WHERE gene_1.iri IN $startGeneIris RETURN path"	208	  0.00	19566329	188.14	9300.21	 11.00	 32.24
"MATCH path = (gene_1:Gene) - [enc_1_10_d:enc] -> (protein_10:Protein) - [rel_10_10:ortho] - (protein_10b:Protein) <- [enc_10_9_d:enc] - (gene_9:Gene) <- [rel_9_9_2:physical] - (gene_9b:Gene) - [pub_in_9_2_d:pub_in] -> (publication_2:Publication) WHERE gene_1.iri IN $startGeneIris RETURN path"	208	  0.00	17595542	169.19	8794.67	 11.00	 30.49
"MATCH path = (gene_1:Gene) - [enc_1_7_d:enc] -> (protein_7:Protein) WHERE gene_1.iri IN $startGeneIris RETURN path"	208	  0.00	99231	  0.95	 38.34	  3.00	  0.13
"MATCH path = (gene_1:Gene) - [has_function_9_3_d:has_function] -> (molFunc_3:MolFunc) WHERE gene_1.iri IN $startGeneIris RETURN path"	208	  0.00	0	  0.00	  6.70	  0.00	  0.02
"MATCH path = (gene_1:Gene) - [has_phenotype_9_13_d:has_phenotype] -> (phenotype_13:Phenotype) WHERE gene_1.iri IN $startGeneIris RETURN path"	208	  0.00	91224	  0.88	 20.80	  3.00	  0.07
"MATCH path = (gene_1:Gene) - [located_in_9_5_d:located_in] -> (celComp_5:CelComp) WHERE gene_1.iri IN $startGeneIris RETURN path"	208	  0.00	0	  0.00	  6.45	  0.00	  0.02
"MATCH path = (gene_1:Gene) - [occ_in_1_2_d:occ_in] -> (publication_2:Publication) WHERE gene_1.iri IN $startGeneIris RETURN path"	208	  0.00	210536	  2.02	 49.33	  3.00	  0.17
"MATCH path = (gene_1:Gene) - [op:occ_in|pub_in] -> (publication_2:Publication) - [occ:occ_in] - (bp_1:BioProc) WHERE gene_1.iri IN $startGeneIris RETURN path"	208	  0.00	738992	  7.11	228.87	  5.00	  0.79
"MATCH path = (gene_1:Gene) - [op:occ_in|pub_in] -> (publication_2:Publication) - [occ:occ_in] - (trait_1:Trait) WHERE gene_1.iri IN $startGeneIris RETURN path"	208	  0.00	20680	  0.20	 38.91	  5.00	  0.13
"MATCH path = (gene_1:Gene) - [part_of_1_19_d:part_of] -> (path_19:Path) WHERE gene_1.iri IN $startGeneIris RETURN path"	208	  0.00	0	  0.00	  2.28	  0.00	  0.01
"MATCH path = (gene_1:Gene) - [part_of_1_19_d:part_of] -> (reaction_188:Reaction) WHERE gene_1.iri IN $startGeneIris RETURN path"	208	  0.00	0	  0.00	  1.56	  0.00	  0.01
"MATCH path = (gene_1:Gene) - [part_of_1_23_d:part_of] -> (coExpCluster_23:CoExpCluster) - [part_of_23_25_d:part_of] -> (coExpStudy_25:CoExpStudy) WHERE gene_1.iri IN $startGeneIris RETURN path"	208	  0.00	0	  0.00	  2.05	  0.00	  0.01
"MATCH path = (gene_1:Gene) - [part_of_1_23_d:part_of] -> (coExpCluster_23:CoExpCluster) - [rel:enriched_for] -> (bioProc_4:BioProc) WHERE toFloat(rel.p_adjust)<1E-10 AND gene_1.iri IN $startGeneIris RETURN path"	208	  0.00	0	  0.00	  1.98	  0.00	  0.01
"MATCH path = (gene_1:Gene) - [part_of_1_23_d:part_of] -> (coExpCluster_23:CoExpCluster) - [rel:enriched_for] -> (plantOntologyTerm_24:PlantOntologyTerm) WHERE toFloat(rel.over_represented_padj)<1E-3 AND gene_1.iri IN $startGeneIris RETURN path"	208	  0.00	0	  0.00	  1.37	  0.00	  0.00
"MATCH path = (gene_1:Gene) - [participates_in_9_4_d:participates_in] -> (bioProc_4:BioProc) WHERE gene_1.iri IN $startGeneIris RETURN path"	208	  0.00	0	  0.00	  6.27	  0.00	  0.02
"MATCH path = (gene_1:Gene) - [pav:absent_in|present_in] - (c:Cultivar) WHERE gene_1.iri IN $startGeneIris RETURN path"	208	  0.00	0	  0.00	  2.76	  0.00	  0.01
"MATCH path = (gene_1:Gene) - [pub_in_9_2_d:pub_in] -> (publication_2:Publication) WHERE gene_1.iri IN $startGeneIris RETURN path"	208	  0.00	210722	  2.03	 41.49	  3.00	  0.14
"MATCH path = (gene_1:Gene) - [rel_1_20_d:has_mutant|has_variation] -> (sNP_20:SNP) - [associated_with_20_211_d:associated_with] -> (pheno_211:Phenotype) - [is_part_of_211_21:part_of] -> (pheno_21:Trait) WHERE gene_1.iri IN $startGeneIris RETURN path"	208	  0.00	0	  0.00	  1.71	  0.00	  0.01
"MATCH path = (gene_1:Gene) - [rel_1_20_d:has_mutant|has_variation] -> (sNP_20:SNP) - [associated_with_20_211_d:associated_with] -> (pheno_211:Phenotype) - [pub_in_211_2_d:pub_in] -> (publication_2:Publication) WHERE gene_1.iri IN $startGeneIris RETURN path"	208	  0.00	0	  0.00	  2.03	  0.00	  0.01
"MATCH path = (gene_1:Gene) - [rel_1_20_d:has_mutant|has_variation] -> (sNP_20:SNP) - [associated_with_20_211_d:associated_with] -> (pheno_211:Phenotype) WHERE gene_1.iri IN $startGeneIris RETURN path"	208	  0.00	0	  0.00	  2.53	  0.00	  0.01
"MATCH path = (gene_1:Gene) - [rel_1_20_d:has_mutant|has_variation] -> (sNP_20:SNP) - [leads_to_20_26_d:leads_to] -> (sNPEffect_26:SNPEffect) WHERE gene_1.iri IN $startGeneIris RETURN path"	208	  0.00	0	  0.00	  2.88	  0.00	  0.01
"MATCH path = (gene_1:Gene) - [rel_1_8:homoeolog|regulates|genetic|physical] - (gene_8:Gene) WHERE gene_1.iri IN $startGeneIris RETURN path"	208	  0.00	141169	  1.36	157.76	  3.00	  0.55
"MATCH path = (gene_1:Gene) - [rel_1_9:homoeolog|regulates|genetic|physical] - (gene_9:Gene) - [cooc_wi_9_21:cooc_wi] - (bp:BioProc) WHERE gene_1.iri IN $startGeneIris RETURN path"	208	  0.00	2289799	 22.02	782.89	  5.00	  2.71
"MATCH path = (gene_1:Gene) - [rel_1_9:homoeolog|regulates|genetic|physical] - (gene_9:Gene) - [cooc_wi_9_21:cooc_wi] - (trait_21:Trait) WHERE gene_1.iri IN $startGeneIris RETURN path"	208	  0.00	45330	  0.44	 28.23	  5.00	  0.10
"MATCH path = (gene_1:Gene) - [rel_1_9:homoeolog|regulates|genetic|physical] - (gene_9:Gene) - [has_function_9_3_d:has_function] -> (molFunc_3:MolFunc) WHERE gene_1.iri IN $startGeneIris RETURN path"	208	  0.00	0	  0.00	  7.73	  0.00	  0.03
"MATCH path = (gene_1:Gene) - [rel_1_9:homoeolog|regulates|genetic|physical] - (gene_9:Gene) - [has_phenotype_9_13_d:has_phenotype] -> (phenotype_13:Phenotype) WHERE gene_1.iri IN $startGeneIris RETURN path"	208	  0.00	3022903	 29.07	679.84	  5.00	  2.36
"MATCH path = (gene_1:Gene) - [rel_1_9:homoeolog|regulates|genetic|physical] - (gene_9:Gene) - [located_in_9_5_d:located_in] -> (celComp_5:CelComp) WHERE gene_1.iri IN $startGeneIris RETURN path"	208	  0.00	0	  0.00	  7.50	  0.00	  0.03
"MATCH path = (gene_1:Gene) - [rel_1_9:homoeolog|regulates|genetic|physical] - (gene_9:Gene) - [occ_in_1_2_d:occ_in] -> (publication_2:Publication) WHERE gene_1.iri IN $startGeneIris RETURN path"	208	  0.48	9764117	 94.34	3453.25	  5.00	 11.91
"MATCH path = (gene_1:Gene) - [rel_1_9:homoeolog|regulates|genetic|physical] - (gene_9:Gene) - [part_of_1_19_d:part_of] -> (path_19:Path) WHERE gene_1.iri IN $startGeneIris RETURN path"	208	  0.00	0	  0.00	  1.32	  0.00	  0.00
"MATCH path = (gene_1:Gene) - [rel_1_9:homoeolog|regulates|genetic|physical] - (gene_9:Gene) - [part_of_1_19_d:part_of] -> (reaction_188:Reaction) WHERE gene_1.iri IN $startGeneIris RETURN path"	208	  0.00	0	  0.00	  1.29	  0.00	  0.00
"MATCH path = (gene_1:Gene) - [rel_1_9:homoeolog|regulates|genetic|physical] - (gene_9:Gene) - [participates_in_9_4_d:participates_in] -> (bioProc_4:BioProc) WHERE gene_1.iri IN $startGeneIris RETURN path"	208	  0.00	0	  0.00	  7.66	  0.00	  0.03
"MATCH path = (gene_1:Gene) - [rel_1_9:homoeolog|regulates|genetic|physical] - (gene_9:Gene) - [pub_in_9_2_d:pub_in] -> (publication_2:Publication) WHERE gene_1.iri IN $startGeneIris RETURN path"	208	  0.48	10157183	 98.14	3427.46	  5.00	 11.82
"MATCH path = (gene_1:Gene) - [rel_1_9:homoeolog|regulates|genetic|physical] - (gene_9:Gene) - [rel_1_20_d:has_mutant|has_variation] -> (sNP_20:SNP) - [associated_with_20_211_d:associated_with] -> (pheno_211:Phenotype) - [is_part_of_211_21:part_of] -> (pheno_21:Trait) WHERE gene_1.iri IN $startGeneIris RETURN path"	208	  0.00	0	  0.00	  1.47	  0.00	  0.01
"MATCH path = (gene_1:Gene) - [rel_1_9:homoeolog|regulates|genetic|physical] - (gene_9:Gene) - [rel_1_20_d:has_mutant|has_variation] -> (sNP_20:SNP) - [associated_with_20_211_d:associated_with] -> (pheno_211:Phenotype) - [pub_in_211_2_d:pub_in] -> (publication_2:Publication) WHERE gene_1.iri IN $startGeneIris RETURN path"	208	  0.00	0	  0.00	  1.45	  0.00	  0.01
"MATCH path = (gene_1:Gene) - [rel_1_9:homoeolog|regulates|genetic|physical] - (gene_9:Gene) - [rel_1_20_d:has_mutant|has_variation] -> (sNP_20:SNP) - [associated_with_20_211_d:associated_with] -> (pheno_211:Phenotype) WHERE gene_1.iri IN $startGeneIris RETURN path"	208	  0.00	0	  0.00	  1.39	  0.00	  0.00
"MATCH path = (gene_1:Gene) - [rel_1_9:homoeolog|regulates|genetic|physical] - (gene_9:Gene) - [rel_1_20_d:has_mutant|has_variation] -> (sNP_20:SNP) - [leads_to_20_26_d:leads_to] -> (sNPEffect_26:SNPEffect) WHERE gene_1.iri IN $startGeneIris RETURN path"	208	  0.00	0	  0.00	  1.50	  0.00	  0.01


20250205-03:28:04.506 [main] INFO  KnetMinerInitializer - Generating semantic motif summary tables
20250205-03:28:40.751 [main] INFO  PercentProgressLogger - 10% of paths stored
20250205-03:29:25.765 [main] INFO  PercentProgressLogger - 20% of paths stored
20250205-03:29:26.953 [main] INFO  PercentProgressLogger - 30% of paths stored
20250205-03:30:06.865 [main] INFO  PercentProgressLogger - 40% of paths stored
20250205-03:31:09.436 [main] INFO  PercentProgressLogger - 50% of paths stored
20250205-03:32:50.225 [main] INFO  PercentProgressLogger - 60% of paths stored
20250205-03:33:05.426 [main] INFO  PercentProgressLogger - 70% of paths stored
20250205-03:33:20.486 [main] INFO  PercentProgressLogger - 80% of paths stored
20250205-03:36:11.757 [main] INFO  PercentProgressLogger - 90% of paths stored
20250205-03:38:11.810 [main] INFO  PercentProgressLogger - 100% of paths stored
20250205-03:38:18.187 [main] INFO  KnetMinerInitializer - Creating genes2QTLs map
20250205-03:38:18.223 [main] INFO  PercentProgressLogger - 10% of genes processed
20250205-03:38:18.272 [main] INFO  PercentProgressLogger - 20% of genes processed
20250205-03:38:18.284 [main] INFO  PercentProgressLogger - 30% of genes processed
20250205-03:38:18.297 [main] INFO  PercentProgressLogger - 40% of genes processed
20250205-03:38:18.312 [main] INFO  PercentProgressLogger - 50% of genes processed
20250205-03:38:18.333 [main] INFO  PercentProgressLogger - 60% of genes processed
20250205-03:38:18.348 [main] INFO  PercentProgressLogger - 70% of genes processed
20250205-03:38:18.438 [main] INFO  PercentProgressLogger - 80% of genes processed
20250205-03:38:18.450 [main] INFO  PercentProgressLogger - 90% of genes processed
20250205-03:38:18.459 [main] INFO  PercentProgressLogger - 100% of genes processed
20250205-03:38:18.460 [main] INFO  KnetMinerInitializer - Populated gene2QTL with 0 mapping(s)
20250205-03:38:18.460 [main] INFO  KnetMinerInitializer - Dumping semantic motif summary tables on files, at "/home/data/knetminer/pub/endpoints/ascomycota-premium/v60-RC3/tmp/knet-init/data"
20250205-03:42:27.709 [main] INFO  KnetMinerInitializer - Saving graph stats to '/home/data/knetminer/pub/endpoints/ascomycota-premium/v60-RC3/tmp/knet-init/data/knowledge-network-stats.json'
20250205-03:42:27.929 [main] INFO  KnetMinerInitializer - End of graph stats export
20250205-03:42:27.929 [main] INFO  KnetMinerInitializer - genes2Concepts populated with 98475 elements
20250205-03:42:27.929 [main] INFO  KnetMinerInitializer - concepts2Genes populated with 404083 elements
20250205-03:42:27.929 [main] INFO  KnetMinerInitializer - genes2PathLengths populated with 46346068 elements
20250205-03:42:27.930 [main] WARN  KnetMinerInitializer - genes2QTLs is null/empty
20250205-03:42:27.930 [main] INFO  KnetMinerInitializer - Semantic motif data initialization ended.
20250205-03:42:27.930 [main] INFO  KnetMinerInitializerCLI - Creating Neo4j indexes and optimisations
20250205-03:42:27.934 [main] INFO  NeoInitComponent - NeoConceptIndexer setting Neo4j connection from config params
20250205-03:42:27.934 [main] INFO  NeoInitComponent - Setting Neo4j connection from driver parameter
20250205-03:42:27.935 [main] INFO  NeoConceptIndexer - Retrieving concept index properties from: /home/data/knetminer/pub/endpoints/ascomycota-premium/v60-RC3/tmp/knet-init/config/neo4j/concept-index-properties.txt
20250205-03:42:27.943 [main] INFO  NeoConceptIndexer - Creating Neo4j full text index for concept searching
20250205-03:42:27.943 [main] INFO  NeoConceptIndexer - Fetching all DB concept properties
20250205-03:42:29.630 [main] INFO  NeoConceptIndexer - Found 47 concept properties in the DB
20250205-03:42:29.631 [main] INFO  NeoConceptIndexer - Expanding to 47 DB properties from 16 base names
20250205-03:42:29.632 [main] INFO  NeoConceptIndexer - Returning 22 DB properties after base property filtering
20250205-03:42:29.632 [main] INFO  NeoConceptIndexer - Deleting old concept full text index
20250205-03:42:29.644 [main] INFO  NeoConceptIndexer - Creating full text index for concepts
20250205-03:42:29.956 [main] INFO  NeoConceptIndexer - Full text index for concepts created
20250205-03:42:29.956 [main] INFO  NeoConceptIndexer - Concept full text indexing, all done
20250205-03:42:29.958 [main] INFO  NeoInitComponent - NeoGenePubIdIndexer setting Neo4j connection from config params
20250205-03:42:29.959 [main] INFO  NeoInitComponent - Setting Neo4j connection from driver parameter
20250205-03:42:29.959 [main] INFO  NeoGenePubIdIndexer - Creating Neo4j full text index for gene labels
20250205-03:42:29.989 [main] INFO  NeoGenePubIdIndexer - Gene name/accession indexing, all done
20250205-03:42:29.991 [main] INFO  NeoInitComponent - NeoChromosomeFix setting Neo4j connection from config params
20250205-03:42:29.991 [main] INFO  NeoInitComponent - Setting Neo4j connection from driver parameter
20250205-03:42:29.991 [main] INFO  NeoChromosomeFix - Fixing gene chromosome properties
20250205-03:42:35.182 [main] INFO  NeoChromosomeFix - Chromosome properties processed
20250205-03:42:35.184 [main] INFO  NeoInitComponent - NeoPrefNamesFix setting Neo4j connection from config params
20250205-03:42:35.184 [main] INFO  NeoInitComponent - Setting Neo4j connection from driver parameter
20250205-03:42:35.185 [main] INFO  NeoPrefNamesFix - Fixing concept prefName property
20250205-03:42:36.035 [main] INFO  NeoPrefNamesFix - Names processed
20250205-03:42:36.035 [main] INFO  KnetMinerInitializerCLI - Populating Neo4j with semantic motif summaries
20250205-03:42:36.241 [main] INFO  NeoInitComponent - NeoMotifImporter setting Neo4j connection from config params
20250205-03:42:36.242 [main] INFO  NeoInitComponent - Setting Neo4j connection from driver parameter
20250205-03:42:36.242 [main] INFO  NeoMotifImporter - Deleting old semantic motif endpoints
20250205-03:42:36.358 [main] INFO  NeoMotifImporter - Creating Neo4j Concept ID indexes
20250205-03:42:36.374 [main] INFO  NeoMotifImporter - ID indexes created
20250205-03:42:36.374 [main] INFO  NeoMotifImporter - Saving 46346068 semantic motif endpoints to Neo4j
20250205-03:45:38.845 [neoMotifImporter.scheduler-1] INFO  PercentProgressLogger - 10% semantic motif endpoints sent to Neo4j
20250205-03:46:33.224 [neoMotifImporter.scheduler-1] INFO  PercentProgressLogger - 10% semantic motif endpoints stored
20250205-03:49:23.525 [neoMotifImporter.scheduler-1] INFO  PercentProgressLogger - 20% semantic motif endpoints sent to Neo4j
20250205-03:50:06.575 [neoMotifImporter.scheduler-1] INFO  PercentProgressLogger - 20% semantic motif endpoints stored
20250205-03:53:02.144 [neoMotifImporter.scheduler-1] INFO  PercentProgressLogger - 30% semantic motif endpoints sent to Neo4j
20250205-03:53:34.184 [neoMotifImporter.scheduler-1] INFO  PercentProgressLogger - 30% semantic motif endpoints stored
20250205-03:56:44.482 [neoMotifImporter.scheduler-1] INFO  PercentProgressLogger - 40% semantic motif endpoints sent to Neo4j
20250205-03:57:31.480 [neoMotifImporter.scheduler-1] INFO  PercentProgressLogger - 40% semantic motif endpoints stored
20250205-04:00:32.973 [neoMotifImporter.scheduler-1] INFO  PercentProgressLogger - 50% semantic motif endpoints sent to Neo4j
20250205-04:01:13.991 [neoMotifImporter.scheduler-1] INFO  PercentProgressLogger - 50% semantic motif endpoints stored
20250205-04:04:21.712 [neoMotifImporter.scheduler-1] INFO  PercentProgressLogger - 60% semantic motif endpoints sent to Neo4j
20250205-04:04:56.390 [neoMotifImporter.scheduler-1] INFO  PercentProgressLogger - 60% semantic motif endpoints stored
20250205-04:07:53.626 [neoMotifImporter.scheduler-1] INFO  PercentProgressLogger - 70% semantic motif endpoints sent to Neo4j
20250205-04:08:43.961 [neoMotifImporter.scheduler-1] INFO  PercentProgressLogger - 70% semantic motif endpoints stored
20250205-04:11:45.209 [neoMotifImporter.scheduler-1] INFO  PercentProgressLogger - 80% semantic motif endpoints sent to Neo4j
20250205-04:12:23.959 [neoMotifImporter.scheduler-1] INFO  PercentProgressLogger - 80% semantic motif endpoints stored
20250205-04:15:40.581 [neoMotifImporter.scheduler-1] INFO  PercentProgressLogger - 90% semantic motif endpoints sent to Neo4j
20250205-04:16:12.379 [neoMotifImporter.scheduler-1] INFO  PercentProgressLogger - 90% semantic motif endpoints stored
20250205-04:19:09.959 [neoMotifImporter.scheduler-1] INFO  PercentProgressLogger - 100% semantic motif endpoints sent to Neo4j
20250205-04:19:38.122 [neoMotifImporter.scheduler-1] INFO  NeoMotifImporter - Waiting for Neo4j updates to complete
20250205-04:20:07.023 [neoMotifImporter.scheduler-1] INFO  PercentProgressLogger - 100% semantic motif endpoints stored
20250205-04:20:19.396 [main] INFO  NeoMotifImporter - saveMotifLinks(), done
20250205-04:20:19.397 [main] INFO  NeoMotifImporter - Deleting old per-concept gene counts
20250205-04:20:19.452 [main] INFO  NeoMotifImporter - Saving per-concept gene counts to Neo4j
20250205-04:22:39.054 [main] INFO  NeoMotifImporter - Saving per-concept all-species gene counts to Neo4j
20250205-04:23:37.038 [main] INFO  NeoMotifImporter - saveConceptGeneCounts(), done
20250205-04:23:37.038 [main] INFO  NeoMotifImporter - Deleting old per-gene concept counts
20250205-04:23:37.079 [main] INFO  NeoMotifImporter - Saving per-gene concept counts to Neo4j
20250205-04:24:23.627 [main] INFO  NeoMotifImporter - saveGeneConceptCounts(), done
20250205-04:24:23.628 [main] INFO  NeoMotifImporter - Creating Neo4j Motif Stats indexes
20250205-04:24:23.687 [main] INFO  NeoMotifImporter - Motif Stats indexes created
OXL attribute compressor shut down
Java Finished. Quitting the Shell Too.


Running Cypher query to generate medata and summary nodes in Neo4j
Picked up JAVA_TOOL_OPTIONS: -Xmx310G -Dneo4j.boltUrl='bolt://rothhpc402:7687' -Dneo4j.user='neo4j' -Dneo4j.password='testTest'
Picked up JAVA_TOOL_OPTIONS: -Xmx310G -Dneo4j.boltUrl='bolt://rothhpc402:7687' -Dneo4j.user='neo4j' -Dneo4j.password='testTest'

All Neo4j indexing and stats generation done


All Neo4j indexing and stats generation done

[Wed Feb  5 04:27:57 2025]
Finished job 0.
1 of 1 steps (100%) done
