Building DAG of jobs...
Using shell: /usr/bin/bash
Provided cores: 1 (use --cores to define parallelism)
Rules claiming more threads will be scaled down.
Job counts:
	count	jobs
	1	neo_export
	1

[Wed Feb  5 17:16:28 2025]
rule neo_export:
    input: /home/data/knetminer/pub/endpoints/test-arabidopsis/v60-RC1/tmp/tdb
    output: /home/data/knetminer/pub/endpoints/test-arabidopsis/v60-RC1/tmp/neo-export.flag
    jobid: 0


Clearing Neo4j at '/home/data/knetminer/software/neo4j-community-5.26.0-etl'

	Stopping Neo4j


No JOB ID file, possibly clean stuff like /home/data/knetminer/pub/endpoints/test-arabidopsis/v60-RC1/tmp/neo4j-slurm.*

Picked up JAVA_TOOL_OPTIONS: -Xmx310G
Picked up JAVA_TOOL_OPTIONS: -Xmx310G
Changed password for user 'neo4j'. IMPORTANT: this change will only take effect if performed before the database is started for the first time.

	Starting Neo4j on SLURM


Neo4j server job submitted to host rothhpc402, ID:360989


	Starting neo4j-export



  rdf2neo.sh

Picked up JAVA_TOOL_OPTIONS: -Xmx310G -Dneo4j.boltUrl='bolt://rothhpc402:7687' -Dneo4j.user='neo4j' -Dneo4j.password='testTest' -Dfile.encoding=UTF-8
17:16:53.978 [INFO ]: Getting maker configuration from Spring XML file 'file:///home/data/knetminer/software/ondex-mini/tools/neo4j-exporter/ondex_config/config.xml'
17:16:55.246 [INFO ]: Getting maker configuration from Spring Context
17:16:55.254 [INFO ]: Using MultiConfigNeo4jLoader PG maker
17:16:58.865 [INFO ]: [Concepts] RDF source has about 0 triple(s)
17:16:58.870 [INFO ]: Starting PG nodes making
17:17:58.531 [INFO ]: processNodeIris(): 100000 SPARQL tuples read from RDF
17:19:05.562 [INFO ]: processNodeIris(): 200000 SPARQL tuples read from RDF
17:19:51.682 [INFO ]: processNodeIris(): 300000 SPARQL tuples read from RDF
17:20:37.158 [INFO ]: processNodeIris(): 400000 SPARQL tuples read from RDF
17:21:27.840 [INFO ]: processNodeIris(): 500000 SPARQL tuples read from RDF
17:21:33.469 [INFO ]: Waiting for the batch processor to finish
17:21:35.590 [INFO ]: 206/206 batch jobs completed
17:21:35.591 [INFO ]: Waiting for the batch processor to finish
17:21:35.591 [INFO ]: Batch processor finished
17:21:35.591 [INFO ]: PG nodes making ended
17:21:35.591 [INFO ]: [Concepts] RDF-PG conversion finished
17:21:35.610 [INFO ]: [Accessions] RDF source has about 0 triple(s)
17:21:35.611 [INFO ]: Starting PG nodes making
17:21:46.207 [INFO ]: processNodeIris(): 100000 SPARQL tuples read from RDF
17:21:56.740 [INFO ]: processNodeIris(): 200000 SPARQL tuples read from RDF
17:22:08.251 [INFO ]: processNodeIris(): 300000 SPARQL tuples read from RDF
17:22:19.713 [INFO ]: processNodeIris(): 400000 SPARQL tuples read from RDF
17:22:31.632 [INFO ]: processNodeIris(): 500000 SPARQL tuples read from RDF
17:22:43.223 [INFO ]: processNodeIris(): 600000 SPARQL tuples read from RDF
17:22:50.109 [INFO ]: Waiting for the batch processor to finish
17:22:50.594 [INFO ]: 263/263 batch jobs completed
17:22:50.595 [INFO ]: Waiting for the batch processor to finish
17:22:50.595 [INFO ]: Batch processor finished
17:22:50.595 [INFO ]: PG nodes making ended
17:22:50.595 [INFO ]: [Accessions] RDF-PG conversion finished
17:22:50.618 [INFO ]: [Metadata] RDF source has about 0 triple(s)
17:22:50.618 [INFO ]: Starting PG nodes making
17:22:50.626 [INFO ]: Waiting for the batch processor to finish
17:22:50.993 [INFO ]: 1/1 batch jobs completed
17:22:50.993 [INFO ]: Waiting for the batch processor to finish
17:22:50.993 [INFO ]: Batch processor finished
17:22:50.993 [INFO ]: PG nodes making ended
17:22:50.993 [INFO ]: [Metadata] RDF-PG conversion finished
17:22:51.011 [INFO ]: [Reified Relations] RDF source has about 0 triple(s)
17:22:51.011 [INFO ]: Starting PG nodes making
17:22:51.012 [INFO ]: Waiting for the batch processor to finish
17:22:51.013 [INFO ]: 1/1 batch jobs completed
17:22:51.014 [INFO ]: Waiting for the batch processor to finish
17:22:51.014 [INFO ]: Batch processor finished
17:22:51.014 [INFO ]: PG nodes making ended
17:22:51.014 [INFO ]: [Reified Relations] RDF-PG conversion finished
17:22:51.028 [INFO ]: [Indices] RDF source has about 0 triple(s)
17:22:51.028 [INFO ]: Starting PG nodes making
17:22:51.028 [INFO ]: Waiting for the batch processor to finish
17:22:51.029 [INFO ]: 1/1 batch jobs completed
17:22:51.029 [INFO ]: Waiting for the batch processor to finish
17:22:51.029 [INFO ]: Batch processor finished
17:22:51.029 [INFO ]: PG nodes making ended
17:22:51.029 [INFO ]: [Indices] RDF-PG conversion finished
17:22:51.050 [INFO ]: [Concepts] RDF source has about 0 triple(s)
17:22:51.050 [INFO ]: Starting PG relations making
17:23:00.528 [INFO ]: processRelationIris(): 100000 SPARQL tuples read from RDF
17:23:07.586 [INFO ]: processRelationIris(): 200000 SPARQL tuples read from RDF
17:23:15.161 [INFO ]: processRelationIris(): 300000 SPARQL tuples read from RDF
17:23:22.167 [INFO ]: processRelationIris(): 400000 SPARQL tuples read from RDF
17:23:32.922 [INFO ]: processRelationIris(): 500000 SPARQL tuples read from RDF
17:23:39.813 [INFO ]: processRelationIris(): 600000 SPARQL tuples read from RDF
17:23:47.951 [INFO ]: processRelationIris(): 700000 SPARQL tuples read from RDF
17:23:53.895 [INFO ]: processRelationIris(): 800000 SPARQL tuples read from RDF
17:23:59.840 [INFO ]: processRelationIris(): 900000 SPARQL tuples read from RDF
17:24:06.885 [INFO ]: processRelationIris(): 1000000 SPARQL tuples read from RDF
17:24:18.448 [INFO ]: processRelationIris(): 1100000 SPARQL tuples read from RDF
17:24:25.723 [INFO ]: processRelationIris(): 1200000 SPARQL tuples read from RDF
17:24:31.654 [INFO ]: processRelationIris(): 1300000 SPARQL tuples read from RDF
17:24:38.089 [INFO ]: processRelationIris(): 1400000 SPARQL tuples read from RDF
17:24:44.342 [INFO ]: processRelationIris(): 1500000 SPARQL tuples read from RDF
17:24:51.413 [INFO ]: processRelationIris(): 1600000 SPARQL tuples read from RDF
17:24:59.395 [INFO ]: processRelationIris(): 1700000 SPARQL tuples read from RDF
17:25:00.028 [INFO ]: Waiting for the batch processor to finish
17:25:00.379 [INFO ]: 685/685 batch jobs completed
17:25:00.379 [INFO ]: Waiting for the batch processor to finish
17:25:00.379 [INFO ]: Batch processor finished
17:25:00.380 [INFO ]: PG relations making ended
17:25:00.380 [INFO ]: [Concepts] RDF-PG conversion finished
17:25:00.401 [INFO ]: [Accessions] RDF source has about 0 triple(s)
17:25:00.402 [INFO ]: Starting PG relations making
17:25:06.274 [INFO ]: processRelationIris(): 100000 SPARQL tuples read from RDF
17:25:12.104 [INFO ]: processRelationIris(): 200000 SPARQL tuples read from RDF
17:25:18.329 [INFO ]: processRelationIris(): 300000 SPARQL tuples read from RDF
17:25:24.434 [INFO ]: processRelationIris(): 400000 SPARQL tuples read from RDF
17:25:32.332 [INFO ]: processRelationIris(): 500000 SPARQL tuples read from RDF
17:25:38.655 [INFO ]: processRelationIris(): 600000 SPARQL tuples read from RDF
17:25:42.128 [INFO ]: Waiting for the batch processor to finish
17:25:42.488 [INFO ]: 263/263 batch jobs completed
17:25:42.489 [INFO ]: Waiting for the batch processor to finish
17:25:42.489 [INFO ]: Batch processor finished
17:25:42.489 [INFO ]: PG relations making ended
17:25:42.489 [INFO ]: [Accessions] RDF-PG conversion finished
17:25:42.509 [INFO ]: [Metadata] RDF source has about 0 triple(s)
17:25:42.510 [INFO ]: Starting PG relations making
17:25:42.510 [INFO ]: Waiting for the batch processor to finish
17:25:42.510 [INFO ]: 1/1 batch jobs completed
17:25:42.511 [INFO ]: Waiting for the batch processor to finish
17:25:42.511 [INFO ]: Batch processor finished
17:25:42.511 [INFO ]: PG relations making ended
17:25:42.511 [INFO ]: [Metadata] RDF-PG conversion finished
17:25:42.526 [INFO ]: [Reified Relations] RDF source has about 0 triple(s)
17:25:42.526 [INFO ]: Starting PG relations making
17:26:22.644 [INFO ]: processRelationIris(): 100000 SPARQL tuples read from RDF
17:26:56.386 [INFO ]: processRelationIris(): 200000 SPARQL tuples read from RDF
17:27:27.515 [INFO ]: processRelationIris(): 300000 SPARQL tuples read from RDF
17:27:58.324 [INFO ]: processRelationIris(): 400000 SPARQL tuples read from RDF
17:28:31.845 [INFO ]: processRelationIris(): 500000 SPARQL tuples read from RDF
17:29:05.542 [INFO ]: processRelationIris(): 600000 SPARQL tuples read from RDF
17:29:37.219 [INFO ]: processRelationIris(): 700000 SPARQL tuples read from RDF
17:30:09.368 [INFO ]: processRelationIris(): 800000 SPARQL tuples read from RDF
17:30:41.796 [INFO ]: processRelationIris(): 900000 SPARQL tuples read from RDF
17:31:14.510 [INFO ]: processRelationIris(): 1000000 SPARQL tuples read from RDF
17:31:47.331 [INFO ]: processRelationIris(): 1100000 SPARQL tuples read from RDF
17:32:20.266 [INFO ]: processRelationIris(): 1200000 SPARQL tuples read from RDF
17:32:54.142 [INFO ]: processRelationIris(): 1300000 SPARQL tuples read from RDF
17:33:25.097 [INFO ]: processRelationIris(): 1400000 SPARQL tuples read from RDF
17:33:57.877 [INFO ]: processRelationIris(): 1500000 SPARQL tuples read from RDF
17:34:30.958 [INFO ]: processRelationIris(): 1600000 SPARQL tuples read from RDF
17:35:02.634 [INFO ]: processRelationIris(): 1700000 SPARQL tuples read from RDF
17:35:35.009 [INFO ]: processRelationIris(): 1800000 SPARQL tuples read from RDF
17:36:10.560 [INFO ]: processRelationIris(): 1900000 SPARQL tuples read from RDF
17:36:31.230 [INFO ]: Waiting for the batch processor to finish
17:36:33.350 [INFO ]: 784/784 batch jobs completed
17:36:33.350 [INFO ]: Waiting for the batch processor to finish
17:36:33.350 [INFO ]: Batch processor finished
17:36:33.351 [INFO ]: PG relations making ended
17:36:33.351 [INFO ]: [Reified Relations] RDF-PG conversion finished
17:36:33.376 [INFO ]: [Indices] RDF source has about 0 triple(s)
17:36:33.377 [INFO ]: Starting PG relations making
17:36:33.377 [INFO ]: Waiting for the batch processor to finish
17:36:33.377 [INFO ]: 1/1 batch jobs completed
17:36:33.377 [INFO ]: Waiting for the batch processor to finish
17:36:33.377 [INFO ]: Batch processor finished
17:36:33.377 [INFO ]: PG relations making ended
17:36:33.377 [INFO ]: [Indices] RDF-PG conversion finished
17:36:33.405 [INFO ]: [Concepts] RDF source has about 0 triple(s)
17:36:33.405 [WARN ]: [Concepts] No Cypher index definitions found, no Cypher index will be created
17:36:33.405 [INFO ]: [Concepts] RDF-PG conversion finished
17:36:33.418 [INFO ]: [Accessions] RDF source has about 0 triple(s)
17:36:33.418 [WARN ]: [Accessions] No Cypher index definitions found, no Cypher index will be created
17:36:33.419 [INFO ]: [Accessions] RDF-PG conversion finished
17:36:33.431 [INFO ]: [Metadata] RDF source has about 0 triple(s)
17:36:33.431 [WARN ]: [Metadata] No Cypher index definitions found, no Cypher index will be created
17:36:33.431 [INFO ]: [Metadata] RDF-PG conversion finished
17:36:33.445 [INFO ]: [Reified Relations] RDF source has about 0 triple(s)
17:36:33.445 [WARN ]: [Reified Relations] No Cypher index definitions found, no Cypher index will be created
17:36:33.445 [INFO ]: [Reified Relations] RDF-PG conversion finished
17:36:33.462 [INFO ]: [Indices] RDF source has about 0 triple(s)
17:36:33.463 [INFO ]: [Indices] Loading Index definitions
17:37:35.549 [INFO ]: [Indices] Index definitions loaded, returning 25 row(s)
17:37:35.549 [INFO ]: [Indices] Starting Cypher Indexing
17:37:35.581 [INFO ]: Indexing on node 'Concept'.'identifier'
17:37:35.589 [INFO ]: Indexing on node 'Publication'.'identifier'
17:37:35.595 [INFO ]: Indexing on node 'Resource'.'identifier'
17:37:35.599 [INFO ]: Indexing on node 'Gene'.'identifier'
17:37:35.604 [INFO ]: Indexing on node 'ProtDomain'.'identifier'
17:37:35.608 [INFO ]: Indexing on node 'Path'.'identifier'
17:37:35.613 [INFO ]: Indexing on node 'CelComp'.'identifier'
17:37:35.617 [INFO ]: Indexing on node 'BioProc'.'identifier'
17:37:35.622 [INFO ]: Indexing on node 'MolFunc'.'identifier'
17:37:35.627 [INFO ]: Indexing on node 'EC'.'identifier'
17:37:35.631 [INFO ]: Indexing on node 'Comp'.'identifier'
17:37:35.636 [INFO ]: Indexing on node 'Protein'.'identifier'
17:37:35.640 [INFO ]: Indexing on node 'Protcmplx'.'identifier'
17:37:35.645 [INFO ]: Indexing on node 'Enzyme'.'identifier'
17:37:35.650 [INFO ]: Indexing on node 'Reaction'.'identifier'
17:37:35.655 [INFO ]: Indexing on node 'Phenotype'.'identifier'
17:37:35.660 [INFO ]: Indexing on node 'Transport'.'identifier'
17:37:35.665 [INFO ]: Indexing on node 'SNP'.'identifier'
17:37:35.670 [INFO ]: Indexing on node 'Species'.'identifier'
17:37:35.675 [INFO ]: Indexing on node 'SpeciesSet'.'identifier'
17:37:35.680 [INFO ]: Indexing on node 'Trait'.'identifier'
17:37:35.686 [INFO ]: Indexing on node 'lncrna'.'identifier'
17:37:35.697 [INFO ]: Indexing on node 'Accession'.'identifier'
17:37:35.702 [INFO ]: Indexing on node 'DataSource'.'identifier'
17:37:35.707 [INFO ]: Indexing on node 'EvidenceType'.'identifier'
17:37:35.713 [INFO ]: Indexing on node 'Concept'.'prefName'
17:37:35.718 [INFO ]: Indexing on node 'Publication'.'prefName'
17:37:35.723 [INFO ]: Indexing on node 'Resource'.'prefName'
17:37:35.729 [INFO ]: Indexing on node 'Gene'.'prefName'
17:37:35.734 [INFO ]: Indexing on node 'ProtDomain'.'prefName'
17:37:35.739 [INFO ]: Indexing on node 'Path'.'prefName'
17:37:35.744 [INFO ]: Indexing on node 'CelComp'.'prefName'
17:37:35.750 [INFO ]: Indexing on node 'BioProc'.'prefName'
17:37:35.755 [INFO ]: Indexing on node 'MolFunc'.'prefName'
17:37:35.761 [INFO ]: Indexing on node 'EC'.'prefName'
17:37:35.765 [INFO ]: Indexing on node 'Comp'.'prefName'
17:37:35.770 [INFO ]: Indexing on node 'Protein'.'prefName'
17:37:35.775 [INFO ]: Indexing on node 'Protcmplx'.'prefName'
17:37:35.780 [INFO ]: Indexing on node 'Enzyme'.'prefName'
17:37:35.785 [INFO ]: Indexing on node 'Reaction'.'prefName'
17:37:35.792 [INFO ]: Indexing on node 'Phenotype'.'prefName'
17:37:35.797 [INFO ]: Indexing on node 'Transport'.'prefName'
17:37:35.802 [INFO ]: Indexing on node 'SNP'.'prefName'
17:37:35.808 [INFO ]: Indexing on node 'Species'.'prefName'
17:37:35.812 [INFO ]: Indexing on node 'SpeciesSet'.'prefName'
17:37:35.817 [INFO ]: Indexing on node 'Trait'.'prefName'
17:37:35.821 [INFO ]: Indexing on node 'lncrna'.'prefName'
17:37:35.826 [INFO ]: Indexing on node 'Accession'.'prefName'
17:37:35.831 [INFO ]: Indexing on node 'DataSource'.'prefName'
17:37:35.836 [INFO ]: Indexing on node 'EvidenceType'.'prefName'
17:37:35.841 [INFO ]: Indexing on node 'Concept'.'altName'
17:37:35.846 [INFO ]: Indexing on node 'Publication'.'altName'
17:37:35.850 [INFO ]: Indexing on node 'Resource'.'altName'
17:37:35.855 [INFO ]: Indexing on node 'Gene'.'altName'
17:37:35.860 [INFO ]: Indexing on node 'ProtDomain'.'altName'
17:37:35.865 [INFO ]: Indexing on node 'Path'.'altName'
17:37:35.870 [INFO ]: Indexing on node 'CelComp'.'altName'
17:37:35.875 [INFO ]: Indexing on node 'BioProc'.'altName'
17:37:35.880 [INFO ]: Indexing on node 'MolFunc'.'altName'
17:37:35.886 [INFO ]: Indexing on node 'EC'.'altName'
17:37:35.891 [INFO ]: Indexing on node 'Comp'.'altName'
17:37:35.896 [INFO ]: Indexing on node 'Protein'.'altName'
17:37:35.902 [INFO ]: Indexing on node 'Protcmplx'.'altName'
17:37:35.906 [INFO ]: Indexing on node 'Enzyme'.'altName'
17:37:35.911 [INFO ]: Indexing on node 'Reaction'.'altName'
17:37:35.916 [INFO ]: Indexing on node 'Phenotype'.'altName'
17:37:35.921 [INFO ]: Indexing on node 'Transport'.'altName'
17:37:35.926 [INFO ]: Indexing on node 'SNP'.'altName'
17:37:35.931 [INFO ]: Indexing on node 'Species'.'altName'
17:37:35.936 [INFO ]: Indexing on node 'SpeciesSet'.'altName'
17:37:35.941 [INFO ]: Indexing on node 'Trait'.'altName'
17:37:35.945 [INFO ]: Indexing on node 'lncrna'.'altName'
17:37:35.950 [INFO ]: Indexing on node 'Accession'.'altName'
17:37:35.956 [INFO ]: Indexing on node 'DataSource'.'altName'
17:37:35.961 [INFO ]: Indexing on node 'EvidenceType'.'altName'
17:37:35.966 [INFO ]: Indexing on node 'Concept'.'label'
17:37:35.971 [INFO ]: Indexing on node 'Publication'.'label'
17:37:35.976 [INFO ]: Indexing on node 'Resource'.'label'
17:37:35.981 [INFO ]: Indexing on node 'Gene'.'label'
17:37:35.986 [INFO ]: Indexing on node 'ProtDomain'.'label'
17:37:35.992 [INFO ]: Indexing on node 'Path'.'label'
17:37:35.996 [INFO ]: Indexing on node 'CelComp'.'label'
17:37:36.006 [INFO ]: Indexing on node 'BioProc'.'label'
17:37:36.011 [INFO ]: Indexing on node 'MolFunc'.'label'
17:37:36.036 [INFO ]: Indexing on node 'EC'.'label'
17:37:36.042 [INFO ]: Indexing on node 'Comp'.'label'
17:37:36.049 [INFO ]: Indexing on node 'Protein'.'label'
17:37:36.054 [INFO ]: Indexing on node 'Protcmplx'.'label'
17:37:36.060 [INFO ]: Indexing on node 'Enzyme'.'label'
17:37:36.066 [INFO ]: Indexing on node 'Reaction'.'label'
17:37:36.071 [INFO ]: Indexing on node 'Phenotype'.'label'
17:37:36.076 [INFO ]: Indexing on node 'Transport'.'label'
17:37:36.105 [INFO ]: Indexing on node 'SNP'.'label'
17:37:36.111 [INFO ]: Indexing on node 'Species'.'label'
17:37:36.116 [INFO ]: Indexing on node 'SpeciesSet'.'label'
17:37:36.121 [INFO ]: Indexing on node 'Trait'.'label'
17:37:36.127 [INFO ]: Indexing on node 'lncrna'.'label'
17:37:36.142 [INFO ]: Indexing on node 'Accession'.'label'
17:37:36.147 [INFO ]: Indexing on node 'DataSource'.'label'
17:37:36.153 [INFO ]: Indexing on node 'EvidenceType'.'label'
17:37:36.174 [INFO ]: Indexing on relation 'identifier'.'label'
17:37:36.180 [INFO ]: Indexing on relation 'dataSource'.'label'
17:37:36.186 [INFO ]: Indexing on relation 'evidence'.'label'
17:37:36.191 [INFO ]: Indexing on relation 'relatedConcept'.'label'
17:37:36.199 [INFO ]: Indexing on relation 'genetic'.'label'
17:37:36.205 [INFO ]: Indexing on relation 'xref'.'label'
17:37:36.210 [INFO ]: Indexing on relation 'associated_with'.'label'
17:37:36.219 [INFO ]: Indexing on relation 'has_domain'.'label'
17:37:36.224 [INFO ]: Indexing on relation 'equ'.'label'
17:37:36.229 [INFO ]: Indexing on relation 'has_variation'.'label'
17:37:36.234 [INFO ]: Indexing on relation 'pos_reg'.'label'
17:37:36.239 [INFO ]: Indexing on relation 'has_phenotype'.'label'
17:37:36.244 [INFO ]: Indexing on relation 'participates_in'.'label'
17:37:36.254 [INFO ]: Indexing on relation 'regulates'.'label'
17:37:36.258 [INFO ]: Indexing on relation 'testProp'.'label'
17:37:36.263 [INFO ]: Indexing on relation 'h_s_s'.'label'
17:37:36.269 [INFO ]: Indexing on relation 'has_function'.'label'
17:37:36.274 [INFO ]: Indexing on relation 'cat_c'.'label'
17:37:36.279 [INFO ]: Indexing on relation 'neg_reg'.'label'
17:37:36.284 [INFO ]: Indexing on relation 'located_in'.'label'
17:37:36.289 [INFO ]: Indexing on relation 'pub_in'.'label'
17:37:36.294 [INFO ]: Indexing on relation 'enc'.'label'
17:37:36.299 [INFO ]: Indexing on relation 'not_located_in'.'label'
17:37:36.304 [INFO ]: Indexing on relation 'physical'.'label'
17:37:36.309 [INFO ]: Indexing on relation 'is_a'.'label'
17:37:36.314 [INFO ]: Indexing on relation 'not_function'.'label'
17:37:36.319 [INFO ]: Indexing on relation 'occ_in'.'label'
17:37:36.330 [INFO ]: Indexing on relation 'part_of'.'label'
17:37:36.335 [INFO ]: Indexing on relation 'ca_by'.'label'
17:37:36.340 [INFO ]: Indexing on relation 'is_part_of'.'label'
17:37:36.344 [INFO ]: Indexing on relation 'participates_not'.'label'
17:37:36.349 [INFO ]: Indexing on relation 'cs_by'.'label'
17:37:36.354 [INFO ]: Indexing on relation 'ortho'.'label'
17:37:36.359 [INFO ]: Indexing on relation 'pd_by'.'label'
17:37:36.364 [INFO ]: Indexing on relation 'in_by'.'label'
17:37:36.369 [INFO ]: Indexing on relation 'ac_by'.'label'
17:37:36.374 [INFO ]: Indexing on relation 'identifier'.'evidence'
17:37:36.379 [INFO ]: Indexing on relation 'dataSource'.'evidence'
17:37:36.384 [INFO ]: Indexing on relation 'evidence'.'evidence'
17:37:36.389 [INFO ]: Indexing on relation 'relatedConcept'.'evidence'
17:37:36.393 [INFO ]: Indexing on relation 'genetic'.'evidence'
17:37:36.398 [INFO ]: Indexing on relation 'xref'.'evidence'
17:37:36.403 [INFO ]: Indexing on relation 'associated_with'.'evidence'
17:37:36.408 [INFO ]: Indexing on relation 'has_domain'.'evidence'
17:37:36.412 [INFO ]: Indexing on relation 'equ'.'evidence'
17:37:36.417 [INFO ]: Indexing on relation 'has_variation'.'evidence'
17:37:36.422 [INFO ]: Indexing on relation 'pos_reg'.'evidence'
17:37:36.426 [INFO ]: Indexing on relation 'has_phenotype'.'evidence'
17:37:36.431 [INFO ]: Indexing on relation 'participates_in'.'evidence'
17:37:36.435 [INFO ]: Indexing on relation 'regulates'.'evidence'
17:37:36.440 [INFO ]: Indexing on relation 'testProp'.'evidence'
17:37:36.445 [INFO ]: Indexing on relation 'h_s_s'.'evidence'
17:37:36.449 [INFO ]: Indexing on relation 'has_function'.'evidence'
17:37:36.454 [INFO ]: Indexing on relation 'cat_c'.'evidence'
17:37:36.459 [INFO ]: Indexing on relation 'neg_reg'.'evidence'
17:37:36.464 [INFO ]: Indexing on relation 'located_in'.'evidence'
17:37:36.470 [INFO ]: Indexing on relation 'pub_in'.'evidence'
17:37:36.475 [INFO ]: Indexing on relation 'enc'.'evidence'
17:37:36.480 [INFO ]: Indexing on relation 'not_located_in'.'evidence'
17:37:36.484 [INFO ]: Indexing on relation 'physical'.'evidence'
17:37:36.489 [INFO ]: Indexing on relation 'is_a'.'evidence'
17:37:36.495 [INFO ]: Indexing on relation 'not_function'.'evidence'
17:37:36.500 [INFO ]: Indexing on relation 'occ_in'.'evidence'
17:37:36.504 [INFO ]: Indexing on relation 'part_of'.'evidence'
17:37:36.509 [INFO ]: Indexing on relation 'ca_by'.'evidence'
17:37:36.514 [INFO ]: Indexing on relation 'is_part_of'.'evidence'
17:37:36.519 [INFO ]: Indexing on relation 'participates_not'.'evidence'
17:37:36.523 [INFO ]: Indexing on relation 'cs_by'.'evidence'
17:37:36.530 [INFO ]: Indexing on relation 'ortho'.'evidence'
17:37:36.535 [INFO ]: Indexing on relation 'pd_by'.'evidence'
17:37:36.539 [INFO ]: Indexing on relation 'in_by'.'evidence'
17:37:36.544 [INFO ]: Indexing on relation 'ac_by'.'evidence'
17:37:36.549 [INFO ]: Indexing on node 'Concept'.'ondexId'
17:37:36.554 [INFO ]: Indexing on node 'Publication'.'ondexId'
17:37:36.558 [INFO ]: Indexing on node 'Resource'.'ondexId'
17:37:36.564 [INFO ]: Indexing on node 'Gene'.'ondexId'
17:37:36.568 [INFO ]: Indexing on node 'ProtDomain'.'ondexId'
17:37:36.579 [INFO ]: Indexing on node 'Path'.'ondexId'
17:37:36.584 [INFO ]: Indexing on node 'CelComp'.'ondexId'
17:37:36.589 [INFO ]: Indexing on node 'BioProc'.'ondexId'
17:37:36.594 [INFO ]: Indexing on node 'MolFunc'.'ondexId'
17:37:36.599 [INFO ]: Indexing on node 'EC'.'ondexId'
17:37:36.603 [INFO ]: Indexing on node 'Comp'.'ondexId'
17:37:36.608 [INFO ]: Indexing on node 'Protein'.'ondexId'
17:37:36.613 [INFO ]: Indexing on node 'Protcmplx'.'ondexId'
17:37:36.618 [INFO ]: Indexing on node 'Enzyme'.'ondexId'
17:37:36.622 [INFO ]: Indexing on node 'Reaction'.'ondexId'
17:37:36.627 [INFO ]: Indexing on node 'Phenotype'.'ondexId'
17:37:36.636 [INFO ]: Indexing on node 'Transport'.'ondexId'
17:37:36.650 [INFO ]: Indexing on node 'SNP'.'ondexId'
17:37:36.655 [INFO ]: Indexing on node 'Species'.'ondexId'
17:37:36.660 [INFO ]: Indexing on node 'SpeciesSet'.'ondexId'
17:37:36.665 [INFO ]: Indexing on node 'Trait'.'ondexId'
17:37:36.677 [INFO ]: Indexing on node 'lncrna'.'ondexId'
17:37:36.683 [INFO ]: Indexing on node 'Accession'.'ondexId'
17:37:36.688 [INFO ]: Indexing on node 'DataSource'.'ondexId'
17:37:36.693 [INFO ]: Indexing on node 'EvidenceType'.'ondexId'
17:37:36.699 [INFO ]: Indexing on relation 'identifier'.'ondexId'
17:37:36.704 [INFO ]: Indexing on relation 'dataSource'.'ondexId'
17:37:36.709 [INFO ]: Indexing on relation 'evidence'.'ondexId'
17:37:36.714 [INFO ]: Indexing on relation 'relatedConcept'.'ondexId'
17:37:36.719 [INFO ]: Indexing on relation 'genetic'.'ondexId'
17:37:36.724 [INFO ]: Indexing on relation 'xref'.'ondexId'
17:37:36.729 [INFO ]: Indexing on relation 'associated_with'.'ondexId'
17:37:36.734 [INFO ]: Indexing on relation 'has_domain'.'ondexId'
17:37:36.739 [INFO ]: Indexing on relation 'equ'.'ondexId'
17:37:36.744 [INFO ]: Indexing on relation 'has_variation'.'ondexId'
17:37:36.749 [INFO ]: Indexing on relation 'pos_reg'.'ondexId'
17:37:36.753 [INFO ]: Indexing on relation 'has_phenotype'.'ondexId'
17:37:36.758 [INFO ]: Indexing on relation 'participates_in'.'ondexId'
17:37:36.763 [INFO ]: Indexing on relation 'regulates'.'ondexId'
17:37:36.768 [INFO ]: Indexing on relation 'testProp'.'ondexId'
17:37:36.773 [INFO ]: Indexing on relation 'h_s_s'.'ondexId'
17:37:36.778 [INFO ]: Indexing on relation 'has_function'.'ondexId'
17:37:36.782 [INFO ]: Indexing on relation 'cat_c'.'ondexId'
17:37:36.788 [INFO ]: Indexing on relation 'neg_reg'.'ondexId'
17:37:36.799 [INFO ]: Indexing on relation 'located_in'.'ondexId'
17:37:36.804 [INFO ]: Indexing on relation 'pub_in'.'ondexId'
17:37:36.808 [INFO ]: Indexing on relation 'enc'.'ondexId'
17:37:36.817 [INFO ]: Indexing on relation 'not_located_in'.'ondexId'
17:37:36.822 [INFO ]: Indexing on relation 'physical'.'ondexId'
17:37:36.826 [INFO ]: Indexing on relation 'is_a'.'ondexId'
17:37:36.831 [INFO ]: Indexing on relation 'not_function'.'ondexId'
17:37:36.835 [INFO ]: Indexing on relation 'occ_in'.'ondexId'
17:37:36.840 [INFO ]: Indexing on relation 'part_of'.'ondexId'
17:37:36.844 [INFO ]: Indexing on relation 'ca_by'.'ondexId'
17:37:36.849 [INFO ]: Indexing on relation 'is_part_of'.'ondexId'
17:37:36.860 [INFO ]: Indexing on relation 'participates_not'.'ondexId'
17:37:36.865 [INFO ]: Indexing on relation 'cs_by'.'ondexId'
17:37:36.870 [INFO ]: Indexing on relation 'ortho'.'ondexId'
17:37:36.875 [INFO ]: Indexing on relation 'pd_by'.'ondexId'
17:37:36.880 [INFO ]: Indexing on relation 'in_by'.'ondexId'
17:37:36.886 [INFO ]: Indexing on relation 'ac_by'.'ondexId'
17:37:36.891 [INFO ]: Indexing on node labels
17:37:36.933 [INFO ]: Indexing on relation types
17:37:36.937 [INFO ]: Indexing on node 'Publication'.'AUTHORS'
17:37:36.943 [INFO ]: Indexing on node 'Publication'.'Abstract'
17:37:36.948 [INFO ]: Indexing on node 'Publication'.'AbstractHeader'
17:37:36.953 [INFO ]: Indexing on node 'Publication'.'Chemical'
17:37:36.958 [INFO ]: Indexing on node 'Publication'.'MeSH'
17:37:36.963 [INFO ]: Indexing on node 'Publication'.'JOURNAL_REF'
17:37:36.968 [INFO ]: Indexing on node 'Gene'.'Description_2'
17:37:36.972 [INFO ]: Indexing on node 'Phenotype'.'growth_conditions'
17:37:36.977 [INFO ]: Indexing on node 'Protein'.'Pheno'
17:37:36.982 [INFO ]: Indexing on node 'Gene'.'Description_1'
17:37:36.987 [INFO ]: Indexing on node 'Gene'.'Description'
17:37:36.991 [INFO ]: Indexing on node 'Phenotype'.'Description'
17:37:36.996 [INFO ]: Indexing on node 'Phenotype'.'scoring'
17:37:37.001 [INFO ]: Indexing on node 'Protein'.'Pheno_1'
17:37:37.006 [INFO ]: Indexing on node 'Phenotype'.'study'
17:37:37.010 [INFO ]: [Indices] Cypher Indexing Ended
17:37:37.011 [INFO ]: [Indices] RDF-PG conversion finished
17:37:37.011 [INFO ]: The end

Java Finished, quitting the shell too.



  ondex2neo.sh finished
[Wed Feb  5 17:37:37 2025]
Finished job 0.
1 of 1 steps (100%) done
