Building DAG of jobs...
Using shell: /usr/bin/bash
Provided cores: 1 (use --cores to define parallelism)
Rules claiming more threads will be scaled down.
Job counts:
	count	jobs
	1	neo_export
	1

[Tue Feb  4 23:09:24 2025]
rule neo_export:
    input: /home/data/knetminer/pub/endpoints/ascomycota-premium/v60-RC3/tmp/tdb
    output: /home/data/knetminer/pub/endpoints/ascomycota-premium/v60-RC3/tmp/neo-export.flag
    jobid: 0


Clearing Neo4j at '/home/data/knetminer/software/neo4j-community-5.26.0-etl'

	Stopping Neo4j


No JOB ID file, possibly clean stuff like /home/data/knetminer/pub/endpoints/ascomycota-premium/v60-RC3/tmp/neo4j-slurm.*

Picked up JAVA_TOOL_OPTIONS: -Xmx310G
Picked up JAVA_TOOL_OPTIONS: -Xmx310G
Changed password for user 'neo4j'. IMPORTANT: this change will only take effect if performed before the database is started for the first time.

	Starting Neo4j on SLURM


Neo4j server job submitted to host rothhpc402, ID:360930


	Starting neo4j-export



  rdf2neo.sh

Picked up JAVA_TOOL_OPTIONS: -Xmx310G -Dneo4j.boltUrl='bolt://rothhpc402:7687' -Dneo4j.user='neo4j' -Dneo4j.password='testTest' -Dfile.encoding=UTF-8
23:10:01.150 [INFO ]: Getting maker configuration from Spring XML file 'file:///home/data/knetminer/software/ondex-mini/tools/neo4j-exporter/ondex_config/config.xml'
23:10:02.617 [INFO ]: Getting maker configuration from Spring Context
23:10:02.625 [INFO ]: Using MultiConfigNeo4jLoader PG maker
23:10:06.905 [INFO ]: [Concepts] RDF source has about 0 triple(s)
23:10:06.910 [INFO ]: Starting PG nodes making
23:11:37.395 [INFO ]: processNodeIris(): 100000 SPARQL tuples read from RDF
23:12:46.517 [INFO ]: processNodeIris(): 200000 SPARQL tuples read from RDF
23:13:48.183 [INFO ]: processNodeIris(): 300000 SPARQL tuples read from RDF
23:14:43.386 [INFO ]: processNodeIris(): 400000 SPARQL tuples read from RDF
23:15:22.467 [INFO ]: processNodeIris(): 500000 SPARQL tuples read from RDF
23:16:16.906 [INFO ]: processNodeIris(): 600000 SPARQL tuples read from RDF
23:16:26.025 [INFO ]: Waiting for the batch processor to finish
23:16:29.100 [INFO ]: 250/250 batch jobs completed
23:16:29.101 [INFO ]: Waiting for the batch processor to finish
23:16:29.101 [INFO ]: Batch processor finished
23:16:29.101 [INFO ]: PG nodes making ended
23:16:29.101 [INFO ]: [Concepts] RDF-PG conversion finished
23:16:29.127 [INFO ]: [Accessions] RDF source has about 0 triple(s)
23:16:29.127 [INFO ]: Starting PG nodes making
23:16:41.862 [INFO ]: processNodeIris(): 100000 SPARQL tuples read from RDF
23:16:53.565 [INFO ]: processNodeIris(): 200000 SPARQL tuples read from RDF
23:17:05.723 [INFO ]: processNodeIris(): 300000 SPARQL tuples read from RDF
23:17:17.389 [INFO ]: processNodeIris(): 400000 SPARQL tuples read from RDF
23:17:28.507 [INFO ]: processNodeIris(): 500000 SPARQL tuples read from RDF
23:17:41.396 [INFO ]: processNodeIris(): 600000 SPARQL tuples read from RDF
23:17:46.608 [INFO ]: Waiting for the batch processor to finish
23:17:47.060 [INFO ]: 258/258 batch jobs completed
23:17:47.061 [INFO ]: Waiting for the batch processor to finish
23:17:47.061 [INFO ]: Batch processor finished
23:17:47.061 [INFO ]: PG nodes making ended
23:17:47.061 [INFO ]: [Accessions] RDF-PG conversion finished
23:17:47.083 [INFO ]: [Metadata] RDF source has about 0 triple(s)
23:17:47.083 [INFO ]: Starting PG nodes making
23:17:47.090 [INFO ]: Waiting for the batch processor to finish
23:17:47.307 [INFO ]: 1/1 batch jobs completed
23:17:47.307 [INFO ]: Waiting for the batch processor to finish
23:17:47.307 [INFO ]: Batch processor finished
23:17:47.307 [INFO ]: PG nodes making ended
23:17:47.308 [INFO ]: [Metadata] RDF-PG conversion finished
23:17:47.325 [INFO ]: [Reified Relations] RDF source has about 0 triple(s)
23:17:47.325 [INFO ]: Starting PG nodes making
23:17:47.326 [INFO ]: Waiting for the batch processor to finish
23:17:47.326 [INFO ]: 1/1 batch jobs completed
23:17:47.327 [INFO ]: Waiting for the batch processor to finish
23:17:47.327 [INFO ]: Batch processor finished
23:17:47.327 [INFO ]: PG nodes making ended
23:17:47.327 [INFO ]: [Reified Relations] RDF-PG conversion finished
23:17:47.345 [INFO ]: [Indices] RDF source has about 0 triple(s)
23:17:47.345 [INFO ]: Starting PG nodes making
23:17:47.346 [INFO ]: Waiting for the batch processor to finish
23:17:47.346 [INFO ]: 1/1 batch jobs completed
23:17:47.349 [INFO ]: Waiting for the batch processor to finish
23:17:47.350 [INFO ]: Batch processor finished
23:17:47.350 [INFO ]: PG nodes making ended
23:17:47.350 [INFO ]: [Indices] RDF-PG conversion finished
23:17:47.372 [INFO ]: [Concepts] RDF source has about 0 triple(s)
23:17:47.372 [INFO ]: Starting PG relations making
23:17:56.826 [INFO ]: processRelationIris(): 100000 SPARQL tuples read from RDF
23:18:05.885 [INFO ]: processRelationIris(): 200000 SPARQL tuples read from RDF
23:18:13.851 [INFO ]: processRelationIris(): 300000 SPARQL tuples read from RDF
23:18:23.055 [INFO ]: processRelationIris(): 400000 SPARQL tuples read from RDF
23:18:30.524 [INFO ]: processRelationIris(): 500000 SPARQL tuples read from RDF
23:18:42.718 [INFO ]: processRelationIris(): 600000 SPARQL tuples read from RDF
23:18:50.066 [INFO ]: processRelationIris(): 700000 SPARQL tuples read from RDF
23:18:57.186 [INFO ]: processRelationIris(): 800000 SPARQL tuples read from RDF
23:19:03.147 [INFO ]: processRelationIris(): 900000 SPARQL tuples read from RDF
23:19:09.863 [INFO ]: processRelationIris(): 1000000 SPARQL tuples read from RDF
23:19:15.787 [INFO ]: processRelationIris(): 1100000 SPARQL tuples read from RDF
23:19:28.964 [INFO ]: processRelationIris(): 1200000 SPARQL tuples read from RDF
23:19:35.728 [INFO ]: processRelationIris(): 1300000 SPARQL tuples read from RDF
23:19:41.760 [INFO ]: processRelationIris(): 1400000 SPARQL tuples read from RDF
23:19:47.784 [INFO ]: processRelationIris(): 1500000 SPARQL tuples read from RDF
23:19:54.754 [INFO ]: processRelationIris(): 1600000 SPARQL tuples read from RDF
23:20:00.939 [INFO ]: processRelationIris(): 1700000 SPARQL tuples read from RDF
23:20:07.900 [INFO ]: processRelationIris(): 1800000 SPARQL tuples read from RDF
23:20:14.377 [INFO ]: processRelationIris(): 1900000 SPARQL tuples read from RDF
23:20:16.373 [INFO ]: Waiting for the batch processor to finish
23:20:16.465 [INFO ]: 763/763 batch jobs completed
23:20:16.466 [INFO ]: Waiting for the batch processor to finish
23:20:16.466 [INFO ]: Batch processor finished
23:20:16.466 [INFO ]: PG relations making ended
23:20:16.466 [INFO ]: [Concepts] RDF-PG conversion finished
23:20:16.489 [INFO ]: [Accessions] RDF source has about 0 triple(s)
23:20:16.489 [INFO ]: Starting PG relations making
23:20:22.136 [INFO ]: processRelationIris(): 100000 SPARQL tuples read from RDF
23:20:28.120 [INFO ]: processRelationIris(): 200000 SPARQL tuples read from RDF
23:20:34.253 [INFO ]: processRelationIris(): 300000 SPARQL tuples read from RDF
23:20:41.480 [INFO ]: processRelationIris(): 400000 SPARQL tuples read from RDF
23:20:47.818 [INFO ]: processRelationIris(): 500000 SPARQL tuples read from RDF
23:20:54.815 [INFO ]: processRelationIris(): 600000 SPARQL tuples read from RDF
23:20:57.622 [INFO ]: Waiting for the batch processor to finish
23:20:57.997 [INFO ]: 258/258 batch jobs completed
23:20:57.998 [INFO ]: Waiting for the batch processor to finish
23:20:57.998 [INFO ]: Batch processor finished
23:20:57.998 [INFO ]: PG relations making ended
23:20:57.998 [INFO ]: [Accessions] RDF-PG conversion finished
23:20:58.018 [INFO ]: [Metadata] RDF source has about 0 triple(s)
23:20:58.018 [INFO ]: Starting PG relations making
23:20:58.019 [INFO ]: Waiting for the batch processor to finish
23:20:58.019 [INFO ]: 1/1 batch jobs completed
23:20:58.019 [INFO ]: Waiting for the batch processor to finish
23:20:58.019 [INFO ]: Batch processor finished
23:20:58.019 [INFO ]: PG relations making ended
23:20:58.019 [INFO ]: [Metadata] RDF-PG conversion finished
23:20:58.037 [INFO ]: [Reified Relations] RDF source has about 0 triple(s)
23:20:58.037 [INFO ]: Starting PG relations making
23:21:41.121 [INFO ]: processRelationIris(): 100000 SPARQL tuples read from RDF
23:22:16.994 [INFO ]: processRelationIris(): 200000 SPARQL tuples read from RDF
23:22:58.416 [INFO ]: processRelationIris(): 300000 SPARQL tuples read from RDF
23:23:37.619 [INFO ]: processRelationIris(): 400000 SPARQL tuples read from RDF
23:24:15.436 [INFO ]: processRelationIris(): 500000 SPARQL tuples read from RDF
23:24:50.880 [INFO ]: processRelationIris(): 600000 SPARQL tuples read from RDF
23:25:26.132 [INFO ]: processRelationIris(): 700000 SPARQL tuples read from RDF
23:26:05.160 [INFO ]: processRelationIris(): 800000 SPARQL tuples read from RDF
23:26:42.933 [INFO ]: processRelationIris(): 900000 SPARQL tuples read from RDF
23:27:21.589 [INFO ]: processRelationIris(): 1000000 SPARQL tuples read from RDF
23:28:00.776 [INFO ]: processRelationIris(): 1100000 SPARQL tuples read from RDF
23:28:43.024 [INFO ]: processRelationIris(): 1200000 SPARQL tuples read from RDF
23:29:20.579 [INFO ]: processRelationIris(): 1300000 SPARQL tuples read from RDF
23:29:57.332 [INFO ]: processRelationIris(): 1400000 SPARQL tuples read from RDF
23:30:31.588 [INFO ]: processRelationIris(): 1500000 SPARQL tuples read from RDF
23:31:05.749 [INFO ]: processRelationIris(): 1600000 SPARQL tuples read from RDF
23:31:40.659 [INFO ]: processRelationIris(): 1700000 SPARQL tuples read from RDF
23:32:15.983 [INFO ]: processRelationIris(): 1800000 SPARQL tuples read from RDF
23:32:52.783 [INFO ]: processRelationIris(): 1900000 SPARQL tuples read from RDF
23:33:33.099 [INFO ]: processRelationIris(): 2000000 SPARQL tuples read from RDF
23:34:14.181 [INFO ]: processRelationIris(): 2100000 SPARQL tuples read from RDF
23:34:52.985 [INFO ]: processRelationIris(): 2200000 SPARQL tuples read from RDF
23:35:29.060 [INFO ]: Waiting for the batch processor to finish
23:35:31.242 [INFO ]: 920/920 batch jobs completed
23:35:31.243 [INFO ]: Waiting for the batch processor to finish
23:35:31.243 [INFO ]: Batch processor finished
23:35:31.243 [INFO ]: PG relations making ended
23:35:31.243 [INFO ]: [Reified Relations] RDF-PG conversion finished
23:35:31.263 [INFO ]: [Indices] RDF source has about 0 triple(s)
23:35:31.263 [INFO ]: Starting PG relations making
23:35:31.263 [INFO ]: Waiting for the batch processor to finish
23:35:31.264 [INFO ]: 1/1 batch jobs completed
23:35:31.264 [INFO ]: Waiting for the batch processor to finish
23:35:31.264 [INFO ]: Batch processor finished
23:35:31.264 [INFO ]: PG relations making ended
23:35:31.264 [INFO ]: [Indices] RDF-PG conversion finished
23:35:31.293 [INFO ]: [Concepts] RDF source has about 0 triple(s)
23:35:31.293 [WARN ]: [Concepts] No Cypher index definitions found, no Cypher index will be created
23:35:31.293 [INFO ]: [Concepts] RDF-PG conversion finished
23:35:31.307 [INFO ]: [Accessions] RDF source has about 0 triple(s)
23:35:31.307 [WARN ]: [Accessions] No Cypher index definitions found, no Cypher index will be created
23:35:31.307 [INFO ]: [Accessions] RDF-PG conversion finished
23:35:31.321 [INFO ]: [Metadata] RDF source has about 0 triple(s)
23:35:31.321 [WARN ]: [Metadata] No Cypher index definitions found, no Cypher index will be created
23:35:31.321 [INFO ]: [Metadata] RDF-PG conversion finished
23:35:31.335 [INFO ]: [Reified Relations] RDF source has about 0 triple(s)
23:35:31.335 [WARN ]: [Reified Relations] No Cypher index definitions found, no Cypher index will be created
23:35:31.335 [INFO ]: [Reified Relations] RDF-PG conversion finished
23:35:31.352 [INFO ]: [Indices] RDF source has about 0 triple(s)
23:35:31.353 [INFO ]: [Indices] Loading Index definitions
23:36:36.186 [INFO ]: [Indices] Index definitions loaded, returning 24 row(s)
23:36:36.188 [INFO ]: [Indices] Starting Cypher Indexing
23:36:36.352 [INFO ]: Indexing on node 'Concept'.'identifier'
23:36:36.362 [INFO ]: Indexing on node 'Publication'.'identifier'
23:36:36.368 [INFO ]: Indexing on node 'Resource'.'identifier'
23:36:36.374 [INFO ]: Indexing on node 'Gene'.'identifier'
23:36:36.379 [INFO ]: Indexing on node 'ProtDomain'.'identifier'
23:36:36.384 [INFO ]: Indexing on node 'CelComp'.'identifier'
23:36:36.390 [INFO ]: Indexing on node 'BioProc'.'identifier'
23:36:36.396 [INFO ]: Indexing on node 'MolFunc'.'identifier'
23:36:36.402 [INFO ]: Indexing on node 'EC'.'identifier'
23:36:36.407 [INFO ]: Indexing on node 'Protein'.'identifier'
23:36:36.420 [INFO ]: Indexing on node 'SpeciesSet'.'identifier'
23:36:36.427 [INFO ]: Indexing on node 'Phenotype'.'identifier'
23:36:36.433 [INFO ]: Indexing on node 'Species'.'identifier'
23:36:36.439 [INFO ]: Indexing on node 'Trait'.'identifier'
23:36:36.444 [INFO ]: Indexing on node 'Accession'.'identifier'
23:36:36.450 [INFO ]: Indexing on node 'DataSource'.'identifier'
23:36:36.456 [INFO ]: Indexing on node 'EvidenceType'.'identifier'
23:36:36.461 [INFO ]: Indexing on node 'Concept'.'prefName'
23:36:36.467 [INFO ]: Indexing on node 'Publication'.'prefName'
23:36:36.473 [INFO ]: Indexing on node 'Resource'.'prefName'
23:36:36.479 [INFO ]: Indexing on node 'Gene'.'prefName'
23:36:36.484 [INFO ]: Indexing on node 'ProtDomain'.'prefName'
23:36:36.490 [INFO ]: Indexing on node 'CelComp'.'prefName'
23:36:36.496 [INFO ]: Indexing on node 'BioProc'.'prefName'
23:36:36.502 [INFO ]: Indexing on node 'MolFunc'.'prefName'
23:36:36.508 [INFO ]: Indexing on node 'EC'.'prefName'
23:36:36.513 [INFO ]: Indexing on node 'Protein'.'prefName'
23:36:36.520 [INFO ]: Indexing on node 'SpeciesSet'.'prefName'
23:36:36.526 [INFO ]: Indexing on node 'Phenotype'.'prefName'
23:36:36.532 [INFO ]: Indexing on node 'Species'.'prefName'
23:36:36.537 [INFO ]: Indexing on node 'Trait'.'prefName'
23:36:36.543 [INFO ]: Indexing on node 'Accession'.'prefName'
23:36:36.549 [INFO ]: Indexing on node 'DataSource'.'prefName'
23:36:36.556 [INFO ]: Indexing on node 'EvidenceType'.'prefName'
23:36:36.563 [INFO ]: Indexing on node 'Concept'.'altName'
23:36:36.569 [INFO ]: Indexing on node 'Publication'.'altName'
23:36:36.574 [INFO ]: Indexing on node 'Resource'.'altName'
23:36:36.580 [INFO ]: Indexing on node 'Gene'.'altName'
23:36:36.586 [INFO ]: Indexing on node 'ProtDomain'.'altName'
23:36:36.596 [INFO ]: Indexing on node 'CelComp'.'altName'
23:36:36.602 [INFO ]: Indexing on node 'BioProc'.'altName'
23:36:36.609 [INFO ]: Indexing on node 'MolFunc'.'altName'
23:36:36.614 [INFO ]: Indexing on node 'EC'.'altName'
23:36:36.619 [INFO ]: Indexing on node 'Protein'.'altName'
23:36:36.625 [INFO ]: Indexing on node 'SpeciesSet'.'altName'
23:36:36.630 [INFO ]: Indexing on node 'Phenotype'.'altName'
23:36:36.635 [INFO ]: Indexing on node 'Species'.'altName'
23:36:36.640 [INFO ]: Indexing on node 'Trait'.'altName'
23:36:36.645 [INFO ]: Indexing on node 'Accession'.'altName'
23:36:36.650 [INFO ]: Indexing on node 'DataSource'.'altName'
23:36:36.656 [INFO ]: Indexing on node 'EvidenceType'.'altName'
23:36:36.661 [INFO ]: Indexing on node 'Concept'.'label'
23:36:36.666 [INFO ]: Indexing on node 'Publication'.'label'
23:36:36.671 [INFO ]: Indexing on node 'Resource'.'label'
23:36:36.676 [INFO ]: Indexing on node 'Gene'.'label'
23:36:36.681 [INFO ]: Indexing on node 'ProtDomain'.'label'
23:36:36.686 [INFO ]: Indexing on node 'CelComp'.'label'
23:36:36.691 [INFO ]: Indexing on node 'BioProc'.'label'
23:36:36.696 [INFO ]: Indexing on node 'MolFunc'.'label'
23:36:36.701 [INFO ]: Indexing on node 'EC'.'label'
23:36:36.706 [INFO ]: Indexing on node 'Protein'.'label'
23:36:36.711 [INFO ]: Indexing on node 'SpeciesSet'.'label'
23:36:36.716 [INFO ]: Indexing on node 'Phenotype'.'label'
23:36:36.722 [INFO ]: Indexing on node 'Species'.'label'
23:36:36.727 [INFO ]: Indexing on node 'Trait'.'label'
23:36:36.731 [INFO ]: Indexing on node 'Accession'.'label'
23:36:36.736 [INFO ]: Indexing on node 'DataSource'.'label'
23:36:36.741 [INFO ]: Indexing on node 'EvidenceType'.'label'
23:36:36.769 [INFO ]: Indexing on relation 'identifier'.'label'
23:36:36.776 [INFO ]: Indexing on relation 'dataSource'.'label'
23:36:36.782 [INFO ]: Indexing on relation 'evidence'.'label'
23:36:36.788 [INFO ]: Indexing on relation 'xref'.'label'
23:36:36.794 [INFO ]: Indexing on relation 'has_domain'.'label'
23:36:36.800 [INFO ]: Indexing on relation 'ortho'.'label'
23:36:36.806 [INFO ]: Indexing on relation 'has_phenotype'.'label'
23:36:36.811 [INFO ]: Indexing on relation 'cooc_wi'.'label'
23:36:36.817 [INFO ]: Indexing on relation 'participates_in'.'label'
23:36:36.822 [INFO ]: Indexing on relation 'testProp'.'label'
23:36:36.828 [INFO ]: Indexing on relation 'h_s_s'.'label'
23:36:36.840 [INFO ]: Indexing on relation 'has_function'.'label'
23:36:36.847 [INFO ]: Indexing on relation 'cat_c'.'label'
23:36:36.854 [INFO ]: Indexing on relation 'located_in'.'label'
23:36:36.860 [INFO ]: Indexing on relation 'pub_in'.'label'
23:36:36.866 [INFO ]: Indexing on relation 'enc'.'label'
23:36:36.873 [INFO ]: Indexing on relation 'is_a'.'label'
23:36:36.878 [INFO ]: Indexing on relation 'occ_in'.'label'
23:36:36.884 [INFO ]: Indexing on relation 'part_of'.'label'
23:36:36.890 [INFO ]: Indexing on relation 'genetic'.'label'
23:36:36.895 [INFO ]: Indexing on relation 'pos_reg'.'label'
23:36:36.901 [INFO ]: Indexing on relation 'neg_reg'.'label'
23:36:36.906 [INFO ]: Indexing on relation 'regulates'.'label'
23:36:36.912 [INFO ]: Indexing on relation 'physical'.'label'
23:36:36.918 [INFO ]: Indexing on relation 'identifier'.'evidence'
23:36:36.923 [INFO ]: Indexing on relation 'dataSource'.'evidence'
23:36:36.938 [INFO ]: Indexing on relation 'evidence'.'evidence'
23:36:36.943 [INFO ]: Indexing on relation 'xref'.'evidence'
23:36:36.949 [INFO ]: Indexing on relation 'has_domain'.'evidence'
23:36:36.955 [INFO ]: Indexing on relation 'ortho'.'evidence'
23:36:36.962 [INFO ]: Indexing on relation 'has_phenotype'.'evidence'
23:36:36.968 [INFO ]: Indexing on relation 'cooc_wi'.'evidence'
23:36:36.974 [INFO ]: Indexing on relation 'participates_in'.'evidence'
23:36:36.979 [INFO ]: Indexing on relation 'testProp'.'evidence'
23:36:36.984 [INFO ]: Indexing on relation 'h_s_s'.'evidence'
23:36:36.990 [INFO ]: Indexing on relation 'has_function'.'evidence'
23:36:36.995 [INFO ]: Indexing on relation 'cat_c'.'evidence'
23:36:37.000 [INFO ]: Indexing on relation 'located_in'.'evidence'
23:36:37.006 [INFO ]: Indexing on relation 'pub_in'.'evidence'
23:36:37.011 [INFO ]: Indexing on relation 'enc'.'evidence'
23:36:37.017 [INFO ]: Indexing on relation 'is_a'.'evidence'
23:36:37.023 [INFO ]: Indexing on relation 'occ_in'.'evidence'
23:36:37.029 [INFO ]: Indexing on relation 'part_of'.'evidence'
23:36:37.035 [INFO ]: Indexing on relation 'genetic'.'evidence'
23:36:37.041 [INFO ]: Indexing on relation 'pos_reg'.'evidence'
23:36:37.047 [INFO ]: Indexing on relation 'neg_reg'.'evidence'
23:36:37.053 [INFO ]: Indexing on relation 'regulates'.'evidence'
23:36:37.059 [INFO ]: Indexing on relation 'physical'.'evidence'
23:36:37.065 [INFO ]: Indexing on node 'Concept'.'ondexId'
23:36:37.071 [INFO ]: Indexing on node 'Publication'.'ondexId'
23:36:37.076 [INFO ]: Indexing on node 'Resource'.'ondexId'
23:36:37.082 [INFO ]: Indexing on node 'Gene'.'ondexId'
23:36:37.087 [INFO ]: Indexing on node 'ProtDomain'.'ondexId'
23:36:37.093 [INFO ]: Indexing on node 'CelComp'.'ondexId'
23:36:37.098 [INFO ]: Indexing on node 'BioProc'.'ondexId'
23:36:37.104 [INFO ]: Indexing on node 'MolFunc'.'ondexId'
23:36:37.109 [INFO ]: Indexing on node 'EC'.'ondexId'
23:36:37.115 [INFO ]: Indexing on node 'Protein'.'ondexId'
23:36:37.120 [INFO ]: Indexing on node 'SpeciesSet'.'ondexId'
23:36:37.132 [INFO ]: Indexing on node 'Phenotype'.'ondexId'
23:36:37.138 [INFO ]: Indexing on node 'Species'.'ondexId'
23:36:37.144 [INFO ]: Indexing on node 'Trait'.'ondexId'
23:36:37.150 [INFO ]: Indexing on node 'Accession'.'ondexId'
23:36:37.156 [INFO ]: Indexing on node 'DataSource'.'ondexId'
23:36:37.162 [INFO ]: Indexing on node 'EvidenceType'.'ondexId'
23:36:37.168 [INFO ]: Indexing on relation 'identifier'.'ondexId'
23:36:37.174 [INFO ]: Indexing on relation 'dataSource'.'ondexId'
23:36:37.180 [INFO ]: Indexing on relation 'evidence'.'ondexId'
23:36:37.186 [INFO ]: Indexing on relation 'xref'.'ondexId'
23:36:37.191 [INFO ]: Indexing on relation 'has_domain'.'ondexId'
23:36:37.197 [INFO ]: Indexing on relation 'ortho'.'ondexId'
23:36:37.207 [INFO ]: Indexing on relation 'has_phenotype'.'ondexId'
23:36:37.213 [INFO ]: Indexing on relation 'cooc_wi'.'ondexId'
23:36:37.219 [INFO ]: Indexing on relation 'participates_in'.'ondexId'
23:36:37.225 [INFO ]: Indexing on relation 'testProp'.'ondexId'
23:36:37.230 [INFO ]: Indexing on relation 'h_s_s'.'ondexId'
23:36:37.245 [INFO ]: Indexing on relation 'has_function'.'ondexId'
23:36:37.250 [INFO ]: Indexing on relation 'cat_c'.'ondexId'
23:36:37.256 [INFO ]: Indexing on relation 'located_in'.'ondexId'
23:36:37.262 [INFO ]: Indexing on relation 'pub_in'.'ondexId'
23:36:37.267 [INFO ]: Indexing on relation 'enc'.'ondexId'
23:36:37.273 [INFO ]: Indexing on relation 'is_a'.'ondexId'
23:36:37.279 [INFO ]: Indexing on relation 'occ_in'.'ondexId'
23:36:37.285 [INFO ]: Indexing on relation 'part_of'.'ondexId'
23:36:37.291 [INFO ]: Indexing on relation 'genetic'.'ondexId'
23:36:37.296 [INFO ]: Indexing on relation 'pos_reg'.'ondexId'
23:36:37.301 [INFO ]: Indexing on relation 'neg_reg'.'ondexId'
23:36:37.307 [INFO ]: Indexing on relation 'regulates'.'ondexId'
23:36:37.315 [INFO ]: Indexing on relation 'physical'.'ondexId'
23:36:37.320 [INFO ]: Indexing on node labels
23:36:37.401 [INFO ]: Indexing on relation types
23:36:37.408 [INFO ]: Indexing on node 'Publication'.'Abstract'
23:36:37.415 [INFO ]: Indexing on node 'Publication'.'AbstractHeader'
23:36:37.422 [INFO ]: Indexing on node 'Phenotype'.'Phenotype'
23:36:37.431 [INFO ]: Indexing on node 'Relation'.'Chemical'
23:36:37.447 [INFO ]: Indexing on node 'Publication'.'Chemical'
23:36:37.453 [INFO ]: Indexing on relation 'has_phenotype'.'Chemical'
23:36:37.459 [INFO ]: Indexing on node 'Publication'.'MeSH'
23:36:37.466 [INFO ]: Indexing on node 'Publication'.'AbstractHeader_2'
23:36:37.472 [INFO ]: Indexing on node 'Publication'.'Abstract_2'
23:36:37.478 [INFO ]: Indexing on node 'Publication'.'AbstractHeader_1'
23:36:37.485 [INFO ]: Indexing on node 'Publication'.'MeSH_1'
23:36:37.491 [INFO ]: Indexing on node 'Publication'.'Abstract_1'
23:36:37.497 [INFO ]: Indexing on node 'Protein'.'Pheno'
23:36:37.505 [INFO ]: Indexing on node 'Publication'.'Chemical_1'
23:36:37.512 [INFO ]: [Indices] Cypher Indexing Ended
23:36:37.512 [INFO ]: [Indices] RDF-PG conversion finished
23:36:37.512 [INFO ]: The end

Java Finished, quitting the shell too.



  ondex2neo.sh finished
[Tue Feb  4 23:36:38 2025]
Finished job 0.
1 of 1 steps (100%) done
